CRITICAL - 2023-02-06 04:16:52 --> The framework needs the following extension(s) installed and loaded: intl.
in SYSTEMPATH\CodeIgniter.php on line 226.
 1 SYSTEMPATH\CodeIgniter.php(226): CodeIgniter\Exceptions\FrameworkException::forMissingExtension('intl')
 2 SYSTEMPATH\CodeIgniter.php(190): CodeIgniter\CodeIgniter->resolvePlatformExtensions()
 3 FCPATH\index.php(55): CodeIgniter\CodeIgniter->initialize()
CRITICAL - 2023-02-06 04:16:53 --> The framework needs the following extension(s) installed and loaded: intl.
in SYSTEMPATH\CodeIgniter.php on line 226.
 1 SYSTEMPATH\CodeIgniter.php(226): CodeIgniter\Exceptions\FrameworkException::forMissingExtension('intl')
 2 SYSTEMPATH\CodeIgniter.php(190): CodeIgniter\CodeIgniter->resolvePlatformExtensions()
 3 FCPATH\index.php(55): CodeIgniter\CodeIgniter->initialize()
CRITICAL - 2023-02-06 04:16:54 --> The framework needs the following extension(s) installed and loaded: intl.
in SYSTEMPATH\CodeIgniter.php on line 226.
 1 SYSTEMPATH\CodeIgniter.php(226): CodeIgniter\Exceptions\FrameworkException::forMissingExtension('intl')
 2 SYSTEMPATH\CodeIgniter.php(190): CodeIgniter\CodeIgniter->resolvePlatformExtensions()
 3 FCPATH\index.php(55): CodeIgniter\CodeIgniter->initialize()
CRITICAL - 2023-02-06 04:16:55 --> The framework needs the following extension(s) installed and loaded: intl.
in SYSTEMPATH\CodeIgniter.php on line 226.
 1 SYSTEMPATH\CodeIgniter.php(226): CodeIgniter\Exceptions\FrameworkException::forMissingExtension('intl')
 2 SYSTEMPATH\CodeIgniter.php(190): CodeIgniter\CodeIgniter->resolvePlatformExtensions()
 3 FCPATH\index.php(55): CodeIgniter\CodeIgniter->initialize()
CRITICAL - 2023-02-06 04:16:56 --> The framework needs the following extension(s) installed and loaded: intl.
in SYSTEMPATH\CodeIgniter.php on line 226.
 1 SYSTEMPATH\CodeIgniter.php(226): CodeIgniter\Exceptions\FrameworkException::forMissingExtension('intl')
 2 SYSTEMPATH\CodeIgniter.php(190): CodeIgniter\CodeIgniter->resolvePlatformExtensions()
 3 FCPATH\index.php(55): CodeIgniter\CodeIgniter->initialize()
CRITICAL - 2023-02-06 04:17:21 --> The framework needs the following extension(s) installed and loaded: intl.
in SYSTEMPATH\CodeIgniter.php on line 226.
 1 SYSTEMPATH\CodeIgniter.php(226): CodeIgniter\Exceptions\FrameworkException::forMissingExtension('intl')
 2 SYSTEMPATH\CodeIgniter.php(190): CodeIgniter\CodeIgniter->resolvePlatformExtensions()
 3 FCPATH\index.php(55): CodeIgniter\CodeIgniter->initialize()
CRITICAL - 2023-02-06 04:17:24 --> The framework needs the following extension(s) installed and loaded: intl.
in SYSTEMPATH\CodeIgniter.php on line 226.
 1 SYSTEMPATH\CodeIgniter.php(226): CodeIgniter\Exceptions\FrameworkException::forMissingExtension('intl')
 2 SYSTEMPATH\CodeIgniter.php(190): CodeIgniter\CodeIgniter->resolvePlatformExtensions()
 3 FCPATH\index.php(55): CodeIgniter\CodeIgniter->initialize()
CRITICAL - 2023-02-06 04:17:25 --> The framework needs the following extension(s) installed and loaded: intl.
in SYSTEMPATH\CodeIgniter.php on line 226.
 1 SYSTEMPATH\CodeIgniter.php(226): CodeIgniter\Exceptions\FrameworkException::forMissingExtension('intl')
 2 SYSTEMPATH\CodeIgniter.php(190): CodeIgniter\CodeIgniter->resolvePlatformExtensions()
 3 FCPATH\index.php(55): CodeIgniter\CodeIgniter->initialize()
CRITICAL - 2023-02-06 04:00:28 --> Undefined variable $title
in APPPATH\Views\template\header.php on line 7.
 1 APPPATH\Views\template\header.php(7): CodeIgniter\Debug\Exceptions->errorHandler(2, 'Undefined variable $title', 'APPPATH\\Views\\template\\header.php', 7)
 2 SYSTEMPATH\View\View.php(213): include('APPPATH\\Views\\template\\header.php')
 3 SYSTEMPATH\View\View.php(216): CodeIgniter\View\View->CodeIgniter\View\{closure}()
 4 SYSTEMPATH\Common.php(1177): CodeIgniter\View\View->render('template/header', [], true)
 5 APPPATH\Controllers\Student.php(10): view('template/header')
 6 SYSTEMPATH\CodeIgniter.php(934): App\Controllers\Student->index()
 7 SYSTEMPATH\CodeIgniter.php(499): CodeIgniter\CodeIgniter->runController(Object(App\Controllers\Student))
 8 SYSTEMPATH\CodeIgniter.php(368): CodeIgniter\CodeIgniter->handleRequest(null, Object(Config\Cache), false)
 9 FCPATH\index.php(67): CodeIgniter\CodeIgniter->run()
CRITICAL - 2023-02-06 04:14:18 --> Undefined variable $settingsData
in APPPATH\Views\template\header.php on line 20.
 1 APPPATH\Views\template\header.php(20): CodeIgniter\Debug\Exceptions->errorHandler(2, 'Undefined variable $settingsData', 'APPPATH\\Views\\template\\header.php', 20)
 2 SYSTEMPATH\View\View.php(213): include('APPPATH\\Views\\template\\header.php')
 3 SYSTEMPATH\View\View.php(216): CodeIgniter\View\View->CodeIgniter\View\{closure}()
 4 SYSTEMPATH\Common.php(1177): CodeIgniter\View\View->render('template/header', [], true)
 5 APPPATH\Controllers\Student.php(10): view('template/header', [...])
 6 SYSTEMPATH\CodeIgniter.php(934): App\Controllers\Student->index()
 7 SYSTEMPATH\CodeIgniter.php(499): CodeIgniter\CodeIgniter->runController(Object(App\Controllers\Student))
 8 SYSTEMPATH\CodeIgniter.php(368): CodeIgniter\CodeIgniter->handleRequest(null, Object(Config\Cache), false)
 9 FCPATH\index.php(67): CodeIgniter\CodeIgniter->run()
CRITICAL - 2023-02-06 04:14:20 --> Undefined variable $settingsData
in APPPATH\Views\template\header.php on line 20.
 1 APPPATH\Views\template\header.php(20): CodeIgniter\Debug\Exceptions->errorHandler(2, 'Undefined variable $settingsData', 'APPPATH\\Views\\template\\header.php', 20)
 2 SYSTEMPATH\View\View.php(213): include('APPPATH\\Views\\template\\header.php')
 3 SYSTEMPATH\View\View.php(216): CodeIgniter\View\View->CodeIgniter\View\{closure}()
 4 SYSTEMPATH\Common.php(1177): CodeIgniter\View\View->render('template/header', [], true)
 5 APPPATH\Controllers\Student.php(10): view('template/header', [...])
 6 SYSTEMPATH\CodeIgniter.php(934): App\Controllers\Student->index()
 7 SYSTEMPATH\CodeIgniter.php(499): CodeIgniter\CodeIgniter->runController(Object(App\Controllers\Student))
 8 SYSTEMPATH\CodeIgniter.php(368): CodeIgniter\CodeIgniter->handleRequest(null, Object(Config\Cache), false)
 9 FCPATH\index.php(67): CodeIgniter\CodeIgniter->run()
CRITICAL - 2023-02-06 04:14:41 --> Undefined variable $settingsData
in APPPATH\Views\template\header.php on line 20.
 1 APPPATH\Views\template\header.php(20): CodeIgniter\Debug\Exceptions->errorHandler(2, 'Undefined variable $settingsData', 'APPPATH\\Views\\template\\header.php', 20)
 2 SYSTEMPATH\View\View.php(213): include('APPPATH\\Views\\template\\header.php')
 3 SYSTEMPATH\View\View.php(216): CodeIgniter\View\View->CodeIgniter\View\{closure}()
 4 SYSTEMPATH\Common.php(1177): CodeIgniter\View\View->render('template/header', [], true)
 5 APPPATH\Controllers\Student.php(10): view('template/header', [...])
 6 SYSTEMPATH\CodeIgniter.php(934): App\Controllers\Student->index()
 7 SYSTEMPATH\CodeIgniter.php(499): CodeIgniter\CodeIgniter->runController(Object(App\Controllers\Student))
 8 SYSTEMPATH\CodeIgniter.php(368): CodeIgniter\CodeIgniter->handleRequest(null, Object(Config\Cache), false)
 9 FCPATH\index.php(67): CodeIgniter\CodeIgniter->run()
CRITICAL - 2023-02-06 04:44:08 --> Undefined variable $data
in APPPATH\Views\template\header.php on line 9.
 1 APPPATH\Views\template\header.php(9): CodeIgniter\Debug\Exceptions->errorHandler(2, 'Undefined variable $data', 'APPPATH\\Views\\template\\header.php', 9)
 2 SYSTEMPATH\View\View.php(213): include('APPPATH\\Views\\template\\header.php')
 3 SYSTEMPATH\View\View.php(216): CodeIgniter\View\View->CodeIgniter\View\{closure}()
 4 SYSTEMPATH\Common.php(1177): CodeIgniter\View\View->render('template/header', [], true)
 5 APPPATH\Controllers\Student.php(10): view('template/header', [...])
 6 SYSTEMPATH\CodeIgniter.php(934): App\Controllers\Student->index()
 7 SYSTEMPATH\CodeIgniter.php(499): CodeIgniter\CodeIgniter->runController(Object(App\Controllers\Student))
 8 SYSTEMPATH\CodeIgniter.php(368): CodeIgniter\CodeIgniter->handleRequest(null, Object(Config\Cache), false)
 9 FCPATH\index.php(67): CodeIgniter\CodeIgniter->run()
ERROR - 2023-02-06 05:21:19 --> Error connecting to the database: mysqli_sql_exception: Unknown database 'student' in C:\xampp\htdocs\itec222\system\Database\MySQLi\Connection.php:174
Stack trace:
#0 C:\xampp\htdocs\itec222\system\Database\MySQLi\Connection.php(174): mysqli->real_connect('localhost', 'root', '', 'student', 3306, '', 0)
#1 C:\xampp\htdocs\itec222\system\Database\BaseConnection.php(391): CodeIgniter\Database\MySQLi\Connection->connect(false)
#2 C:\xampp\htdocs\itec222\system\Database\BaseConnection.php(573): CodeIgniter\Database\BaseConnection->initialize()
#3 C:\xampp\htdocs\itec222\system\Database\BaseBuilder.php(1602): CodeIgniter\Database\BaseConnection->query('SELECT *\nFROM `...', Array, false)
#4 C:\xampp\htdocs\itec222\app\Models\Student_model.php(11): CodeIgniter\Database\BaseBuilder->get()
#5 C:\xampp\htdocs\itec222\app\Controllers\Student.php(15): App\Models\Student_model->getStudentInfo()
#6 C:\xampp\htdocs\itec222\system\CodeIgniter.php(934): App\Controllers\Student->index()
#7 C:\xampp\htdocs\itec222\system\CodeIgniter.php(499): CodeIgniter\CodeIgniter->runController(Object(App\Controllers\Student))
#8 C:\xampp\htdocs\itec222\system\CodeIgniter.php(368): CodeIgniter\CodeIgniter->handleRequest(NULL, Object(Config\Cache), false)
#9 C:\xampp\htdocs\itec222\index.php(67): CodeIgniter\CodeIgniter->run()
#10 {main}

Next CodeIgniter\Database\Exceptions\DatabaseException: Unknown database 'student' in C:\xampp\htdocs\itec222\system\Database\MySQLi\Connection.php:218
Stack trace:
#0 C:\xampp\htdocs\itec222\system\Database\BaseConnection.php(391): CodeIgniter\Database\MySQLi\Connection->connect(false)
#1 C:\xampp\htdocs\itec222\system\Database\BaseConnection.php(573): CodeIgniter\Database\BaseConnection->initialize()
#2 C:\xampp\htdocs\itec222\system\Database\BaseBuilder.php(1602): CodeIgniter\Database\BaseConnection->query('SELECT *\nFROM `...', Array, false)
#3 C:\xampp\htdocs\itec222\app\Models\Student_model.php(11): CodeIgniter\Database\BaseBuilder->get()
#4 C:\xampp\htdocs\itec222\app\Controllers\Student.php(15): App\Models\Student_model->getStudentInfo()
#5 C:\xampp\htdocs\itec222\system\CodeIgniter.php(934): App\Controllers\Student->index()
#6 C:\xampp\htdocs\itec222\system\CodeIgniter.php(499): CodeIgniter\CodeIgniter->runController(Object(App\Controllers\Student))
#7 C:\xampp\htdocs\itec222\system\CodeIgniter.php(368): CodeIgniter\CodeIgniter->handleRequest(NULL, Object(Config\Cache), false)
#8 C:\xampp\htdocs\itec222\index.php(67): CodeIgniter\CodeIgniter->run()
#9 {main}
CRITICAL - 2023-02-06 05:21:19 --> Unable to connect to the database.
Main connection [MySQLi]: Unknown database 'student'
in SYSTEMPATH\Database\BaseConnection.php on line 427.
 1 SYSTEMPATH\Database\BaseConnection.php(573): CodeIgniter\Database\BaseConnection->initialize()
 2 SYSTEMPATH\Database\BaseBuilder.php(1602): CodeIgniter\Database\BaseConnection->query('SELECT *
FROM `student`', [], false)
 3 APPPATH\Models\Student_model.php(11): CodeIgniter\Database\BaseBuilder->get()
 4 APPPATH\Controllers\Student.php(15): App\Models\Student_model->getStudentInfo()
 5 SYSTEMPATH\CodeIgniter.php(934): App\Controllers\Student->index()
 6 SYSTEMPATH\CodeIgniter.php(499): CodeIgniter\CodeIgniter->runController(Object(App\Controllers\Student))
 7 SYSTEMPATH\CodeIgniter.php(368): CodeIgniter\CodeIgniter->handleRequest(null, Object(Config\Cache), false)
 8 FCPATH\index.php(67): CodeIgniter\CodeIgniter->run()
ERROR - 2023-02-06 05:27:58 --> Error connecting to the database: mysqli_sql_exception: Unknown database 'student' in C:\xampp\htdocs\itec222\system\Database\MySQLi\Connection.php:174
Stack trace:
#0 C:\xampp\htdocs\itec222\system\Database\MySQLi\Connection.php(174): mysqli->real_connect('localhost', 'root', '', 'student', 3306, '', 0)
#1 C:\xampp\htdocs\itec222\system\Database\BaseConnection.php(391): CodeIgniter\Database\MySQLi\Connection->connect(false)
#2 C:\xampp\htdocs\itec222\system\Database\BaseConnection.php(573): CodeIgniter\Database\BaseConnection->initialize()
#3 C:\xampp\htdocs\itec222\system\Database\BaseBuilder.php(1602): CodeIgniter\Database\BaseConnection->query('SELECT *\nFROM `...', Array, false)
#4 C:\xampp\htdocs\itec222\app\Models\Student_model.php(11): CodeIgniter\Database\BaseBuilder->get()
#5 C:\xampp\htdocs\itec222\app\Controllers\Student.php(15): App\Models\Student_model->getStudentInfo()
#6 C:\xampp\htdocs\itec222\system\CodeIgniter.php(934): App\Controllers\Student->index()
#7 C:\xampp\htdocs\itec222\system\CodeIgniter.php(499): CodeIgniter\CodeIgniter->runController(Object(App\Controllers\Student))
#8 C:\xampp\htdocs\itec222\system\CodeIgniter.php(368): CodeIgniter\CodeIgniter->handleRequest(NULL, Object(Config\Cache), false)
#9 C:\xampp\htdocs\itec222\index.php(67): CodeIgniter\CodeIgniter->run()
#10 {main}

Next CodeIgniter\Database\Exceptions\DatabaseException: Unknown database 'student' in C:\xampp\htdocs\itec222\system\Database\MySQLi\Connection.php:218
Stack trace:
#0 C:\xampp\htdocs\itec222\system\Database\BaseConnection.php(391): CodeIgniter\Database\MySQLi\Connection->connect(false)
#1 C:\xampp\htdocs\itec222\system\Database\BaseConnection.php(573): CodeIgniter\Database\BaseConnection->initialize()
#2 C:\xampp\htdocs\itec222\system\Database\BaseBuilder.php(1602): CodeIgniter\Database\BaseConnection->query('SELECT *\nFROM `...', Array, false)
#3 C:\xampp\htdocs\itec222\app\Models\Student_model.php(11): CodeIgniter\Database\BaseBuilder->get()
#4 C:\xampp\htdocs\itec222\app\Controllers\Student.php(15): App\Models\Student_model->getStudentInfo()
#5 C:\xampp\htdocs\itec222\system\CodeIgniter.php(934): App\Controllers\Student->index()
#6 C:\xampp\htdocs\itec222\system\CodeIgniter.php(499): CodeIgniter\CodeIgniter->runController(Object(App\Controllers\Student))
#7 C:\xampp\htdocs\itec222\system\CodeIgniter.php(368): CodeIgniter\CodeIgniter->handleRequest(NULL, Object(Config\Cache), false)
#8 C:\xampp\htdocs\itec222\index.php(67): CodeIgniter\CodeIgniter->run()
#9 {main}
CRITICAL - 2023-02-06 05:27:58 --> Unable to connect to the database.
Main connection [MySQLi]: Unknown database 'student'
in SYSTEMPATH\Database\BaseConnection.php on line 427.
 1 SYSTEMPATH\Database\BaseConnection.php(573): CodeIgniter\Database\BaseConnection->initialize()
 2 SYSTEMPATH\Database\BaseBuilder.php(1602): CodeIgniter\Database\BaseConnection->query('SELECT *
FROM `student`', [], false)
 3 APPPATH\Models\Student_model.php(11): CodeIgniter\Database\BaseBuilder->get()
 4 APPPATH\Controllers\Student.php(15): App\Models\Student_model->getStudentInfo()
 5 SYSTEMPATH\CodeIgniter.php(934): App\Controllers\Student->index()
 6 SYSTEMPATH\CodeIgniter.php(499): CodeIgniter\CodeIgniter->runController(Object(App\Controllers\Student))
 7 SYSTEMPATH\CodeIgniter.php(368): CodeIgniter\CodeIgniter->handleRequest(null, Object(Config\Cache), false)
 8 FCPATH\index.php(67): CodeIgniter\CodeIgniter->run()
ERROR - 2023-02-06 05:28:56 --> Error connecting to the database: mysqli_sql_exception: Unknown database 'student' in C:\xampp\htdocs\itec222\system\Database\MySQLi\Connection.php:174
Stack trace:
#0 C:\xampp\htdocs\itec222\system\Database\MySQLi\Connection.php(174): mysqli->real_connect('localhost', 'root', '', 'student', 3306, '', 0)
#1 C:\xampp\htdocs\itec222\system\Database\BaseConnection.php(391): CodeIgniter\Database\MySQLi\Connection->connect(false)
#2 C:\xampp\htdocs\itec222\system\Database\BaseConnection.php(573): CodeIgniter\Database\BaseConnection->initialize()
#3 C:\xampp\htdocs\itec222\system\Database\BaseBuilder.php(1602): CodeIgniter\Database\BaseConnection->query('SELECT *\nFROM `...', Array, false)
#4 C:\xampp\htdocs\itec222\app\Models\Student_model.php(11): CodeIgniter\Database\BaseBuilder->get()
#5 C:\xampp\htdocs\itec222\app\Controllers\Student.php(15): App\Models\Student_model->getStudentInfo()
#6 C:\xampp\htdocs\itec222\system\CodeIgniter.php(934): App\Controllers\Student->index()
#7 C:\xampp\htdocs\itec222\system\CodeIgniter.php(499): CodeIgniter\CodeIgniter->runController(Object(App\Controllers\Student))
#8 C:\xampp\htdocs\itec222\system\CodeIgniter.php(368): CodeIgniter\CodeIgniter->handleRequest(NULL, Object(Config\Cache), false)
#9 C:\xampp\htdocs\itec222\index.php(67): CodeIgniter\CodeIgniter->run()
#10 {main}

Next CodeIgniter\Database\Exceptions\DatabaseException: Unknown database 'student' in C:\xampp\htdocs\itec222\system\Database\MySQLi\Connection.php:218
Stack trace:
#0 C:\xampp\htdocs\itec222\system\Database\BaseConnection.php(391): CodeIgniter\Database\MySQLi\Connection->connect(false)
#1 C:\xampp\htdocs\itec222\system\Database\BaseConnection.php(573): CodeIgniter\Database\BaseConnection->initialize()
#2 C:\xampp\htdocs\itec222\system\Database\BaseBuilder.php(1602): CodeIgniter\Database\BaseConnection->query('SELECT *\nFROM `...', Array, false)
#3 C:\xampp\htdocs\itec222\app\Models\Student_model.php(11): CodeIgniter\Database\BaseBuilder->get()
#4 C:\xampp\htdocs\itec222\app\Controllers\Student.php(15): App\Models\Student_model->getStudentInfo()
#5 C:\xampp\htdocs\itec222\system\CodeIgniter.php(934): App\Controllers\Student->index()
#6 C:\xampp\htdocs\itec222\system\CodeIgniter.php(499): CodeIgniter\CodeIgniter->runController(Object(App\Controllers\Student))
#7 C:\xampp\htdocs\itec222\system\CodeIgniter.php(368): CodeIgniter\CodeIgniter->handleRequest(NULL, Object(Config\Cache), false)
#8 C:\xampp\htdocs\itec222\index.php(67): CodeIgniter\CodeIgniter->run()
#9 {main}
CRITICAL - 2023-02-06 05:28:56 --> Unable to connect to the database.
Main connection [MySQLi]: Unknown database 'student'
in SYSTEMPATH\Database\BaseConnection.php on line 427.
 1 SYSTEMPATH\Database\BaseConnection.php(573): CodeIgniter\Database\BaseConnection->initialize()
 2 SYSTEMPATH\Database\BaseBuilder.php(1602): CodeIgniter\Database\BaseConnection->query('SELECT *
FROM `student`', [], false)
 3 APPPATH\Models\Student_model.php(11): CodeIgniter\Database\BaseBuilder->get()
 4 APPPATH\Controllers\Student.php(15): App\Models\Student_model->getStudentInfo()
 5 SYSTEMPATH\CodeIgniter.php(934): App\Controllers\Student->index()
 6 SYSTEMPATH\CodeIgniter.php(499): CodeIgniter\CodeIgniter->runController(Object(App\Controllers\Student))
 7 SYSTEMPATH\CodeIgniter.php(368): CodeIgniter\CodeIgniter->handleRequest(null, Object(Config\Cache), false)
 8 FCPATH\index.php(67): CodeIgniter\CodeIgniter->run()
CRITICAL - 2023-02-06 05:30:41 --> Undefined variable $con
in APPPATH\Views\student\index.php on line 33.
 1 APPPATH\Views\student\index.php(33): CodeIgniter\Debug\Exceptions->errorHandler(2, 'Undefined variable $con', 'APPPATH\\Views\\student\\index.php', 33)
 2 SYSTEMPATH\View\View.php(213): include('APPPATH\\Views\\student\\index.php')
 3 SYSTEMPATH\View\View.php(216): CodeIgniter\View\View->CodeIgniter\View\{closure}()
 4 SYSTEMPATH\Common.php(1177): CodeIgniter\View\View->render('student/index', [], true)
 5 APPPATH\Controllers\Student.php(21): view('student/index', [...])
 6 SYSTEMPATH\CodeIgniter.php(934): App\Controllers\Student->index()
 7 SYSTEMPATH\CodeIgniter.php(499): CodeIgniter\CodeIgniter->runController(Object(App\Controllers\Student))
 8 SYSTEMPATH\CodeIgniter.php(368): CodeIgniter\CodeIgniter->handleRequest(null, Object(Config\Cache), false)
 9 FCPATH\index.php(67): CodeIgniter\CodeIgniter->run()
CRITICAL - 2023-02-06 05:30:47 --> Undefined variable $con
in APPPATH\Views\student\index.php on line 33.
 1 APPPATH\Views\student\index.php(33): CodeIgniter\Debug\Exceptions->errorHandler(2, 'Undefined variable $con', 'APPPATH\\Views\\student\\index.php', 33)
 2 SYSTEMPATH\View\View.php(213): include('APPPATH\\Views\\student\\index.php')
 3 SYSTEMPATH\View\View.php(216): CodeIgniter\View\View->CodeIgniter\View\{closure}()
 4 SYSTEMPATH\Common.php(1177): CodeIgniter\View\View->render('student/index', [], true)
 5 APPPATH\Controllers\Student.php(21): view('student/index', [...])
 6 SYSTEMPATH\CodeIgniter.php(934): App\Controllers\Student->index()
 7 SYSTEMPATH\CodeIgniter.php(499): CodeIgniter\CodeIgniter->runController(Object(App\Controllers\Student))
 8 SYSTEMPATH\CodeIgniter.php(368): CodeIgniter\CodeIgniter->handleRequest(null, Object(Config\Cache), false)
 9 FCPATH\index.php(67): CodeIgniter\CodeIgniter->run()
CRITICAL - 2023-02-06 06:33:25 --> Undefined constant "form"
in APPPATH\Views\student\addRecord.php on line 10.
 1 SYSTEMPATH\View\View.php(213): include()
 2 SYSTEMPATH\View\View.php(216): CodeIgniter\View\View->CodeIgniter\View\{closure}()
 3 SYSTEMPATH\Common.php(1177): CodeIgniter\View\View->render('student/addRecord', [], true)
 4 APPPATH\Controllers\Student.php(32): view('student/addRecord', [...])
 5 SYSTEMPATH\CodeIgniter.php(934): App\Controllers\Student->addRecord()
 6 SYSTEMPATH\CodeIgniter.php(499): CodeIgniter\CodeIgniter->runController(Object(App\Controllers\Student))
 7 SYSTEMPATH\CodeIgniter.php(368): CodeIgniter\CodeIgniter->handleRequest(null, Object(Config\Cache), false)
 8 FCPATH\index.php(67): CodeIgniter\CodeIgniter->run()
CRITICAL - 2023-02-06 06:37:16 --> Undefined constant "form"
in APPPATH\Views\student\addRecord.php on line 10.
 1 SYSTEMPATH\View\View.php(213): include()
 2 SYSTEMPATH\View\View.php(216): CodeIgniter\View\View->CodeIgniter\View\{closure}()
 3 SYSTEMPATH\Common.php(1177): CodeIgniter\View\View->render('student/addRecord', [], true)
 4 APPPATH\Controllers\Student.php(32): view('student/addRecord', [...])
 5 SYSTEMPATH\CodeIgniter.php(934): App\Controllers\Student->addRecord()
 6 SYSTEMPATH\CodeIgniter.php(499): CodeIgniter\CodeIgniter->runController(Object(App\Controllers\Student))
 7 SYSTEMPATH\CodeIgniter.php(368): CodeIgniter\CodeIgniter->handleRequest(null, Object(Config\Cache), false)
 8 FCPATH\index.php(67): CodeIgniter\CodeIgniter->run()
CRITICAL - 2023-02-06 06:37:18 --> Undefined constant "form"
in APPPATH\Views\student\addRecord.php on line 10.
 1 SYSTEMPATH\View\View.php(213): include()
 2 SYSTEMPATH\View\View.php(216): CodeIgniter\View\View->CodeIgniter\View\{closure}()
 3 SYSTEMPATH\Common.php(1177): CodeIgniter\View\View->render('student/addRecord', [], true)
 4 APPPATH\Controllers\Student.php(32): view('student/addRecord', [...])
 5 SYSTEMPATH\CodeIgniter.php(934): App\Controllers\Student->addRecord()
 6 SYSTEMPATH\CodeIgniter.php(499): CodeIgniter\CodeIgniter->runController(Object(App\Controllers\Student))
 7 SYSTEMPATH\CodeIgniter.php(368): CodeIgniter\CodeIgniter->handleRequest(null, Object(Config\Cache), false)
 8 FCPATH\index.php(67): CodeIgniter\CodeIgniter->run()
CRITICAL - 2023-02-06 06:37:35 --> Undefined constant "form"
in APPPATH\Views\student\addRecord.php on line 10.
 1 SYSTEMPATH\View\View.php(213): include()
 2 SYSTEMPATH\View\View.php(216): CodeIgniter\View\View->CodeIgniter\View\{closure}()
 3 SYSTEMPATH\Common.php(1177): CodeIgniter\View\View->render('student/addRecord', [], true)
 4 APPPATH\Controllers\Student.php(32): view('student/addRecord', [...])
 5 SYSTEMPATH\CodeIgniter.php(934): App\Controllers\Student->addRecord()
 6 SYSTEMPATH\CodeIgniter.php(499): CodeIgniter\CodeIgniter->runController(Object(App\Controllers\Student))
 7 SYSTEMPATH\CodeIgniter.php(368): CodeIgniter\CodeIgniter->handleRequest(null, Object(Config\Cache), false)
 8 FCPATH\index.php(67): CodeIgniter\CodeIgniter->run()
CRITICAL - 2023-02-06 06:37:54 --> Call to undefined function form_open()
in APPPATH\Views\student\addRecord.php on line 10.
 1 SYSTEMPATH\View\View.php(213): include()
 2 SYSTEMPATH\View\View.php(216): CodeIgniter\View\View->CodeIgniter\View\{closure}()
 3 SYSTEMPATH\Common.php(1177): CodeIgniter\View\View->render('student/addRecord', [], true)
 4 APPPATH\Controllers\Student.php(32): view('student/addRecord', [...])
 5 SYSTEMPATH\CodeIgniter.php(934): App\Controllers\Student->addRecord()
 6 SYSTEMPATH\CodeIgniter.php(499): CodeIgniter\CodeIgniter->runController(Object(App\Controllers\Student))
 7 SYSTEMPATH\CodeIgniter.php(368): CodeIgniter\CodeIgniter->handleRequest(null, Object(Config\Cache), false)
 8 FCPATH\index.php(67): CodeIgniter\CodeIgniter->run()
CRITICAL - 2023-02-06 06:37:55 --> Call to undefined function form_open()
in APPPATH\Views\student\addRecord.php on line 10.
 1 SYSTEMPATH\View\View.php(213): include()
 2 SYSTEMPATH\View\View.php(216): CodeIgniter\View\View->CodeIgniter\View\{closure}()
 3 SYSTEMPATH\Common.php(1177): CodeIgniter\View\View->render('student/addRecord', [], true)
 4 APPPATH\Controllers\Student.php(32): view('student/addRecord', [...])
 5 SYSTEMPATH\CodeIgniter.php(934): App\Controllers\Student->addRecord()
 6 SYSTEMPATH\CodeIgniter.php(499): CodeIgniter\CodeIgniter->runController(Object(App\Controllers\Student))
 7 SYSTEMPATH\CodeIgniter.php(368): CodeIgniter\CodeIgniter->handleRequest(null, Object(Config\Cache), false)
 8 FCPATH\index.php(67): CodeIgniter\CodeIgniter->run()
CRITICAL - 2023-02-06 06:37:55 --> Call to undefined function form_open()
in APPPATH\Views\student\addRecord.php on line 10.
 1 SYSTEMPATH\View\View.php(213): include()
 2 SYSTEMPATH\View\View.php(216): CodeIgniter\View\View->CodeIgniter\View\{closure}()
 3 SYSTEMPATH\Common.php(1177): CodeIgniter\View\View->render('student/addRecord', [], true)
 4 APPPATH\Controllers\Student.php(32): view('student/addRecord', [...])
 5 SYSTEMPATH\CodeIgniter.php(934): App\Controllers\Student->addRecord()
 6 SYSTEMPATH\CodeIgniter.php(499): CodeIgniter\CodeIgniter->runController(Object(App\Controllers\Student))
 7 SYSTEMPATH\CodeIgniter.php(368): CodeIgniter\CodeIgniter->handleRequest(null, Object(Config\Cache), false)
 8 FCPATH\index.php(67): CodeIgniter\CodeIgniter->run()
CRITICAL - 2023-02-06 06:37:56 --> Call to undefined function form_open()
in APPPATH\Views\student\addRecord.php on line 10.
 1 SYSTEMPATH\View\View.php(213): include()
 2 SYSTEMPATH\View\View.php(216): CodeIgniter\View\View->CodeIgniter\View\{closure}()
 3 SYSTEMPATH\Common.php(1177): CodeIgniter\View\View->render('student/addRecord', [], true)
 4 APPPATH\Controllers\Student.php(32): view('student/addRecord', [...])
 5 SYSTEMPATH\CodeIgniter.php(934): App\Controllers\Student->addRecord()
 6 SYSTEMPATH\CodeIgniter.php(499): CodeIgniter\CodeIgniter->runController(Object(App\Controllers\Student))
 7 SYSTEMPATH\CodeIgniter.php(368): CodeIgniter\CodeIgniter->handleRequest(null, Object(Config\Cache), false)
 8 FCPATH\index.php(67): CodeIgniter\CodeIgniter->run()
CRITICAL - 2023-02-06 06:37:57 --> Call to undefined function form_open()
in APPPATH\Views\student\addRecord.php on line 10.
 1 SYSTEMPATH\View\View.php(213): include()
 2 SYSTEMPATH\View\View.php(216): CodeIgniter\View\View->CodeIgniter\View\{closure}()
 3 SYSTEMPATH\Common.php(1177): CodeIgniter\View\View->render('student/addRecord', [], true)
 4 APPPATH\Controllers\Student.php(32): view('student/addRecord', [...])
 5 SYSTEMPATH\CodeIgniter.php(934): App\Controllers\Student->addRecord()
 6 SYSTEMPATH\CodeIgniter.php(499): CodeIgniter\CodeIgniter->runController(Object(App\Controllers\Student))
 7 SYSTEMPATH\CodeIgniter.php(368): CodeIgniter\CodeIgniter->handleRequest(null, Object(Config\Cache), false)
 8 FCPATH\index.php(67): CodeIgniter\CodeIgniter->run()
CRITICAL - 2023-02-06 06:38:01 --> Call to undefined function form_open()
in APPPATH\Views\student\addRecord.php on line 10.
 1 SYSTEMPATH\View\View.php(213): include()
 2 SYSTEMPATH\View\View.php(216): CodeIgniter\View\View->CodeIgniter\View\{closure}()
 3 SYSTEMPATH\Common.php(1177): CodeIgniter\View\View->render('student/addRecord', [], true)
 4 APPPATH\Controllers\Student.php(32): view('student/addRecord', [...])
 5 SYSTEMPATH\CodeIgniter.php(934): App\Controllers\Student->addRecord()
 6 SYSTEMPATH\CodeIgniter.php(499): CodeIgniter\CodeIgniter->runController(Object(App\Controllers\Student))
 7 SYSTEMPATH\CodeIgniter.php(368): CodeIgniter\CodeIgniter->handleRequest(null, Object(Config\Cache), false)
 8 FCPATH\index.php(67): CodeIgniter\CodeIgniter->run()
CRITICAL - 2023-02-06 06:38:09 --> Call to undefined function form_open()
in APPPATH\Views\student\addRecord.php on line 10.
 1 SYSTEMPATH\View\View.php(213): include()
 2 SYSTEMPATH\View\View.php(216): CodeIgniter\View\View->CodeIgniter\View\{closure}()
 3 SYSTEMPATH\Common.php(1177): CodeIgniter\View\View->render('student/addRecord', [], true)
 4 APPPATH\Controllers\Student.php(32): view('student/addRecord', [...])
 5 SYSTEMPATH\CodeIgniter.php(934): App\Controllers\Student->addRecord()
 6 SYSTEMPATH\CodeIgniter.php(499): CodeIgniter\CodeIgniter->runController(Object(App\Controllers\Student))
 7 SYSTEMPATH\CodeIgniter.php(368): CodeIgniter\CodeIgniter->handleRequest(null, Object(Config\Cache), false)
 8 FCPATH\index.php(67): CodeIgniter\CodeIgniter->run()
CRITICAL - 2023-02-06 06:38:10 --> Call to undefined function form_open()
in APPPATH\Views\student\addRecord.php on line 10.
 1 SYSTEMPATH\View\View.php(213): include()
 2 SYSTEMPATH\View\View.php(216): CodeIgniter\View\View->CodeIgniter\View\{closure}()
 3 SYSTEMPATH\Common.php(1177): CodeIgniter\View\View->render('student/addRecord', [], true)
 4 APPPATH\Controllers\Student.php(32): view('student/addRecord', [...])
 5 SYSTEMPATH\CodeIgniter.php(934): App\Controllers\Student->addRecord()
 6 SYSTEMPATH\CodeIgniter.php(499): CodeIgniter\CodeIgniter->runController(Object(App\Controllers\Student))
 7 SYSTEMPATH\CodeIgniter.php(368): CodeIgniter\CodeIgniter->handleRequest(null, Object(Config\Cache), false)
 8 FCPATH\index.php(67): CodeIgniter\CodeIgniter->run()
CRITICAL - 2023-02-06 06:42:34 --> Call to undefined function form_open()
in APPPATH\Views\student\addRecord.php on line 9.
 1 SYSTEMPATH\View\View.php(213): include()
 2 SYSTEMPATH\View\View.php(216): CodeIgniter\View\View->CodeIgniter\View\{closure}()
 3 SYSTEMPATH\Common.php(1177): CodeIgniter\View\View->render('student/addRecord', [], true)
 4 APPPATH\Controllers\Student.php(32): view('student/addRecord', [...])
 5 SYSTEMPATH\CodeIgniter.php(934): App\Controllers\Student->addRecord()
 6 SYSTEMPATH\CodeIgniter.php(499): CodeIgniter\CodeIgniter->runController(Object(App\Controllers\Student))
 7 SYSTEMPATH\CodeIgniter.php(368): CodeIgniter\CodeIgniter->handleRequest(null, Object(Config\Cache), false)
 8 FCPATH\index.php(67): CodeIgniter\CodeIgniter->run()
CRITICAL - 2023-02-06 06:42:45 --> Call to undefined function form_open()
in APPPATH\Views\student\addRecord.php on line 8.
 1 SYSTEMPATH\View\View.php(213): include()
 2 SYSTEMPATH\View\View.php(216): CodeIgniter\View\View->CodeIgniter\View\{closure}()
 3 SYSTEMPATH\Common.php(1177): CodeIgniter\View\View->render('student/addRecord', [], true)
 4 APPPATH\Controllers\Student.php(32): view('student/addRecord', [...])
 5 SYSTEMPATH\CodeIgniter.php(934): App\Controllers\Student->addRecord()
 6 SYSTEMPATH\CodeIgniter.php(499): CodeIgniter\CodeIgniter->runController(Object(App\Controllers\Student))
 7 SYSTEMPATH\CodeIgniter.php(368): CodeIgniter\CodeIgniter->handleRequest(null, Object(Config\Cache), false)
 8 FCPATH\index.php(67): CodeIgniter\CodeIgniter->run()
CRITICAL - 2023-02-06 06:43:25 --> Call to undefined function form_open()
in APPPATH\Views\student\addRecord.php on line 10.
 1 SYSTEMPATH\View\View.php(213): include()
 2 SYSTEMPATH\View\View.php(216): CodeIgniter\View\View->CodeIgniter\View\{closure}()
 3 SYSTEMPATH\Common.php(1177): CodeIgniter\View\View->render('student/addRecord', [], true)
 4 APPPATH\Controllers\Student.php(32): view('student/addRecord', [...])
 5 SYSTEMPATH\CodeIgniter.php(934): App\Controllers\Student->addRecord()
 6 SYSTEMPATH\CodeIgniter.php(499): CodeIgniter\CodeIgniter->runController(Object(App\Controllers\Student))
 7 SYSTEMPATH\CodeIgniter.php(368): CodeIgniter\CodeIgniter->handleRequest(null, Object(Config\Cache), false)
 8 FCPATH\index.php(67): CodeIgniter\CodeIgniter->run()
CRITICAL - 2023-02-06 06:45:02 --> Call to undefined function form_open()
in APPPATH\Views\student\addRecord.php on line 10.
 1 SYSTEMPATH\View\View.php(213): include()
 2 SYSTEMPATH\View\View.php(216): CodeIgniter\View\View->CodeIgniter\View\{closure}()
 3 SYSTEMPATH\Common.php(1177): CodeIgniter\View\View->render('student/addRecord', [], true)
 4 APPPATH\Controllers\Student.php(32): view('student/addRecord', [...])
 5 SYSTEMPATH\CodeIgniter.php(934): App\Controllers\Student->addRecord()
 6 SYSTEMPATH\CodeIgniter.php(499): CodeIgniter\CodeIgniter->runController(Object(App\Controllers\Student))
 7 SYSTEMPATH\CodeIgniter.php(368): CodeIgniter\CodeIgniter->handleRequest(null, Object(Config\Cache), false)
 8 FCPATH\index.php(67): CodeIgniter\CodeIgniter->run()
CRITICAL - 2023-02-06 06:45:34 --> Call to undefined function form_open()
in APPPATH\Views\student\addRecord.php on line 10.
 1 SYSTEMPATH\View\View.php(213): include()
 2 SYSTEMPATH\View\View.php(216): CodeIgniter\View\View->CodeIgniter\View\{closure}()
 3 SYSTEMPATH\Common.php(1177): CodeIgniter\View\View->render('student/addRecord', [], true)
 4 APPPATH\Controllers\Student.php(30): view('student/addRecord', [...])
 5 SYSTEMPATH\CodeIgniter.php(934): App\Controllers\Student->addRecord()
 6 SYSTEMPATH\CodeIgniter.php(499): CodeIgniter\CodeIgniter->runController(Object(App\Controllers\Student))
 7 SYSTEMPATH\CodeIgniter.php(368): CodeIgniter\CodeIgniter->handleRequest(null, Object(Config\Cache), false)
 8 FCPATH\index.php(67): CodeIgniter\CodeIgniter->run()
CRITICAL - 2023-02-06 06:54:08 --> Call to undefined function form_open()
in APPPATH\Views\student\addRecord.php on line 10.
 1 SYSTEMPATH\View\View.php(213): include()
 2 SYSTEMPATH\View\View.php(216): CodeIgniter\View\View->CodeIgniter\View\{closure}()
 3 SYSTEMPATH\Common.php(1177): CodeIgniter\View\View->render('student/addRecord', [], true)
 4 APPPATH\Controllers\Student.php(30): view('student/addRecord', [...])
 5 SYSTEMPATH\CodeIgniter.php(934): App\Controllers\Student->addRecord()
 6 SYSTEMPATH\CodeIgniter.php(499): CodeIgniter\CodeIgniter->runController(Object(App\Controllers\Student))
 7 SYSTEMPATH\CodeIgniter.php(368): CodeIgniter\CodeIgniter->handleRequest(null, Object(Config\Cache), false)
 8 FCPATH\index.php(67): CodeIgniter\CodeIgniter->run()
CRITICAL - 2023-02-06 06:56:33 --> Call to undefined function form_open()
in APPPATH\Views\student\addRecord.php on line 10.
 1 SYSTEMPATH\View\View.php(213): include()
 2 SYSTEMPATH\View\View.php(216): CodeIgniter\View\View->CodeIgniter\View\{closure}()
 3 SYSTEMPATH\Common.php(1177): CodeIgniter\View\View->render('student/addRecord', [], true)
 4 APPPATH\Controllers\Student.php(30): view('student/addRecord')
 5 SYSTEMPATH\CodeIgniter.php(934): App\Controllers\Student->addRecord()
 6 SYSTEMPATH\CodeIgniter.php(499): CodeIgniter\CodeIgniter->runController(Object(App\Controllers\Student))
 7 SYSTEMPATH\CodeIgniter.php(368): CodeIgniter\CodeIgniter->handleRequest(null, Object(Config\Cache), false)
 8 FCPATH\index.php(67): CodeIgniter\CodeIgniter->run()
CRITICAL - 2023-02-06 07:07:59 --> Call to undefined function form_open()
in APPPATH\Views\student\addRecord.php on line 10.
 1 SYSTEMPATH\View\View.php(213): include()
 2 SYSTEMPATH\View\View.php(216): CodeIgniter\View\View->CodeIgniter\View\{closure}()
 3 SYSTEMPATH\Common.php(1177): CodeIgniter\View\View->render('student/addRecord', [], true)
 4 APPPATH\Controllers\Student.php(30): view('student/addRecord', [...])
 5 SYSTEMPATH\CodeIgniter.php(934): App\Controllers\Student->addRecord()
 6 SYSTEMPATH\CodeIgniter.php(499): CodeIgniter\CodeIgniter->runController(Object(App\Controllers\Student))
 7 SYSTEMPATH\CodeIgniter.php(368): CodeIgniter\CodeIgniter->handleRequest(null, Object(Config\Cache), false)
 8 FCPATH\index.php(67): CodeIgniter\CodeIgniter->run()
CRITICAL - 2023-02-06 07:28:50 --> Call to undefined function form_open()
in APPPATH\Views\student\addRecord.php on line 10.
 1 SYSTEMPATH\View\View.php(213): include()
 2 SYSTEMPATH\View\View.php(216): CodeIgniter\View\View->CodeIgniter\View\{closure}()
 3 SYSTEMPATH\Common.php(1177): CodeIgniter\View\View->render('student/addRecord', [], true)
 4 APPPATH\Controllers\Student.php(30): view('student/addRecord', [...])
 5 SYSTEMPATH\CodeIgniter.php(934): App\Controllers\Student->addRecord()
 6 SYSTEMPATH\CodeIgniter.php(499): CodeIgniter\CodeIgniter->runController(Object(App\Controllers\Student))
 7 SYSTEMPATH\CodeIgniter.php(368): CodeIgniter\CodeIgniter->handleRequest(null, Object(Config\Cache), false)
 8 FCPATH\index.php(67): CodeIgniter\CodeIgniter->run()
CRITICAL - 2023-02-06 07:31:53 --> Call to undefined function form_open()
in APPPATH\Views\student\addRecord.php on line 10.
 1 SYSTEMPATH\View\View.php(213): include()
 2 SYSTEMPATH\View\View.php(216): CodeIgniter\View\View->CodeIgniter\View\{closure}()
 3 SYSTEMPATH\Common.php(1177): CodeIgniter\View\View->render('student/addRecord', [], true)
 4 APPPATH\Controllers\Student.php(30): view('student/addRecord', [...])
 5 SYSTEMPATH\CodeIgniter.php(934): App\Controllers\Student->addRecord()
 6 SYSTEMPATH\CodeIgniter.php(499): CodeIgniter\CodeIgniter->runController(Object(App\Controllers\Student))
 7 SYSTEMPATH\CodeIgniter.php(368): CodeIgniter\CodeIgniter->handleRequest(null, Object(Config\Cache), false)
 8 FCPATH\index.php(67): CodeIgniter\CodeIgniter->run()
CRITICAL - 2023-02-06 08:26:12 --> Call to undefined function iseet()
in APPPATH\Views\student\addRecord.php on line 9.
 1 SYSTEMPATH\View\View.php(213): include()
 2 SYSTEMPATH\View\View.php(216): CodeIgniter\View\View->CodeIgniter\View\{closure}()
 3 SYSTEMPATH\Common.php(1177): CodeIgniter\View\View->render('student/addRecord', [], true)
 4 APPPATH\Controllers\Student.php(73): view('student/addRecord', [...])
 5 SYSTEMPATH\CodeIgniter.php(934): App\Controllers\Student->addRecord()
 6 SYSTEMPATH\CodeIgniter.php(499): CodeIgniter\CodeIgniter->runController(Object(App\Controllers\Student))
 7 SYSTEMPATH\CodeIgniter.php(368): CodeIgniter\CodeIgniter->handleRequest(null, Object(Config\Cache), false)
 8 FCPATH\index.php(67): CodeIgniter\CodeIgniter->run()
CRITICAL - 2023-02-06 09:02:24 --> Attempt to read property "StudentNo" on null
in APPPATH\Views\student\editRecord.php on line 35.
 1 APPPATH\Views\student\editRecord.php(35): CodeIgniter\Debug\Exceptions->errorHandler(2, 'Attempt to read property "StudentNo" on null', 'APPPATH\\Views\\student\\editRecord.php', 35)
 2 SYSTEMPATH\View\View.php(213): include('APPPATH\\Views\\student\\editRecord.php')
 3 SYSTEMPATH\View\View.php(216): CodeIgniter\View\View->CodeIgniter\View\{closure}()
 4 SYSTEMPATH\Common.php(1177): CodeIgniter\View\View->render('student/editRecord', [], true)
 5 APPPATH\Controllers\Student.php(152): view('student/editRecord', [...])
 6 SYSTEMPATH\CodeIgniter.php(934): App\Controllers\Student->editRecord('assets', 'demo', 'chart-bar-demo.js')
 7 SYSTEMPATH\CodeIgniter.php(499): CodeIgniter\CodeIgniter->runController(Object(App\Controllers\Student))
 8 SYSTEMPATH\CodeIgniter.php(368): CodeIgniter\CodeIgniter->handleRequest(null, Object(Config\Cache), false)
 9 FCPATH\index.php(67): CodeIgniter\CodeIgniter->run()
CRITICAL - 2023-02-06 09:02:24 --> Attempt to read property "StudentNo" on null
in APPPATH\Views\student\editRecord.php on line 35.
 1 APPPATH\Views\student\editRecord.php(35): CodeIgniter\Debug\Exceptions->errorHandler(2, 'Attempt to read property "StudentNo" on null', 'APPPATH\\Views\\student\\editRecord.php', 35)
 2 SYSTEMPATH\View\View.php(213): include('APPPATH\\Views\\student\\editRecord.php')
 3 SYSTEMPATH\View\View.php(216): CodeIgniter\View\View->CodeIgniter\View\{closure}()
 4 SYSTEMPATH\Common.php(1177): CodeIgniter\View\View->render('student/editRecord', [], true)
 5 APPPATH\Controllers\Student.php(152): view('student/editRecord', [...])
 6 SYSTEMPATH\CodeIgniter.php(934): App\Controllers\Student->editRecord('FCPATH\\public', 'assets', 'js', 'scripts.js')
 7 SYSTEMPATH\CodeIgniter.php(499): CodeIgniter\CodeIgniter->runController(Object(App\Controllers\Student))
 8 SYSTEMPATH\CodeIgniter.php(368): CodeIgniter\CodeIgniter->handleRequest(null, Object(Config\Cache), false)
 9 FCPATH\index.php(67): CodeIgniter\CodeIgniter->run()
CRITICAL - 2023-02-06 09:02:24 --> Attempt to read property "StudentNo" on null
in APPPATH\Views\student\editRecord.php on line 35.
 1 APPPATH\Views\student\editRecord.php(35): CodeIgniter\Debug\Exceptions->errorHandler(2, 'Attempt to read property "StudentNo" on null', 'APPPATH\\Views\\student\\editRecord.php', 35)
 2 SYSTEMPATH\View\View.php(213): include('APPPATH\\Views\\student\\editRecord.php')
 3 SYSTEMPATH\View\View.php(216): CodeIgniter\View\View->CodeIgniter\View\{closure}()
 4 SYSTEMPATH\Common.php(1177): CodeIgniter\View\View->render('student/editRecord', [], true)
 5 APPPATH\Controllers\Student.php(152): view('student/editRecord', [...])
 6 SYSTEMPATH\CodeIgniter.php(934): App\Controllers\Student->editRecord('assets', 'demo', 'chart-area-demo.js')
 7 SYSTEMPATH\CodeIgniter.php(499): CodeIgniter\CodeIgniter->runController(Object(App\Controllers\Student))
 8 SYSTEMPATH\CodeIgniter.php(368): CodeIgniter\CodeIgniter->handleRequest(null, Object(Config\Cache), false)
 9 FCPATH\index.php(67): CodeIgniter\CodeIgniter->run()
CRITICAL - 2023-02-06 09:02:27 --> Attempt to read property "StudentNo" on null
in APPPATH\Views\student\editRecord.php on line 35.
 1 APPPATH\Views\student\editRecord.php(35): CodeIgniter\Debug\Exceptions->errorHandler(2, 'Attempt to read property "StudentNo" on null', 'APPPATH\\Views\\student\\editRecord.php', 35)
 2 SYSTEMPATH\View\View.php(213): include('APPPATH\\Views\\student\\editRecord.php')
 3 SYSTEMPATH\View\View.php(216): CodeIgniter\View\View->CodeIgniter\View\{closure}()
 4 SYSTEMPATH\Common.php(1177): CodeIgniter\View\View->render('student/editRecord', [], true)
 5 APPPATH\Controllers\Student.php(152): view('student/editRecord', [...])
 6 SYSTEMPATH\CodeIgniter.php(934): App\Controllers\Student->editRecord('FCPATH\\public', 'assets', 'js', 'scripts.js')
 7 SYSTEMPATH\CodeIgniter.php(499): CodeIgniter\CodeIgniter->runController(Object(App\Controllers\Student))
 8 SYSTEMPATH\CodeIgniter.php(368): CodeIgniter\CodeIgniter->handleRequest(null, Object(Config\Cache), false)
 9 FCPATH\index.php(67): CodeIgniter\CodeIgniter->run()
CRITICAL - 2023-02-06 09:02:27 --> Attempt to read property "StudentNo" on null
in APPPATH\Views\student\editRecord.php on line 35.
 1 APPPATH\Views\student\editRecord.php(35): CodeIgniter\Debug\Exceptions->errorHandler(2, 'Attempt to read property "StudentNo" on null', 'APPPATH\\Views\\student\\editRecord.php', 35)
 2 SYSTEMPATH\View\View.php(213): include('APPPATH\\Views\\student\\editRecord.php')
 3 SYSTEMPATH\View\View.php(216): CodeIgniter\View\View->CodeIgniter\View\{closure}()
 4 SYSTEMPATH\Common.php(1177): CodeIgniter\View\View->render('student/editRecord', [], true)
 5 APPPATH\Controllers\Student.php(152): view('student/editRecord', [...])
 6 SYSTEMPATH\CodeIgniter.php(934): App\Controllers\Student->editRecord('assets', 'demo', 'chart-bar-demo.js')
 7 SYSTEMPATH\CodeIgniter.php(499): CodeIgniter\CodeIgniter->runController(Object(App\Controllers\Student))
 8 SYSTEMPATH\CodeIgniter.php(368): CodeIgniter\CodeIgniter->handleRequest(null, Object(Config\Cache), false)
 9 FCPATH\index.php(67): CodeIgniter\CodeIgniter->run()
CRITICAL - 2023-02-06 09:02:27 --> Attempt to read property "StudentNo" on null
in APPPATH\Views\student\editRecord.php on line 35.
 1 APPPATH\Views\student\editRecord.php(35): CodeIgniter\Debug\Exceptions->errorHandler(2, 'Attempt to read property "StudentNo" on null', 'APPPATH\\Views\\student\\editRecord.php', 35)
 2 SYSTEMPATH\View\View.php(213): include('APPPATH\\Views\\student\\editRecord.php')
 3 SYSTEMPATH\View\View.php(216): CodeIgniter\View\View->CodeIgniter\View\{closure}()
 4 SYSTEMPATH\Common.php(1177): CodeIgniter\View\View->render('student/editRecord', [], true)
 5 APPPATH\Controllers\Student.php(152): view('student/editRecord', [...])
 6 SYSTEMPATH\CodeIgniter.php(934): App\Controllers\Student->editRecord('assets', 'demo', 'chart-area-demo.js')
 7 SYSTEMPATH\CodeIgniter.php(499): CodeIgniter\CodeIgniter->runController(Object(App\Controllers\Student))
 8 SYSTEMPATH\CodeIgniter.php(368): CodeIgniter\CodeIgniter->handleRequest(null, Object(Config\Cache), false)
 9 FCPATH\index.php(67): CodeIgniter\CodeIgniter->run()
CRITICAL - 2023-02-06 09:02:30 --> Attempt to read property "StudentNo" on null
in APPPATH\Views\student\editRecord.php on line 35.
 1 APPPATH\Views\student\editRecord.php(35): CodeIgniter\Debug\Exceptions->errorHandler(2, 'Attempt to read property "StudentNo" on null', 'APPPATH\\Views\\student\\editRecord.php', 35)
 2 SYSTEMPATH\View\View.php(213): include('APPPATH\\Views\\student\\editRecord.php')
 3 SYSTEMPATH\View\View.php(216): CodeIgniter\View\View->CodeIgniter\View\{closure}()
 4 SYSTEMPATH\Common.php(1177): CodeIgniter\View\View->render('student/editRecord', [], true)
 5 APPPATH\Controllers\Student.php(152): view('student/editRecord', [...])
 6 SYSTEMPATH\CodeIgniter.php(934): App\Controllers\Student->editRecord('assets', 'demo', 'chart-bar-demo.js')
 7 SYSTEMPATH\CodeIgniter.php(499): CodeIgniter\CodeIgniter->runController(Object(App\Controllers\Student))
 8 SYSTEMPATH\CodeIgniter.php(368): CodeIgniter\CodeIgniter->handleRequest(null, Object(Config\Cache), false)
 9 FCPATH\index.php(67): CodeIgniter\CodeIgniter->run()
CRITICAL - 2023-02-06 09:02:30 --> Attempt to read property "StudentNo" on null
in APPPATH\Views\student\editRecord.php on line 35.
 1 APPPATH\Views\student\editRecord.php(35): CodeIgniter\Debug\Exceptions->errorHandler(2, 'Attempt to read property "StudentNo" on null', 'APPPATH\\Views\\student\\editRecord.php', 35)
 2 SYSTEMPATH\View\View.php(213): include('APPPATH\\Views\\student\\editRecord.php')
 3 SYSTEMPATH\View\View.php(216): CodeIgniter\View\View->CodeIgniter\View\{closure}()
 4 SYSTEMPATH\Common.php(1177): CodeIgniter\View\View->render('student/editRecord', [], true)
 5 APPPATH\Controllers\Student.php(152): view('student/editRecord', [...])
 6 SYSTEMPATH\CodeIgniter.php(934): App\Controllers\Student->editRecord('assets', 'demo', 'chart-area-demo.js')
 7 SYSTEMPATH\CodeIgniter.php(499): CodeIgniter\CodeIgniter->runController(Object(App\Controllers\Student))
 8 SYSTEMPATH\CodeIgniter.php(368): CodeIgniter\CodeIgniter->handleRequest(null, Object(Config\Cache), false)
 9 FCPATH\index.php(67): CodeIgniter\CodeIgniter->run()
CRITICAL - 2023-02-06 09:02:30 --> Attempt to read property "StudentNo" on null
in APPPATH\Views\student\editRecord.php on line 35.
 1 APPPATH\Views\student\editRecord.php(35): CodeIgniter\Debug\Exceptions->errorHandler(2, 'Attempt to read property "StudentNo" on null', 'APPPATH\\Views\\student\\editRecord.php', 35)
 2 SYSTEMPATH\View\View.php(213): include('APPPATH\\Views\\student\\editRecord.php')
 3 SYSTEMPATH\View\View.php(216): CodeIgniter\View\View->CodeIgniter\View\{closure}()
 4 SYSTEMPATH\Common.php(1177): CodeIgniter\View\View->render('student/editRecord', [], true)
 5 APPPATH\Controllers\Student.php(152): view('student/editRecord', [...])
 6 SYSTEMPATH\CodeIgniter.php(934): App\Controllers\Student->editRecord('FCPATH\\public', 'assets', 'js', 'scripts.js')
 7 SYSTEMPATH\CodeIgniter.php(499): CodeIgniter\CodeIgniter->runController(Object(App\Controllers\Student))
 8 SYSTEMPATH\CodeIgniter.php(368): CodeIgniter\CodeIgniter->handleRequest(null, Object(Config\Cache), false)
 9 FCPATH\index.php(67): CodeIgniter\CodeIgniter->run()
CRITICAL - 2023-02-06 09:03:26 --> Attempt to read property "StudentNo" on null
in APPPATH\Views\student\editRecord.php on line 35.
 1 APPPATH\Views\student\editRecord.php(35): CodeIgniter\Debug\Exceptions->errorHandler(2, 'Attempt to read property "StudentNo" on null', 'APPPATH\\Views\\student\\editRecord.php', 35)
 2 SYSTEMPATH\View\View.php(213): include('APPPATH\\Views\\student\\editRecord.php')
 3 SYSTEMPATH\View\View.php(216): CodeIgniter\View\View->CodeIgniter\View\{closure}()
 4 SYSTEMPATH\Common.php(1177): CodeIgniter\View\View->render('student/editRecord', [], true)
 5 APPPATH\Controllers\Student.php(152): view('student/editRecord', [...])
 6 SYSTEMPATH\CodeIgniter.php(934): App\Controllers\Student->editRecord('FCPATH\\public', 'assets', 'js', 'scripts.js')
 7 SYSTEMPATH\CodeIgniter.php(499): CodeIgniter\CodeIgniter->runController(Object(App\Controllers\Student))
 8 SYSTEMPATH\CodeIgniter.php(368): CodeIgniter\CodeIgniter->handleRequest(null, Object(Config\Cache), false)
 9 FCPATH\index.php(67): CodeIgniter\CodeIgniter->run()
CRITICAL - 2023-02-06 09:03:26 --> Attempt to read property "StudentNo" on null
in APPPATH\Views\student\editRecord.php on line 35.
 1 APPPATH\Views\student\editRecord.php(35): CodeIgniter\Debug\Exceptions->errorHandler(2, 'Attempt to read property "StudentNo" on null', 'APPPATH\\Views\\student\\editRecord.php', 35)
 2 SYSTEMPATH\View\View.php(213): include('APPPATH\\Views\\student\\editRecord.php')
 3 SYSTEMPATH\View\View.php(216): CodeIgniter\View\View->CodeIgniter\View\{closure}()
 4 SYSTEMPATH\Common.php(1177): CodeIgniter\View\View->render('student/editRecord', [], true)
 5 APPPATH\Controllers\Student.php(152): view('student/editRecord', [...])
 6 SYSTEMPATH\CodeIgniter.php(934): App\Controllers\Student->editRecord('assets', 'demo', 'chart-area-demo.js')
 7 SYSTEMPATH\CodeIgniter.php(499): CodeIgniter\CodeIgniter->runController(Object(App\Controllers\Student))
 8 SYSTEMPATH\CodeIgniter.php(368): CodeIgniter\CodeIgniter->handleRequest(null, Object(Config\Cache), false)
 9 FCPATH\index.php(67): CodeIgniter\CodeIgniter->run()
CRITICAL - 2023-02-06 09:03:26 --> Attempt to read property "StudentNo" on null
in APPPATH\Views\student\editRecord.php on line 35.
 1 APPPATH\Views\student\editRecord.php(35): CodeIgniter\Debug\Exceptions->errorHandler(2, 'Attempt to read property "StudentNo" on null', 'APPPATH\\Views\\student\\editRecord.php', 35)
 2 SYSTEMPATH\View\View.php(213): include('APPPATH\\Views\\student\\editRecord.php')
 3 SYSTEMPATH\View\View.php(216): CodeIgniter\View\View->CodeIgniter\View\{closure}()
 4 SYSTEMPATH\Common.php(1177): CodeIgniter\View\View->render('student/editRecord', [], true)
 5 APPPATH\Controllers\Student.php(152): view('student/editRecord', [...])
 6 SYSTEMPATH\CodeIgniter.php(934): App\Controllers\Student->editRecord('assets', 'demo', 'chart-bar-demo.js')
 7 SYSTEMPATH\CodeIgniter.php(499): CodeIgniter\CodeIgniter->runController(Object(App\Controllers\Student))
 8 SYSTEMPATH\CodeIgniter.php(368): CodeIgniter\CodeIgniter->handleRequest(null, Object(Config\Cache), false)
 9 FCPATH\index.php(67): CodeIgniter\CodeIgniter->run()
CRITICAL - 2023-02-06 09:03:29 --> Attempt to read property "StudentNo" on null
in APPPATH\Views\student\editRecord.php on line 35.
 1 APPPATH\Views\student\editRecord.php(35): CodeIgniter\Debug\Exceptions->errorHandler(2, 'Attempt to read property "StudentNo" on null', 'APPPATH\\Views\\student\\editRecord.php', 35)
 2 SYSTEMPATH\View\View.php(213): include('APPPATH\\Views\\student\\editRecord.php')
 3 SYSTEMPATH\View\View.php(216): CodeIgniter\View\View->CodeIgniter\View\{closure}()
 4 SYSTEMPATH\Common.php(1177): CodeIgniter\View\View->render('student/editRecord', [], true)
 5 APPPATH\Controllers\Student.php(152): view('student/editRecord', [...])
 6 SYSTEMPATH\CodeIgniter.php(934): App\Controllers\Student->editRecord('assets', 'demo', 'chart-area-demo.js')
 7 SYSTEMPATH\CodeIgniter.php(499): CodeIgniter\CodeIgniter->runController(Object(App\Controllers\Student))
 8 SYSTEMPATH\CodeIgniter.php(368): CodeIgniter\CodeIgniter->handleRequest(null, Object(Config\Cache), false)
 9 FCPATH\index.php(67): CodeIgniter\CodeIgniter->run()
CRITICAL - 2023-02-06 09:03:29 --> Attempt to read property "StudentNo" on null
in APPPATH\Views\student\editRecord.php on line 35.
 1 APPPATH\Views\student\editRecord.php(35): CodeIgniter\Debug\Exceptions->errorHandler(2, 'Attempt to read property "StudentNo" on null', 'APPPATH\\Views\\student\\editRecord.php', 35)
 2 SYSTEMPATH\View\View.php(213): include('APPPATH\\Views\\student\\editRecord.php')
 3 SYSTEMPATH\View\View.php(216): CodeIgniter\View\View->CodeIgniter\View\{closure}()
 4 SYSTEMPATH\Common.php(1177): CodeIgniter\View\View->render('student/editRecord', [], true)
 5 APPPATH\Controllers\Student.php(152): view('student/editRecord', [...])
 6 SYSTEMPATH\CodeIgniter.php(934): App\Controllers\Student->editRecord('assets', 'demo', 'chart-bar-demo.js')
 7 SYSTEMPATH\CodeIgniter.php(499): CodeIgniter\CodeIgniter->runController(Object(App\Controllers\Student))
 8 SYSTEMPATH\CodeIgniter.php(368): CodeIgniter\CodeIgniter->handleRequest(null, Object(Config\Cache), false)
 9 FCPATH\index.php(67): CodeIgniter\CodeIgniter->run()
CRITICAL - 2023-02-06 09:03:29 --> Attempt to read property "StudentNo" on null
in APPPATH\Views\student\editRecord.php on line 35.
 1 APPPATH\Views\student\editRecord.php(35): CodeIgniter\Debug\Exceptions->errorHandler(2, 'Attempt to read property "StudentNo" on null', 'APPPATH\\Views\\student\\editRecord.php', 35)
 2 SYSTEMPATH\View\View.php(213): include('APPPATH\\Views\\student\\editRecord.php')
 3 SYSTEMPATH\View\View.php(216): CodeIgniter\View\View->CodeIgniter\View\{closure}()
 4 SYSTEMPATH\Common.php(1177): CodeIgniter\View\View->render('student/editRecord', [], true)
 5 APPPATH\Controllers\Student.php(152): view('student/editRecord', [...])
 6 SYSTEMPATH\CodeIgniter.php(934): App\Controllers\Student->editRecord('FCPATH\\public', 'assets', 'js', 'scripts.js')
 7 SYSTEMPATH\CodeIgniter.php(499): CodeIgniter\CodeIgniter->runController(Object(App\Controllers\Student))
 8 SYSTEMPATH\CodeIgniter.php(368): CodeIgniter\CodeIgniter->handleRequest(null, Object(Config\Cache), false)
 9 FCPATH\index.php(67): CodeIgniter\CodeIgniter->run()
CRITICAL - 2023-02-06 09:03:31 --> Attempt to read property "StudentNo" on null
in APPPATH\Views\student\editRecord.php on line 35.
 1 APPPATH\Views\student\editRecord.php(35): CodeIgniter\Debug\Exceptions->errorHandler(2, 'Attempt to read property "StudentNo" on null', 'APPPATH\\Views\\student\\editRecord.php', 35)
 2 SYSTEMPATH\View\View.php(213): include('APPPATH\\Views\\student\\editRecord.php')
 3 SYSTEMPATH\View\View.php(216): CodeIgniter\View\View->CodeIgniter\View\{closure}()
 4 SYSTEMPATH\Common.php(1177): CodeIgniter\View\View->render('student/editRecord', [], true)
 5 APPPATH\Controllers\Student.php(152): view('student/editRecord', [...])
 6 SYSTEMPATH\CodeIgniter.php(934): App\Controllers\Student->editRecord('assets', 'demo', 'chart-area-demo.js')
 7 SYSTEMPATH\CodeIgniter.php(499): CodeIgniter\CodeIgniter->runController(Object(App\Controllers\Student))
 8 SYSTEMPATH\CodeIgniter.php(368): CodeIgniter\CodeIgniter->handleRequest(null, Object(Config\Cache), false)
 9 FCPATH\index.php(67): CodeIgniter\CodeIgniter->run()
CRITICAL - 2023-02-06 09:03:31 --> Attempt to read property "StudentNo" on null
in APPPATH\Views\student\editRecord.php on line 35.
 1 APPPATH\Views\student\editRecord.php(35): CodeIgniter\Debug\Exceptions->errorHandler(2, 'Attempt to read property "StudentNo" on null', 'APPPATH\\Views\\student\\editRecord.php', 35)
 2 SYSTEMPATH\View\View.php(213): include('APPPATH\\Views\\student\\editRecord.php')
 3 SYSTEMPATH\View\View.php(216): CodeIgniter\View\View->CodeIgniter\View\{closure}()
 4 SYSTEMPATH\Common.php(1177): CodeIgniter\View\View->render('student/editRecord', [], true)
 5 APPPATH\Controllers\Student.php(152): view('student/editRecord', [...])
 6 SYSTEMPATH\CodeIgniter.php(934): App\Controllers\Student->editRecord('FCPATH\\public', 'assets', 'js', 'scripts.js')
 7 SYSTEMPATH\CodeIgniter.php(499): CodeIgniter\CodeIgniter->runController(Object(App\Controllers\Student))
 8 SYSTEMPATH\CodeIgniter.php(368): CodeIgniter\CodeIgniter->handleRequest(null, Object(Config\Cache), false)
 9 FCPATH\index.php(67): CodeIgniter\CodeIgniter->run()
CRITICAL - 2023-02-06 09:03:31 --> Attempt to read property "StudentNo" on null
in APPPATH\Views\student\editRecord.php on line 35.
 1 APPPATH\Views\student\editRecord.php(35): CodeIgniter\Debug\Exceptions->errorHandler(2, 'Attempt to read property "StudentNo" on null', 'APPPATH\\Views\\student\\editRecord.php', 35)
 2 SYSTEMPATH\View\View.php(213): include('APPPATH\\Views\\student\\editRecord.php')
 3 SYSTEMPATH\View\View.php(216): CodeIgniter\View\View->CodeIgniter\View\{closure}()
 4 SYSTEMPATH\Common.php(1177): CodeIgniter\View\View->render('student/editRecord', [], true)
 5 APPPATH\Controllers\Student.php(152): view('student/editRecord', [...])
 6 SYSTEMPATH\CodeIgniter.php(934): App\Controllers\Student->editRecord('assets', 'demo', 'chart-bar-demo.js')
 7 SYSTEMPATH\CodeIgniter.php(499): CodeIgniter\CodeIgniter->runController(Object(App\Controllers\Student))
 8 SYSTEMPATH\CodeIgniter.php(368): CodeIgniter\CodeIgniter->handleRequest(null, Object(Config\Cache), false)
 9 FCPATH\index.php(67): CodeIgniter\CodeIgniter->run()
CRITICAL - 2023-02-06 09:04:18 --> Attempt to read property "StudentNo" on null
in APPPATH\Views\student\editRecord.php on line 35.
 1 APPPATH\Views\student\editRecord.php(35): CodeIgniter\Debug\Exceptions->errorHandler(2, 'Attempt to read property "StudentNo" on null', 'APPPATH\\Views\\student\\editRecord.php', 35)
 2 SYSTEMPATH\View\View.php(213): include('APPPATH\\Views\\student\\editRecord.php')
 3 SYSTEMPATH\View\View.php(216): CodeIgniter\View\View->CodeIgniter\View\{closure}()
 4 SYSTEMPATH\Common.php(1177): CodeIgniter\View\View->render('student/editRecord', [], true)
 5 APPPATH\Controllers\Student.php(152): view('student/editRecord', [...])
 6 SYSTEMPATH\CodeIgniter.php(934): App\Controllers\Student->editRecord('FCPATH\\public', 'assets', 'js', 'scripts.js')
 7 SYSTEMPATH\CodeIgniter.php(499): CodeIgniter\CodeIgniter->runController(Object(App\Controllers\Student))
 8 SYSTEMPATH\CodeIgniter.php(368): CodeIgniter\CodeIgniter->handleRequest(null, Object(Config\Cache), false)
 9 FCPATH\index.php(67): CodeIgniter\CodeIgniter->run()
CRITICAL - 2023-02-06 09:04:18 --> Attempt to read property "StudentNo" on null
in APPPATH\Views\student\editRecord.php on line 35.
 1 APPPATH\Views\student\editRecord.php(35): CodeIgniter\Debug\Exceptions->errorHandler(2, 'Attempt to read property "StudentNo" on null', 'APPPATH\\Views\\student\\editRecord.php', 35)
 2 SYSTEMPATH\View\View.php(213): include('APPPATH\\Views\\student\\editRecord.php')
 3 SYSTEMPATH\View\View.php(216): CodeIgniter\View\View->CodeIgniter\View\{closure}()
 4 SYSTEMPATH\Common.php(1177): CodeIgniter\View\View->render('student/editRecord', [], true)
 5 APPPATH\Controllers\Student.php(152): view('student/editRecord', [...])
 6 SYSTEMPATH\CodeIgniter.php(934): App\Controllers\Student->editRecord('assets', 'demo', 'chart-area-demo.js')
 7 SYSTEMPATH\CodeIgniter.php(499): CodeIgniter\CodeIgniter->runController(Object(App\Controllers\Student))
 8 SYSTEMPATH\CodeIgniter.php(368): CodeIgniter\CodeIgniter->handleRequest(null, Object(Config\Cache), false)
 9 FCPATH\index.php(67): CodeIgniter\CodeIgniter->run()
CRITICAL - 2023-02-06 09:04:18 --> Attempt to read property "StudentNo" on null
in APPPATH\Views\student\editRecord.php on line 35.
 1 APPPATH\Views\student\editRecord.php(35): CodeIgniter\Debug\Exceptions->errorHandler(2, 'Attempt to read property "StudentNo" on null', 'APPPATH\\Views\\student\\editRecord.php', 35)
 2 SYSTEMPATH\View\View.php(213): include('APPPATH\\Views\\student\\editRecord.php')
 3 SYSTEMPATH\View\View.php(216): CodeIgniter\View\View->CodeIgniter\View\{closure}()
 4 SYSTEMPATH\Common.php(1177): CodeIgniter\View\View->render('student/editRecord', [], true)
 5 APPPATH\Controllers\Student.php(152): view('student/editRecord', [...])
 6 SYSTEMPATH\CodeIgniter.php(934): App\Controllers\Student->editRecord('assets', 'demo', 'chart-bar-demo.js')
 7 SYSTEMPATH\CodeIgniter.php(499): CodeIgniter\CodeIgniter->runController(Object(App\Controllers\Student))
 8 SYSTEMPATH\CodeIgniter.php(368): CodeIgniter\CodeIgniter->handleRequest(null, Object(Config\Cache), false)
 9 FCPATH\index.php(67): CodeIgniter\CodeIgniter->run()
CRITICAL - 2023-02-06 09:06:54 --> Attempt to read property "StudentNo" on null
in APPPATH\Views\student\editRecord.php on line 35.
 1 APPPATH\Views\student\editRecord.php(35): CodeIgniter\Debug\Exceptions->errorHandler(2, 'Attempt to read property "StudentNo" on null', 'APPPATH\\Views\\student\\editRecord.php', 35)
 2 SYSTEMPATH\View\View.php(213): include('APPPATH\\Views\\student\\editRecord.php')
 3 SYSTEMPATH\View\View.php(216): CodeIgniter\View\View->CodeIgniter\View\{closure}()
 4 SYSTEMPATH\Common.php(1177): CodeIgniter\View\View->render('student/editRecord', [], true)
 5 APPPATH\Controllers\Student.php(152): view('student/editRecord', [...])
 6 SYSTEMPATH\CodeIgniter.php(934): App\Controllers\Student->editRecord('assets', 'demo', 'chart-area-demo.js')
 7 SYSTEMPATH\CodeIgniter.php(499): CodeIgniter\CodeIgniter->runController(Object(App\Controllers\Student))
 8 SYSTEMPATH\CodeIgniter.php(368): CodeIgniter\CodeIgniter->handleRequest(null, Object(Config\Cache), false)
 9 FCPATH\index.php(67): CodeIgniter\CodeIgniter->run()
CRITICAL - 2023-02-06 09:06:54 --> Attempt to read property "StudentNo" on null
in APPPATH\Views\student\editRecord.php on line 35.
 1 APPPATH\Views\student\editRecord.php(35): CodeIgniter\Debug\Exceptions->errorHandler(2, 'Attempt to read property "StudentNo" on null', 'APPPATH\\Views\\student\\editRecord.php', 35)
 2 SYSTEMPATH\View\View.php(213): include('APPPATH\\Views\\student\\editRecord.php')
 3 SYSTEMPATH\View\View.php(216): CodeIgniter\View\View->CodeIgniter\View\{closure}()
 4 SYSTEMPATH\Common.php(1177): CodeIgniter\View\View->render('student/editRecord', [], true)
 5 APPPATH\Controllers\Student.php(152): view('student/editRecord', [...])
 6 SYSTEMPATH\CodeIgniter.php(934): App\Controllers\Student->editRecord('FCPATH\\public', 'assets', 'js', 'scripts.js')
 7 SYSTEMPATH\CodeIgniter.php(499): CodeIgniter\CodeIgniter->runController(Object(App\Controllers\Student))
 8 SYSTEMPATH\CodeIgniter.php(368): CodeIgniter\CodeIgniter->handleRequest(null, Object(Config\Cache), false)
 9 FCPATH\index.php(67): CodeIgniter\CodeIgniter->run()
CRITICAL - 2023-02-06 09:06:54 --> Attempt to read property "StudentNo" on null
in APPPATH\Views\student\editRecord.php on line 35.
 1 APPPATH\Views\student\editRecord.php(35): CodeIgniter\Debug\Exceptions->errorHandler(2, 'Attempt to read property "StudentNo" on null', 'APPPATH\\Views\\student\\editRecord.php', 35)
 2 SYSTEMPATH\View\View.php(213): include('APPPATH\\Views\\student\\editRecord.php')
 3 SYSTEMPATH\View\View.php(216): CodeIgniter\View\View->CodeIgniter\View\{closure}()
 4 SYSTEMPATH\Common.php(1177): CodeIgniter\View\View->render('student/editRecord', [], true)
 5 APPPATH\Controllers\Student.php(152): view('student/editRecord', [...])
 6 SYSTEMPATH\CodeIgniter.php(934): App\Controllers\Student->editRecord('assets', 'demo', 'chart-bar-demo.js')
 7 SYSTEMPATH\CodeIgniter.php(499): CodeIgniter\CodeIgniter->runController(Object(App\Controllers\Student))
 8 SYSTEMPATH\CodeIgniter.php(368): CodeIgniter\CodeIgniter->handleRequest(null, Object(Config\Cache), false)
 9 FCPATH\index.php(67): CodeIgniter\CodeIgniter->run()
CRITICAL - 2023-02-06 09:07:42 --> Attempt to read property "StudentNo" on null
in APPPATH\Views\student\editRecord.php on line 35.
 1 APPPATH\Views\student\editRecord.php(35): CodeIgniter\Debug\Exceptions->errorHandler(2, 'Attempt to read property "StudentNo" on null', 'APPPATH\\Views\\student\\editRecord.php', 35)
 2 SYSTEMPATH\View\View.php(213): include('APPPATH\\Views\\student\\editRecord.php')
 3 SYSTEMPATH\View\View.php(216): CodeIgniter\View\View->CodeIgniter\View\{closure}()
 4 SYSTEMPATH\Common.php(1177): CodeIgniter\View\View->render('student/editRecord', [], true)
 5 APPPATH\Controllers\Student.php(152): view('student/editRecord', [...])
 6 SYSTEMPATH\CodeIgniter.php(934): App\Controllers\Student->editRecord('assets', 'demo', 'chart-bar-demo.js')
 7 SYSTEMPATH\CodeIgniter.php(499): CodeIgniter\CodeIgniter->runController(Object(App\Controllers\Student))
 8 SYSTEMPATH\CodeIgniter.php(368): CodeIgniter\CodeIgniter->handleRequest(null, Object(Config\Cache), false)
 9 FCPATH\index.php(67): CodeIgniter\CodeIgniter->run()
CRITICAL - 2023-02-06 09:07:42 --> Attempt to read property "StudentNo" on null
in APPPATH\Views\student\editRecord.php on line 35.
 1 APPPATH\Views\student\editRecord.php(35): CodeIgniter\Debug\Exceptions->errorHandler(2, 'Attempt to read property "StudentNo" on null', 'APPPATH\\Views\\student\\editRecord.php', 35)
 2 SYSTEMPATH\View\View.php(213): include('APPPATH\\Views\\student\\editRecord.php')
 3 SYSTEMPATH\View\View.php(216): CodeIgniter\View\View->CodeIgniter\View\{closure}()
 4 SYSTEMPATH\Common.php(1177): CodeIgniter\View\View->render('student/editRecord', [], true)
 5 APPPATH\Controllers\Student.php(152): view('student/editRecord', [...])
 6 SYSTEMPATH\CodeIgniter.php(934): App\Controllers\Student->editRecord('assets', 'demo', 'chart-area-demo.js')
 7 SYSTEMPATH\CodeIgniter.php(499): CodeIgniter\CodeIgniter->runController(Object(App\Controllers\Student))
 8 SYSTEMPATH\CodeIgniter.php(368): CodeIgniter\CodeIgniter->handleRequest(null, Object(Config\Cache), false)
 9 FCPATH\index.php(67): CodeIgniter\CodeIgniter->run()
CRITICAL - 2023-02-06 09:07:42 --> Attempt to read property "StudentNo" on null
in APPPATH\Views\student\editRecord.php on line 35.
 1 APPPATH\Views\student\editRecord.php(35): CodeIgniter\Debug\Exceptions->errorHandler(2, 'Attempt to read property "StudentNo" on null', 'APPPATH\\Views\\student\\editRecord.php', 35)
 2 SYSTEMPATH\View\View.php(213): include('APPPATH\\Views\\student\\editRecord.php')
 3 SYSTEMPATH\View\View.php(216): CodeIgniter\View\View->CodeIgniter\View\{closure}()
 4 SYSTEMPATH\Common.php(1177): CodeIgniter\View\View->render('student/editRecord', [], true)
 5 APPPATH\Controllers\Student.php(152): view('student/editRecord', [...])
 6 SYSTEMPATH\CodeIgniter.php(934): App\Controllers\Student->editRecord('FCPATH\\public', 'assets', 'js', 'scripts.js')
 7 SYSTEMPATH\CodeIgniter.php(499): CodeIgniter\CodeIgniter->runController(Object(App\Controllers\Student))
 8 SYSTEMPATH\CodeIgniter.php(368): CodeIgniter\CodeIgniter->handleRequest(null, Object(Config\Cache), false)
 9 FCPATH\index.php(67): CodeIgniter\CodeIgniter->run()
CRITICAL - 2023-02-06 09:08:27 --> Attempt to read property "StudentNo" on null
in APPPATH\Views\student\editRecord.php on line 35.
 1 APPPATH\Views\student\editRecord.php(35): CodeIgniter\Debug\Exceptions->errorHandler(2, 'Attempt to read property "StudentNo" on null', 'APPPATH\\Views\\student\\editRecord.php', 35)
 2 SYSTEMPATH\View\View.php(213): include('APPPATH\\Views\\student\\editRecord.php')
 3 SYSTEMPATH\View\View.php(216): CodeIgniter\View\View->CodeIgniter\View\{closure}()
 4 SYSTEMPATH\Common.php(1177): CodeIgniter\View\View->render('student/editRecord', [], true)
 5 APPPATH\Controllers\Student.php(152): view('student/editRecord', [...])
 6 SYSTEMPATH\CodeIgniter.php(934): App\Controllers\Student->editRecord('assets', 'demo', 'chart-area-demo.js')
 7 SYSTEMPATH\CodeIgniter.php(499): CodeIgniter\CodeIgniter->runController(Object(App\Controllers\Student))
 8 SYSTEMPATH\CodeIgniter.php(368): CodeIgniter\CodeIgniter->handleRequest(null, Object(Config\Cache), false)
 9 FCPATH\index.php(67): CodeIgniter\CodeIgniter->run()
CRITICAL - 2023-02-06 09:08:27 --> Attempt to read property "StudentNo" on null
in APPPATH\Views\student\editRecord.php on line 35.
 1 APPPATH\Views\student\editRecord.php(35): CodeIgniter\Debug\Exceptions->errorHandler(2, 'Attempt to read property "StudentNo" on null', 'APPPATH\\Views\\student\\editRecord.php', 35)
 2 SYSTEMPATH\View\View.php(213): include('APPPATH\\Views\\student\\editRecord.php')
 3 SYSTEMPATH\View\View.php(216): CodeIgniter\View\View->CodeIgniter\View\{closure}()
 4 SYSTEMPATH\Common.php(1177): CodeIgniter\View\View->render('student/editRecord', [], true)
 5 APPPATH\Controllers\Student.php(152): view('student/editRecord', [...])
 6 SYSTEMPATH\CodeIgniter.php(934): App\Controllers\Student->editRecord('assets', 'demo', 'chart-bar-demo.js')
 7 SYSTEMPATH\CodeIgniter.php(499): CodeIgniter\CodeIgniter->runController(Object(App\Controllers\Student))
 8 SYSTEMPATH\CodeIgniter.php(368): CodeIgniter\CodeIgniter->handleRequest(null, Object(Config\Cache), false)
 9 FCPATH\index.php(67): CodeIgniter\CodeIgniter->run()
CRITICAL - 2023-02-06 09:08:27 --> Attempt to read property "StudentNo" on null
in APPPATH\Views\student\editRecord.php on line 35.
 1 APPPATH\Views\student\editRecord.php(35): CodeIgniter\Debug\Exceptions->errorHandler(2, 'Attempt to read property "StudentNo" on null', 'APPPATH\\Views\\student\\editRecord.php', 35)
 2 SYSTEMPATH\View\View.php(213): include('APPPATH\\Views\\student\\editRecord.php')
 3 SYSTEMPATH\View\View.php(216): CodeIgniter\View\View->CodeIgniter\View\{closure}()
 4 SYSTEMPATH\Common.php(1177): CodeIgniter\View\View->render('student/editRecord', [], true)
 5 APPPATH\Controllers\Student.php(152): view('student/editRecord', [...])
 6 SYSTEMPATH\CodeIgniter.php(934): App\Controllers\Student->editRecord('FCPATH\\public', 'assets', 'js', 'scripts.js')
 7 SYSTEMPATH\CodeIgniter.php(499): CodeIgniter\CodeIgniter->runController(Object(App\Controllers\Student))
 8 SYSTEMPATH\CodeIgniter.php(368): CodeIgniter\CodeIgniter->handleRequest(null, Object(Config\Cache), false)
 9 FCPATH\index.php(67): CodeIgniter\CodeIgniter->run()
CRITICAL - 2023-02-06 09:08:31 --> Attempt to read property "StudentNo" on null
in APPPATH\Views\student\editRecord.php on line 35.
 1 APPPATH\Views\student\editRecord.php(35): CodeIgniter\Debug\Exceptions->errorHandler(2, 'Attempt to read property "StudentNo" on null', 'APPPATH\\Views\\student\\editRecord.php', 35)
 2 SYSTEMPATH\View\View.php(213): include('APPPATH\\Views\\student\\editRecord.php')
 3 SYSTEMPATH\View\View.php(216): CodeIgniter\View\View->CodeIgniter\View\{closure}()
 4 SYSTEMPATH\Common.php(1177): CodeIgniter\View\View->render('student/editRecord', [], true)
 5 APPPATH\Controllers\Student.php(152): view('student/editRecord', [...])
 6 SYSTEMPATH\CodeIgniter.php(934): App\Controllers\Student->editRecord('assets', 'demo', 'chart-area-demo.js')
 7 SYSTEMPATH\CodeIgniter.php(499): CodeIgniter\CodeIgniter->runController(Object(App\Controllers\Student))
 8 SYSTEMPATH\CodeIgniter.php(368): CodeIgniter\CodeIgniter->handleRequest(null, Object(Config\Cache), false)
 9 FCPATH\index.php(67): CodeIgniter\CodeIgniter->run()
CRITICAL - 2023-02-06 09:08:31 --> Attempt to read property "StudentNo" on null
in APPPATH\Views\student\editRecord.php on line 35.
 1 APPPATH\Views\student\editRecord.php(35): CodeIgniter\Debug\Exceptions->errorHandler(2, 'Attempt to read property "StudentNo" on null', 'APPPATH\\Views\\student\\editRecord.php', 35)
 2 SYSTEMPATH\View\View.php(213): include('APPPATH\\Views\\student\\editRecord.php')
 3 SYSTEMPATH\View\View.php(216): CodeIgniter\View\View->CodeIgniter\View\{closure}()
 4 SYSTEMPATH\Common.php(1177): CodeIgniter\View\View->render('student/editRecord', [], true)
 5 APPPATH\Controllers\Student.php(152): view('student/editRecord', [...])
 6 SYSTEMPATH\CodeIgniter.php(934): App\Controllers\Student->editRecord('assets', 'demo', 'chart-bar-demo.js')
 7 SYSTEMPATH\CodeIgniter.php(499): CodeIgniter\CodeIgniter->runController(Object(App\Controllers\Student))
 8 SYSTEMPATH\CodeIgniter.php(368): CodeIgniter\CodeIgniter->handleRequest(null, Object(Config\Cache), false)
 9 FCPATH\index.php(67): CodeIgniter\CodeIgniter->run()
CRITICAL - 2023-02-06 09:08:31 --> Attempt to read property "StudentNo" on null
in APPPATH\Views\student\editRecord.php on line 35.
 1 APPPATH\Views\student\editRecord.php(35): CodeIgniter\Debug\Exceptions->errorHandler(2, 'Attempt to read property "StudentNo" on null', 'APPPATH\\Views\\student\\editRecord.php', 35)
 2 SYSTEMPATH\View\View.php(213): include('APPPATH\\Views\\student\\editRecord.php')
 3 SYSTEMPATH\View\View.php(216): CodeIgniter\View\View->CodeIgniter\View\{closure}()
 4 SYSTEMPATH\Common.php(1177): CodeIgniter\View\View->render('student/editRecord', [], true)
 5 APPPATH\Controllers\Student.php(152): view('student/editRecord', [...])
 6 SYSTEMPATH\CodeIgniter.php(934): App\Controllers\Student->editRecord('FCPATH\\public', 'assets', 'js', 'scripts.js')
 7 SYSTEMPATH\CodeIgniter.php(499): CodeIgniter\CodeIgniter->runController(Object(App\Controllers\Student))
 8 SYSTEMPATH\CodeIgniter.php(368): CodeIgniter\CodeIgniter->handleRequest(null, Object(Config\Cache), false)
 9 FCPATH\index.php(67): CodeIgniter\CodeIgniter->run()
CRITICAL - 2023-02-06 09:18:55 --> Attempt to read property "StudentNo" on null
in APPPATH\Views\student\editRecord.php on line 35.
 1 APPPATH\Views\student\editRecord.php(35): CodeIgniter\Debug\Exceptions->errorHandler(2, 'Attempt to read property "StudentNo" on null', 'APPPATH\\Views\\student\\editRecord.php', 35)
 2 SYSTEMPATH\View\View.php(213): include('APPPATH\\Views\\student\\editRecord.php')
 3 SYSTEMPATH\View\View.php(216): CodeIgniter\View\View->CodeIgniter\View\{closure}()
 4 SYSTEMPATH\Common.php(1177): CodeIgniter\View\View->render('student/editRecord', [], true)
 5 APPPATH\Controllers\Student.php(151): view('student/editRecord', [...])
 6 SYSTEMPATH\CodeIgniter.php(934): App\Controllers\Student->editRecord('assets', 'demo', 'chart-bar-demo.js')
 7 SYSTEMPATH\CodeIgniter.php(499): CodeIgniter\CodeIgniter->runController(Object(App\Controllers\Student))
 8 SYSTEMPATH\CodeIgniter.php(368): CodeIgniter\CodeIgniter->handleRequest(null, Object(Config\Cache), false)
 9 FCPATH\index.php(67): CodeIgniter\CodeIgniter->run()
CRITICAL - 2023-02-06 09:18:55 --> Attempt to read property "StudentNo" on null
in APPPATH\Views\student\editRecord.php on line 35.
 1 APPPATH\Views\student\editRecord.php(35): CodeIgniter\Debug\Exceptions->errorHandler(2, 'Attempt to read property "StudentNo" on null', 'APPPATH\\Views\\student\\editRecord.php', 35)
 2 SYSTEMPATH\View\View.php(213): include('APPPATH\\Views\\student\\editRecord.php')
 3 SYSTEMPATH\View\View.php(216): CodeIgniter\View\View->CodeIgniter\View\{closure}()
 4 SYSTEMPATH\Common.php(1177): CodeIgniter\View\View->render('student/editRecord', [], true)
 5 APPPATH\Controllers\Student.php(151): view('student/editRecord', [...])
 6 SYSTEMPATH\CodeIgniter.php(934): App\Controllers\Student->editRecord('FCPATH\\public', 'assets', 'js', 'scripts.js')
 7 SYSTEMPATH\CodeIgniter.php(499): CodeIgniter\CodeIgniter->runController(Object(App\Controllers\Student))
 8 SYSTEMPATH\CodeIgniter.php(368): CodeIgniter\CodeIgniter->handleRequest(null, Object(Config\Cache), false)
 9 FCPATH\index.php(67): CodeIgniter\CodeIgniter->run()
CRITICAL - 2023-02-06 09:18:55 --> Attempt to read property "StudentNo" on null
in APPPATH\Views\student\editRecord.php on line 35.
 1 APPPATH\Views\student\editRecord.php(35): CodeIgniter\Debug\Exceptions->errorHandler(2, 'Attempt to read property "StudentNo" on null', 'APPPATH\\Views\\student\\editRecord.php', 35)
 2 SYSTEMPATH\View\View.php(213): include('APPPATH\\Views\\student\\editRecord.php')
 3 SYSTEMPATH\View\View.php(216): CodeIgniter\View\View->CodeIgniter\View\{closure}()
 4 SYSTEMPATH\Common.php(1177): CodeIgniter\View\View->render('student/editRecord', [], true)
 5 APPPATH\Controllers\Student.php(151): view('student/editRecord', [...])
 6 SYSTEMPATH\CodeIgniter.php(934): App\Controllers\Student->editRecord('assets', 'demo', 'chart-area-demo.js')
 7 SYSTEMPATH\CodeIgniter.php(499): CodeIgniter\CodeIgniter->runController(Object(App\Controllers\Student))
 8 SYSTEMPATH\CodeIgniter.php(368): CodeIgniter\CodeIgniter->handleRequest(null, Object(Config\Cache), false)
 9 FCPATH\index.php(67): CodeIgniter\CodeIgniter->run()
CRITICAL - 2023-02-06 09:19:01 --> Too few arguments to function App\Controllers\Student::editRecord(), 0 passed in C:\xampp\htdocs\itec222\system\CodeIgniter.php on line 934 and exactly 1 expected
in APPPATH\Controllers\Student.php on line 90.
 1 SYSTEMPATH\CodeIgniter.php(934): App\Controllers\Student->editRecord()
 2 SYSTEMPATH\CodeIgniter.php(499): CodeIgniter\CodeIgniter->runController(Object(App\Controllers\Student))
 3 SYSTEMPATH\CodeIgniter.php(368): CodeIgniter\CodeIgniter->handleRequest(null, Object(Config\Cache), false)
 4 FCPATH\index.php(67): CodeIgniter\CodeIgniter->run()
CRITICAL - 2023-02-06 09:19:03 --> Attempt to read property "StudentNo" on null
in APPPATH\Views\student\editRecord.php on line 35.
 1 APPPATH\Views\student\editRecord.php(35): CodeIgniter\Debug\Exceptions->errorHandler(2, 'Attempt to read property "StudentNo" on null', 'APPPATH\\Views\\student\\editRecord.php', 35)
 2 SYSTEMPATH\View\View.php(213): include('APPPATH\\Views\\student\\editRecord.php')
 3 SYSTEMPATH\View\View.php(216): CodeIgniter\View\View->CodeIgniter\View\{closure}()
 4 SYSTEMPATH\Common.php(1177): CodeIgniter\View\View->render('student/editRecord', [], true)
 5 APPPATH\Controllers\Student.php(151): view('student/editRecord', [...])
 6 SYSTEMPATH\CodeIgniter.php(934): App\Controllers\Student->editRecord('assets', 'demo', 'chart-area-demo.js')
 7 SYSTEMPATH\CodeIgniter.php(499): CodeIgniter\CodeIgniter->runController(Object(App\Controllers\Student))
 8 SYSTEMPATH\CodeIgniter.php(368): CodeIgniter\CodeIgniter->handleRequest(null, Object(Config\Cache), false)
 9 FCPATH\index.php(67): CodeIgniter\CodeIgniter->run()
CRITICAL - 2023-02-06 09:19:03 --> Attempt to read property "StudentNo" on null
in APPPATH\Views\student\editRecord.php on line 35.
 1 APPPATH\Views\student\editRecord.php(35): CodeIgniter\Debug\Exceptions->errorHandler(2, 'Attempt to read property "StudentNo" on null', 'APPPATH\\Views\\student\\editRecord.php', 35)
 2 SYSTEMPATH\View\View.php(213): include('APPPATH\\Views\\student\\editRecord.php')
 3 SYSTEMPATH\View\View.php(216): CodeIgniter\View\View->CodeIgniter\View\{closure}()
 4 SYSTEMPATH\Common.php(1177): CodeIgniter\View\View->render('student/editRecord', [], true)
 5 APPPATH\Controllers\Student.php(151): view('student/editRecord', [...])
 6 SYSTEMPATH\CodeIgniter.php(934): App\Controllers\Student->editRecord('assets', 'demo', 'chart-bar-demo.js')
 7 SYSTEMPATH\CodeIgniter.php(499): CodeIgniter\CodeIgniter->runController(Object(App\Controllers\Student))
 8 SYSTEMPATH\CodeIgniter.php(368): CodeIgniter\CodeIgniter->handleRequest(null, Object(Config\Cache), false)
 9 FCPATH\index.php(67): CodeIgniter\CodeIgniter->run()
CRITICAL - 2023-02-06 09:19:03 --> Attempt to read property "StudentNo" on null
in APPPATH\Views\student\editRecord.php on line 35.
 1 APPPATH\Views\student\editRecord.php(35): CodeIgniter\Debug\Exceptions->errorHandler(2, 'Attempt to read property "StudentNo" on null', 'APPPATH\\Views\\student\\editRecord.php', 35)
 2 SYSTEMPATH\View\View.php(213): include('APPPATH\\Views\\student\\editRecord.php')
 3 SYSTEMPATH\View\View.php(216): CodeIgniter\View\View->CodeIgniter\View\{closure}()
 4 SYSTEMPATH\Common.php(1177): CodeIgniter\View\View->render('student/editRecord', [], true)
 5 APPPATH\Controllers\Student.php(151): view('student/editRecord', [...])
 6 SYSTEMPATH\CodeIgniter.php(934): App\Controllers\Student->editRecord('FCPATH\\public', 'assets', 'js', 'scripts.js')
 7 SYSTEMPATH\CodeIgniter.php(499): CodeIgniter\CodeIgniter->runController(Object(App\Controllers\Student))
 8 SYSTEMPATH\CodeIgniter.php(368): CodeIgniter\CodeIgniter->handleRequest(null, Object(Config\Cache), false)
 9 FCPATH\index.php(67): CodeIgniter\CodeIgniter->run()
CRITICAL - 2023-02-06 09:19:08 --> Attempt to read property "StudentNo" on null
in APPPATH\Views\student\editRecord.php on line 35.
 1 APPPATH\Views\student\editRecord.php(35): CodeIgniter\Debug\Exceptions->errorHandler(2, 'Attempt to read property "StudentNo" on null', 'APPPATH\\Views\\student\\editRecord.php', 35)
 2 SYSTEMPATH\View\View.php(213): include('APPPATH\\Views\\student\\editRecord.php')
 3 SYSTEMPATH\View\View.php(216): CodeIgniter\View\View->CodeIgniter\View\{closure}()
 4 SYSTEMPATH\Common.php(1177): CodeIgniter\View\View->render('student/editRecord', [], true)
 5 APPPATH\Controllers\Student.php(151): view('student/editRecord', [...])
 6 SYSTEMPATH\CodeIgniter.php(934): App\Controllers\Student->editRecord('FCPATH\\public', 'assets', 'js', 'scripts.js')
 7 SYSTEMPATH\CodeIgniter.php(499): CodeIgniter\CodeIgniter->runController(Object(App\Controllers\Student))
 8 SYSTEMPATH\CodeIgniter.php(368): CodeIgniter\CodeIgniter->handleRequest(null, Object(Config\Cache), false)
 9 FCPATH\index.php(67): CodeIgniter\CodeIgniter->run()
CRITICAL - 2023-02-06 09:19:08 --> Attempt to read property "StudentNo" on null
in APPPATH\Views\student\editRecord.php on line 35.
 1 APPPATH\Views\student\editRecord.php(35): CodeIgniter\Debug\Exceptions->errorHandler(2, 'Attempt to read property "StudentNo" on null', 'APPPATH\\Views\\student\\editRecord.php', 35)
 2 SYSTEMPATH\View\View.php(213): include('APPPATH\\Views\\student\\editRecord.php')
 3 SYSTEMPATH\View\View.php(216): CodeIgniter\View\View->CodeIgniter\View\{closure}()
 4 SYSTEMPATH\Common.php(1177): CodeIgniter\View\View->render('student/editRecord', [], true)
 5 APPPATH\Controllers\Student.php(151): view('student/editRecord', [...])
 6 SYSTEMPATH\CodeIgniter.php(934): App\Controllers\Student->editRecord('assets', 'demo', 'chart-bar-demo.js')
 7 SYSTEMPATH\CodeIgniter.php(499): CodeIgniter\CodeIgniter->runController(Object(App\Controllers\Student))
 8 SYSTEMPATH\CodeIgniter.php(368): CodeIgniter\CodeIgniter->handleRequest(null, Object(Config\Cache), false)
 9 FCPATH\index.php(67): CodeIgniter\CodeIgniter->run()
CRITICAL - 2023-02-06 09:19:08 --> Attempt to read property "StudentNo" on null
in APPPATH\Views\student\editRecord.php on line 35.
 1 APPPATH\Views\student\editRecord.php(35): CodeIgniter\Debug\Exceptions->errorHandler(2, 'Attempt to read property "StudentNo" on null', 'APPPATH\\Views\\student\\editRecord.php', 35)
 2 SYSTEMPATH\View\View.php(213): include('APPPATH\\Views\\student\\editRecord.php')
 3 SYSTEMPATH\View\View.php(216): CodeIgniter\View\View->CodeIgniter\View\{closure}()
 4 SYSTEMPATH\Common.php(1177): CodeIgniter\View\View->render('student/editRecord', [], true)
 5 APPPATH\Controllers\Student.php(151): view('student/editRecord', [...])
 6 SYSTEMPATH\CodeIgniter.php(934): App\Controllers\Student->editRecord('assets', 'demo', 'chart-area-demo.js')
 7 SYSTEMPATH\CodeIgniter.php(499): CodeIgniter\CodeIgniter->runController(Object(App\Controllers\Student))
 8 SYSTEMPATH\CodeIgniter.php(368): CodeIgniter\CodeIgniter->handleRequest(null, Object(Config\Cache), false)
 9 FCPATH\index.php(67): CodeIgniter\CodeIgniter->run()
CRITICAL - 2023-02-06 09:19:18 --> Too few arguments to function App\Controllers\Student::editRecord(), 0 passed in C:\xampp\htdocs\itec222\system\CodeIgniter.php on line 934 and exactly 1 expected
in APPPATH\Controllers\Student.php on line 90.
 1 SYSTEMPATH\CodeIgniter.php(934): App\Controllers\Student->editRecord()
 2 SYSTEMPATH\CodeIgniter.php(499): CodeIgniter\CodeIgniter->runController(Object(App\Controllers\Student))
 3 SYSTEMPATH\CodeIgniter.php(368): CodeIgniter\CodeIgniter->handleRequest(null, Object(Config\Cache), false)
 4 FCPATH\index.php(67): CodeIgniter\CodeIgniter->run()
CRITICAL - 2023-02-06 09:19:20 --> Attempt to read property "StudentNo" on null
in APPPATH\Views\student\editRecord.php on line 35.
 1 APPPATH\Views\student\editRecord.php(35): CodeIgniter\Debug\Exceptions->errorHandler(2, 'Attempt to read property "StudentNo" on null', 'APPPATH\\Views\\student\\editRecord.php', 35)
 2 SYSTEMPATH\View\View.php(213): include('APPPATH\\Views\\student\\editRecord.php')
 3 SYSTEMPATH\View\View.php(216): CodeIgniter\View\View->CodeIgniter\View\{closure}()
 4 SYSTEMPATH\Common.php(1177): CodeIgniter\View\View->render('student/editRecord', [], true)
 5 APPPATH\Controllers\Student.php(151): view('student/editRecord', [...])
 6 SYSTEMPATH\CodeIgniter.php(934): App\Controllers\Student->editRecord('assets', 'demo', 'chart-area-demo.js')
 7 SYSTEMPATH\CodeIgniter.php(499): CodeIgniter\CodeIgniter->runController(Object(App\Controllers\Student))
 8 SYSTEMPATH\CodeIgniter.php(368): CodeIgniter\CodeIgniter->handleRequest(null, Object(Config\Cache), false)
 9 FCPATH\index.php(67): CodeIgniter\CodeIgniter->run()
CRITICAL - 2023-02-06 09:19:20 --> Attempt to read property "StudentNo" on null
in APPPATH\Views\student\editRecord.php on line 35.
 1 APPPATH\Views\student\editRecord.php(35): CodeIgniter\Debug\Exceptions->errorHandler(2, 'Attempt to read property "StudentNo" on null', 'APPPATH\\Views\\student\\editRecord.php', 35)
 2 SYSTEMPATH\View\View.php(213): include('APPPATH\\Views\\student\\editRecord.php')
 3 SYSTEMPATH\View\View.php(216): CodeIgniter\View\View->CodeIgniter\View\{closure}()
 4 SYSTEMPATH\Common.php(1177): CodeIgniter\View\View->render('student/editRecord', [], true)
 5 APPPATH\Controllers\Student.php(151): view('student/editRecord', [...])
 6 SYSTEMPATH\CodeIgniter.php(934): App\Controllers\Student->editRecord('assets', 'demo', 'chart-bar-demo.js')
 7 SYSTEMPATH\CodeIgniter.php(499): CodeIgniter\CodeIgniter->runController(Object(App\Controllers\Student))
 8 SYSTEMPATH\CodeIgniter.php(368): CodeIgniter\CodeIgniter->handleRequest(null, Object(Config\Cache), false)
 9 FCPATH\index.php(67): CodeIgniter\CodeIgniter->run()
CRITICAL - 2023-02-06 09:19:20 --> Attempt to read property "StudentNo" on null
in APPPATH\Views\student\editRecord.php on line 35.
 1 APPPATH\Views\student\editRecord.php(35): CodeIgniter\Debug\Exceptions->errorHandler(2, 'Attempt to read property "StudentNo" on null', 'APPPATH\\Views\\student\\editRecord.php', 35)
 2 SYSTEMPATH\View\View.php(213): include('APPPATH\\Views\\student\\editRecord.php')
 3 SYSTEMPATH\View\View.php(216): CodeIgniter\View\View->CodeIgniter\View\{closure}()
 4 SYSTEMPATH\Common.php(1177): CodeIgniter\View\View->render('student/editRecord', [], true)
 5 APPPATH\Controllers\Student.php(151): view('student/editRecord', [...])
 6 SYSTEMPATH\CodeIgniter.php(934): App\Controllers\Student->editRecord('FCPATH\\public', 'assets', 'js', 'scripts.js')
 7 SYSTEMPATH\CodeIgniter.php(499): CodeIgniter\CodeIgniter->runController(Object(App\Controllers\Student))
 8 SYSTEMPATH\CodeIgniter.php(368): CodeIgniter\CodeIgniter->handleRequest(null, Object(Config\Cache), false)
 9 FCPATH\index.php(67): CodeIgniter\CodeIgniter->run()
CRITICAL - 2023-02-06 09:21:14 --> Attempt to read property "StudentNo" on null
in APPPATH\Views\student\editRecord.php on line 31.
 1 APPPATH\Views\student\editRecord.php(31): CodeIgniter\Debug\Exceptions->errorHandler(2, 'Attempt to read property "StudentNo" on null', 'APPPATH\\Views\\student\\editRecord.php', 31)
 2 SYSTEMPATH\View\View.php(213): include('APPPATH\\Views\\student\\editRecord.php')
 3 SYSTEMPATH\View\View.php(216): CodeIgniter\View\View->CodeIgniter\View\{closure}()
 4 SYSTEMPATH\Common.php(1177): CodeIgniter\View\View->render('student/editRecord', [], true)
 5 APPPATH\Controllers\Student.php(151): view('student/editRecord', [...])
 6 SYSTEMPATH\CodeIgniter.php(934): App\Controllers\Student->editRecord('assets', 'demo', 'chart-bar-demo.js')
 7 SYSTEMPATH\CodeIgniter.php(499): CodeIgniter\CodeIgniter->runController(Object(App\Controllers\Student))
 8 SYSTEMPATH\CodeIgniter.php(368): CodeIgniter\CodeIgniter->handleRequest(null, Object(Config\Cache), false)
 9 FCPATH\index.php(67): CodeIgniter\CodeIgniter->run()
CRITICAL - 2023-02-06 09:21:14 --> Attempt to read property "StudentNo" on null
in APPPATH\Views\student\editRecord.php on line 31.
 1 APPPATH\Views\student\editRecord.php(31): CodeIgniter\Debug\Exceptions->errorHandler(2, 'Attempt to read property "StudentNo" on null', 'APPPATH\\Views\\student\\editRecord.php', 31)
 2 SYSTEMPATH\View\View.php(213): include('APPPATH\\Views\\student\\editRecord.php')
 3 SYSTEMPATH\View\View.php(216): CodeIgniter\View\View->CodeIgniter\View\{closure}()
 4 SYSTEMPATH\Common.php(1177): CodeIgniter\View\View->render('student/editRecord', [], true)
 5 APPPATH\Controllers\Student.php(151): view('student/editRecord', [...])
 6 SYSTEMPATH\CodeIgniter.php(934): App\Controllers\Student->editRecord('assets', 'demo', 'chart-area-demo.js')
 7 SYSTEMPATH\CodeIgniter.php(499): CodeIgniter\CodeIgniter->runController(Object(App\Controllers\Student))
 8 SYSTEMPATH\CodeIgniter.php(368): CodeIgniter\CodeIgniter->handleRequest(null, Object(Config\Cache), false)
 9 FCPATH\index.php(67): CodeIgniter\CodeIgniter->run()
CRITICAL - 2023-02-06 09:21:14 --> Attempt to read property "StudentNo" on null
in APPPATH\Views\student\editRecord.php on line 31.
 1 APPPATH\Views\student\editRecord.php(31): CodeIgniter\Debug\Exceptions->errorHandler(2, 'Attempt to read property "StudentNo" on null', 'APPPATH\\Views\\student\\editRecord.php', 31)
 2 SYSTEMPATH\View\View.php(213): include('APPPATH\\Views\\student\\editRecord.php')
 3 SYSTEMPATH\View\View.php(216): CodeIgniter\View\View->CodeIgniter\View\{closure}()
 4 SYSTEMPATH\Common.php(1177): CodeIgniter\View\View->render('student/editRecord', [], true)
 5 APPPATH\Controllers\Student.php(151): view('student/editRecord', [...])
 6 SYSTEMPATH\CodeIgniter.php(934): App\Controllers\Student->editRecord('FCPATH\\public', 'assets', 'js', 'scripts.js')
 7 SYSTEMPATH\CodeIgniter.php(499): CodeIgniter\CodeIgniter->runController(Object(App\Controllers\Student))
 8 SYSTEMPATH\CodeIgniter.php(368): CodeIgniter\CodeIgniter->handleRequest(null, Object(Config\Cache), false)
 9 FCPATH\index.php(67): CodeIgniter\CodeIgniter->run()
CRITICAL - 2023-02-06 09:21:22 --> Attempt to read property "StudentNo" on null
in APPPATH\Views\student\editRecord.php on line 31.
 1 APPPATH\Views\student\editRecord.php(31): CodeIgniter\Debug\Exceptions->errorHandler(2, 'Attempt to read property "StudentNo" on null', 'APPPATH\\Views\\student\\editRecord.php', 31)
 2 SYSTEMPATH\View\View.php(213): include('APPPATH\\Views\\student\\editRecord.php')
 3 SYSTEMPATH\View\View.php(216): CodeIgniter\View\View->CodeIgniter\View\{closure}()
 4 SYSTEMPATH\Common.php(1177): CodeIgniter\View\View->render('student/editRecord', [], true)
 5 APPPATH\Controllers\Student.php(151): view('student/editRecord', [...])
 6 SYSTEMPATH\CodeIgniter.php(934): App\Controllers\Student->editRecord('assets', 'demo', 'chart-bar-demo.js')
 7 SYSTEMPATH\CodeIgniter.php(499): CodeIgniter\CodeIgniter->runController(Object(App\Controllers\Student))
 8 SYSTEMPATH\CodeIgniter.php(368): CodeIgniter\CodeIgniter->handleRequest(null, Object(Config\Cache), false)
 9 FCPATH\index.php(67): CodeIgniter\CodeIgniter->run()
CRITICAL - 2023-02-06 09:21:22 --> Attempt to read property "StudentNo" on null
in APPPATH\Views\student\editRecord.php on line 31.
 1 APPPATH\Views\student\editRecord.php(31): CodeIgniter\Debug\Exceptions->errorHandler(2, 'Attempt to read property "StudentNo" on null', 'APPPATH\\Views\\student\\editRecord.php', 31)
 2 SYSTEMPATH\View\View.php(213): include('APPPATH\\Views\\student\\editRecord.php')
 3 SYSTEMPATH\View\View.php(216): CodeIgniter\View\View->CodeIgniter\View\{closure}()
 4 SYSTEMPATH\Common.php(1177): CodeIgniter\View\View->render('student/editRecord', [], true)
 5 APPPATH\Controllers\Student.php(151): view('student/editRecord', [...])
 6 SYSTEMPATH\CodeIgniter.php(934): App\Controllers\Student->editRecord('assets', 'demo', 'chart-area-demo.js')
 7 SYSTEMPATH\CodeIgniter.php(499): CodeIgniter\CodeIgniter->runController(Object(App\Controllers\Student))
 8 SYSTEMPATH\CodeIgniter.php(368): CodeIgniter\CodeIgniter->handleRequest(null, Object(Config\Cache), false)
 9 FCPATH\index.php(67): CodeIgniter\CodeIgniter->run()
CRITICAL - 2023-02-06 09:21:22 --> Attempt to read property "StudentNo" on null
in APPPATH\Views\student\editRecord.php on line 31.
 1 APPPATH\Views\student\editRecord.php(31): CodeIgniter\Debug\Exceptions->errorHandler(2, 'Attempt to read property "StudentNo" on null', 'APPPATH\\Views\\student\\editRecord.php', 31)
 2 SYSTEMPATH\View\View.php(213): include('APPPATH\\Views\\student\\editRecord.php')
 3 SYSTEMPATH\View\View.php(216): CodeIgniter\View\View->CodeIgniter\View\{closure}()
 4 SYSTEMPATH\Common.php(1177): CodeIgniter\View\View->render('student/editRecord', [], true)
 5 APPPATH\Controllers\Student.php(151): view('student/editRecord', [...])
 6 SYSTEMPATH\CodeIgniter.php(934): App\Controllers\Student->editRecord('FCPATH\\public', 'assets', 'js', 'scripts.js')
 7 SYSTEMPATH\CodeIgniter.php(499): CodeIgniter\CodeIgniter->runController(Object(App\Controllers\Student))
 8 SYSTEMPATH\CodeIgniter.php(368): CodeIgniter\CodeIgniter->handleRequest(null, Object(Config\Cache), false)
 9 FCPATH\index.php(67): CodeIgniter\CodeIgniter->run()
CRITICAL - 2023-02-06 09:31:16 --> Undefined variable $studentNo
in APPPATH\Controllers\Student.php on line 157.
 1 APPPATH\Controllers\Student.php(157): CodeIgniter\Debug\Exceptions->errorHandler(2, 'Undefined variable $studentNo', 'APPPATH\\Controllers\\Student.php', 157)
 2 SYSTEMPATH\CodeIgniter.php(934): App\Controllers\Student->deleteRecord('212121212')
 3 SYSTEMPATH\CodeIgniter.php(499): CodeIgniter\CodeIgniter->runController(Object(App\Controllers\Student))
 4 SYSTEMPATH\CodeIgniter.php(368): CodeIgniter\CodeIgniter->handleRequest(null, Object(Config\Cache), false)
 5 FCPATH\index.php(67): CodeIgniter\CodeIgniter->run()
CRITICAL - 2023-02-06 09:36:36 --> Attempt to read property "StudentNo" on null
in APPPATH\Views\student\editRecord.php on line 31.
 1 APPPATH\Views\student\editRecord.php(31): CodeIgniter\Debug\Exceptions->errorHandler(2, 'Attempt to read property "StudentNo" on null', 'APPPATH\\Views\\student\\editRecord.php', 31)
 2 SYSTEMPATH\View\View.php(213): include('APPPATH\\Views\\student\\editRecord.php')
 3 SYSTEMPATH\View\View.php(216): CodeIgniter\View\View->CodeIgniter\View\{closure}()
 4 SYSTEMPATH\Common.php(1177): CodeIgniter\View\View->render('student/editRecord', [], true)
 5 APPPATH\Controllers\Student.php(151): view('student/editRecord', [...])
 6 SYSTEMPATH\CodeIgniter.php(934): App\Controllers\Student->editRecord('FCPATH\\public', 'assets', 'js', 'scripts.js')
 7 SYSTEMPATH\CodeIgniter.php(499): CodeIgniter\CodeIgniter->runController(Object(App\Controllers\Student))
 8 SYSTEMPATH\CodeIgniter.php(368): CodeIgniter\CodeIgniter->handleRequest(null, Object(Config\Cache), false)
 9 FCPATH\index.php(67): CodeIgniter\CodeIgniter->run()
CRITICAL - 2023-02-06 09:36:36 --> Attempt to read property "StudentNo" on null
in APPPATH\Views\student\editRecord.php on line 31.
 1 APPPATH\Views\student\editRecord.php(31): CodeIgniter\Debug\Exceptions->errorHandler(2, 'Attempt to read property "StudentNo" on null', 'APPPATH\\Views\\student\\editRecord.php', 31)
 2 SYSTEMPATH\View\View.php(213): include('APPPATH\\Views\\student\\editRecord.php')
 3 SYSTEMPATH\View\View.php(216): CodeIgniter\View\View->CodeIgniter\View\{closure}()
 4 SYSTEMPATH\Common.php(1177): CodeIgniter\View\View->render('student/editRecord', [], true)
 5 APPPATH\Controllers\Student.php(151): view('student/editRecord', [...])
 6 SYSTEMPATH\CodeIgniter.php(934): App\Controllers\Student->editRecord('assets', 'demo', 'chart-bar-demo.js')
 7 SYSTEMPATH\CodeIgniter.php(499): CodeIgniter\CodeIgniter->runController(Object(App\Controllers\Student))
 8 SYSTEMPATH\CodeIgniter.php(368): CodeIgniter\CodeIgniter->handleRequest(null, Object(Config\Cache), false)
 9 FCPATH\index.php(67): CodeIgniter\CodeIgniter->run()
CRITICAL - 2023-02-06 09:36:36 --> Attempt to read property "StudentNo" on null
in APPPATH\Views\student\editRecord.php on line 31.
 1 APPPATH\Views\student\editRecord.php(31): CodeIgniter\Debug\Exceptions->errorHandler(2, 'Attempt to read property "StudentNo" on null', 'APPPATH\\Views\\student\\editRecord.php', 31)
 2 SYSTEMPATH\View\View.php(213): include('APPPATH\\Views\\student\\editRecord.php')
 3 SYSTEMPATH\View\View.php(216): CodeIgniter\View\View->CodeIgniter\View\{closure}()
 4 SYSTEMPATH\Common.php(1177): CodeIgniter\View\View->render('student/editRecord', [], true)
 5 APPPATH\Controllers\Student.php(151): view('student/editRecord', [...])
 6 SYSTEMPATH\CodeIgniter.php(934): App\Controllers\Student->editRecord('assets', 'demo', 'chart-area-demo.js')
 7 SYSTEMPATH\CodeIgniter.php(499): CodeIgniter\CodeIgniter->runController(Object(App\Controllers\Student))
 8 SYSTEMPATH\CodeIgniter.php(368): CodeIgniter\CodeIgniter->handleRequest(null, Object(Config\Cache), false)
 9 FCPATH\index.php(67): CodeIgniter\CodeIgniter->run()
