INFO - 2023-05-03 00:08:42 --> Session: Class initialized using 'CodeIgniter\Session\Handlers\FileHandler' driver.
INFO - 2023-05-03 00:10:20 --> Session: Class initialized using 'CodeIgniter\Session\Handlers\FileHandler' driver.
INFO - 2023-05-03 00:10:22 --> Session: Class initialized using 'CodeIgniter\Session\Handlers\FileHandler' driver.
CRITICAL - 2023-05-03 00:10:22 --> Undefined variable $category_info
in APPPATH\Views\categories\index.php on line 40.
 1 APPPATH\Views\categories\index.php(40): CodeIgniter\Debug\Exceptions->errorHandler(2, 'Undefined variable $category_info', 'APPPATH\\Views\\categories\\index.php', 40)
 2 SYSTEMPATH\View\View.php(213): include('APPPATH\\Views\\categories\\index.php')
 3 SYSTEMPATH\View\View.php(216): CodeIgniter\View\View->CodeIgniter\View\{closure}()
 4 SYSTEMPATH\Common.php(1177): CodeIgniter\View\View->render('categories/index', [], true)
 5 APPPATH\Controllers\Categories.php(21): view('categories/index', [...])
 6 SYSTEMPATH\CodeIgniter.php(934): App\Controllers\Categories->index()
 7 SYSTEMPATH\CodeIgniter.php(499): CodeIgniter\CodeIgniter->runController(Object(App\Controllers\Categories))
 8 SYSTEMPATH\CodeIgniter.php(368): CodeIgniter\CodeIgniter->handleRequest(null, Object(Config\Cache), false)
 9 FCPATH\index.php(69): CodeIgniter\CodeIgniter->run()
INFO - 2023-05-03 00:10:31 --> Session: Class initialized using 'CodeIgniter\Session\Handlers\FileHandler' driver.
CRITICAL - 2023-05-03 00:10:31 --> Undefined variable $category_info
in APPPATH\Views\categories\index.php on line 40.
 1 APPPATH\Views\categories\index.php(40): CodeIgniter\Debug\Exceptions->errorHandler(2, 'Undefined variable $category_info', 'APPPATH\\Views\\categories\\index.php', 40)
 2 SYSTEMPATH\View\View.php(213): include('APPPATH\\Views\\categories\\index.php')
 3 SYSTEMPATH\View\View.php(216): CodeIgniter\View\View->CodeIgniter\View\{closure}()
 4 SYSTEMPATH\Common.php(1177): CodeIgniter\View\View->render('categories/index', [], true)
 5 APPPATH\Controllers\Categories.php(21): view('categories/index', [...])
 6 SYSTEMPATH\CodeIgniter.php(934): App\Controllers\Categories->index()
 7 SYSTEMPATH\CodeIgniter.php(499): CodeIgniter\CodeIgniter->runController(Object(App\Controllers\Categories))
 8 SYSTEMPATH\CodeIgniter.php(368): CodeIgniter\CodeIgniter->handleRequest(null, Object(Config\Cache), false)
 9 FCPATH\index.php(69): CodeIgniter\CodeIgniter->run()
INFO - 2023-05-03 00:10:37 --> Session: Class initialized using 'CodeIgniter\Session\Handlers\FileHandler' driver.
INFO - 2023-05-03 00:10:58 --> Session: Class initialized using 'CodeIgniter\Session\Handlers\FileHandler' driver.
INFO - 2023-05-03 00:11:00 --> Session: Class initialized using 'CodeIgniter\Session\Handlers\FileHandler' driver.
CRITICAL - 2023-05-03 00:11:54 --> You must set the database table to be used with your query.
in SYSTEMPATH\Database\BaseConnection.php on line 882.
 1 SYSTEMPATH\Model.php(641): CodeIgniter\Database\BaseConnection->table(null)
 2 SYSTEMPATH\Model.php(831): CodeIgniter\Model->builder()
 3 APPPATH\Controllers\Categories.php(15): CodeIgniter\Model->__call('getCategoryInfo', [])
 4 SYSTEMPATH\CodeIgniter.php(934): App\Controllers\Categories->index()
 5 SYSTEMPATH\CodeIgniter.php(499): CodeIgniter\CodeIgniter->runController(Object(App\Controllers\Categories))
 6 SYSTEMPATH\CodeIgniter.php(368): CodeIgniter\CodeIgniter->handleRequest(null, Object(Config\Cache), false)
 7 FCPATH\index.php(69): CodeIgniter\CodeIgniter->run()
INFO - 2023-05-03 00:12:07 --> Session: Class initialized using 'CodeIgniter\Session\Handlers\FileHandler' driver.
CRITICAL - 2023-05-03 00:12:17 --> You must set the database table to be used with your query.
in SYSTEMPATH\Database\BaseConnection.php on line 882.
 1 SYSTEMPATH\Model.php(641): CodeIgniter\Database\BaseConnection->table(null)
 2 SYSTEMPATH\Model.php(831): CodeIgniter\Model->builder()
 3 APPPATH\Controllers\Categories.php(15): CodeIgniter\Model->__call('getCategoryInfo', [])
 4 SYSTEMPATH\CodeIgniter.php(934): App\Controllers\Categories->index()
 5 SYSTEMPATH\CodeIgniter.php(499): CodeIgniter\CodeIgniter->runController(Object(App\Controllers\Categories))
 6 SYSTEMPATH\CodeIgniter.php(368): CodeIgniter\CodeIgniter->handleRequest(null, Object(Config\Cache), false)
 7 FCPATH\index.php(69): CodeIgniter\CodeIgniter->run()
INFO - 2023-05-03 00:13:05 --> Session: Class initialized using 'CodeIgniter\Session\Handlers\FileHandler' driver.
INFO - 2023-05-03 00:13:56 --> Session: Class initialized using 'CodeIgniter\Session\Handlers\FileHandler' driver.
CRITICAL - 2023-05-03 00:13:56 --> Undefined variable $products
in APPPATH\Views\categories\index.php on line 46.
 1 APPPATH\Views\categories\index.php(46): CodeIgniter\Debug\Exceptions->errorHandler(2, 'Undefined variable $products', 'APPPATH\\Views\\categories\\index.php', 46)
 2 SYSTEMPATH\View\View.php(213): include('APPPATH\\Views\\categories\\index.php')
 3 SYSTEMPATH\View\View.php(216): CodeIgniter\View\View->CodeIgniter\View\{closure}()
 4 SYSTEMPATH\Common.php(1177): CodeIgniter\View\View->render('categories/index', [], true)
 5 APPPATH\Controllers\Categories.php(21): view('categories/index', [...])
 6 SYSTEMPATH\CodeIgniter.php(934): App\Controllers\Categories->index()
 7 SYSTEMPATH\CodeIgniter.php(499): CodeIgniter\CodeIgniter->runController(Object(App\Controllers\Categories))
 8 SYSTEMPATH\CodeIgniter.php(368): CodeIgniter\CodeIgniter->handleRequest(null, Object(Config\Cache), false)
 9 FCPATH\index.php(69): CodeIgniter\CodeIgniter->run()
INFO - 2023-05-03 00:14:01 --> Session: Class initialized using 'CodeIgniter\Session\Handlers\FileHandler' driver.
CRITICAL - 2023-05-03 00:14:01 --> Undefined variable $products
in APPPATH\Views\categories\index.php on line 46.
 1 APPPATH\Views\categories\index.php(46): CodeIgniter\Debug\Exceptions->errorHandler(2, 'Undefined variable $products', 'APPPATH\\Views\\categories\\index.php', 46)
 2 SYSTEMPATH\View\View.php(213): include('APPPATH\\Views\\categories\\index.php')
 3 SYSTEMPATH\View\View.php(216): CodeIgniter\View\View->CodeIgniter\View\{closure}()
 4 SYSTEMPATH\Common.php(1177): CodeIgniter\View\View->render('categories/index', [], true)
 5 APPPATH\Controllers\Categories.php(21): view('categories/index', [...])
 6 SYSTEMPATH\CodeIgniter.php(934): App\Controllers\Categories->index()
 7 SYSTEMPATH\CodeIgniter.php(499): CodeIgniter\CodeIgniter->runController(Object(App\Controllers\Categories))
 8 SYSTEMPATH\CodeIgniter.php(368): CodeIgniter\CodeIgniter->handleRequest(null, Object(Config\Cache), false)
 9 FCPATH\index.php(69): CodeIgniter\CodeIgniter->run()
INFO - 2023-05-03 00:14:09 --> Session: Class initialized using 'CodeIgniter\Session\Handlers\FileHandler' driver.
INFO - 2023-05-03 00:14:19 --> Session: Class initialized using 'CodeIgniter\Session\Handlers\FileHandler' driver.
INFO - 2023-05-03 00:14:35 --> Session: Class initialized using 'CodeIgniter\Session\Handlers\FileHandler' driver.
INFO - 2023-05-03 00:14:37 --> Session: Class initialized using 'CodeIgniter\Session\Handlers\FileHandler' driver.
CRITICAL - 2023-05-03 00:14:37 --> Undefined variable $products
in APPPATH\Views\categories\index.php on line 46.
 1 APPPATH\Views\categories\index.php(46): CodeIgniter\Debug\Exceptions->errorHandler(2, 'Undefined variable $products', 'APPPATH\\Views\\categories\\index.php', 46)
 2 SYSTEMPATH\View\View.php(213): include('APPPATH\\Views\\categories\\index.php')
 3 SYSTEMPATH\View\View.php(216): CodeIgniter\View\View->CodeIgniter\View\{closure}()
 4 SYSTEMPATH\Common.php(1177): CodeIgniter\View\View->render('categories/index', [], true)
 5 APPPATH\Controllers\Categories.php(21): view('categories/index', [...])
 6 SYSTEMPATH\CodeIgniter.php(934): App\Controllers\Categories->index()
 7 SYSTEMPATH\CodeIgniter.php(499): CodeIgniter\CodeIgniter->runController(Object(App\Controllers\Categories))
 8 SYSTEMPATH\CodeIgniter.php(368): CodeIgniter\CodeIgniter->handleRequest(null, Object(Config\Cache), false)
 9 FCPATH\index.php(69): CodeIgniter\CodeIgniter->run()
INFO - 2023-05-03 00:15:08 --> Session: Class initialized using 'CodeIgniter\Session\Handlers\FileHandler' driver.
CRITICAL - 2023-05-03 00:15:08 --> Undefined variable $products
in APPPATH\Views\categories\index.php on line 46.
 1 APPPATH\Views\categories\index.php(46): CodeIgniter\Debug\Exceptions->errorHandler(2, 'Undefined variable $products', 'APPPATH\\Views\\categories\\index.php', 46)
 2 SYSTEMPATH\View\View.php(213): include('APPPATH\\Views\\categories\\index.php')
 3 SYSTEMPATH\View\View.php(216): CodeIgniter\View\View->CodeIgniter\View\{closure}()
 4 SYSTEMPATH\Common.php(1177): CodeIgniter\View\View->render('categories/index', [], true)
 5 APPPATH\Controllers\Categories.php(21): view('categories/index', [...])
 6 SYSTEMPATH\CodeIgniter.php(934): App\Controllers\Categories->index()
 7 SYSTEMPATH\CodeIgniter.php(499): CodeIgniter\CodeIgniter->runController(Object(App\Controllers\Categories))
 8 SYSTEMPATH\CodeIgniter.php(368): CodeIgniter\CodeIgniter->handleRequest(null, Object(Config\Cache), false)
 9 FCPATH\index.php(69): CodeIgniter\CodeIgniter->run()
INFO - 2023-05-03 00:15:39 --> Session: Class initialized using 'CodeIgniter\Session\Handlers\FileHandler' driver.
INFO - 2023-05-03 00:16:10 --> Session: Class initialized using 'CodeIgniter\Session\Handlers\FileHandler' driver.
INFO - 2023-05-03 00:17:13 --> Session: Class initialized using 'CodeIgniter\Session\Handlers\FileHandler' driver.
INFO - 2023-05-03 00:17:22 --> Session: Class initialized using 'CodeIgniter\Session\Handlers\FileHandler' driver.
CRITICAL - 2023-05-03 00:17:22 --> Undefined variable $products
in APPPATH\Views\categories\index.php on line 46.
 1 APPPATH\Views\categories\index.php(46): CodeIgniter\Debug\Exceptions->errorHandler(2, 'Undefined variable $products', 'APPPATH\\Views\\categories\\index.php', 46)
 2 SYSTEMPATH\View\View.php(213): include('APPPATH\\Views\\categories\\index.php')
 3 SYSTEMPATH\View\View.php(216): CodeIgniter\View\View->CodeIgniter\View\{closure}()
 4 SYSTEMPATH\Common.php(1177): CodeIgniter\View\View->render('categories/index', [], true)
 5 APPPATH\Controllers\Categories.php(21): view('categories/index', [...])
 6 SYSTEMPATH\CodeIgniter.php(934): App\Controllers\Categories->index()
 7 SYSTEMPATH\CodeIgniter.php(499): CodeIgniter\CodeIgniter->runController(Object(App\Controllers\Categories))
 8 SYSTEMPATH\CodeIgniter.php(368): CodeIgniter\CodeIgniter->handleRequest(null, Object(Config\Cache), false)
 9 FCPATH\index.php(69): CodeIgniter\CodeIgniter->run()
INFO - 2023-05-03 00:17:28 --> Session: Class initialized using 'CodeIgniter\Session\Handlers\FileHandler' driver.
INFO - 2023-05-03 00:18:16 --> Session: Class initialized using 'CodeIgniter\Session\Handlers\FileHandler' driver.
CRITICAL - 2023-05-03 00:18:16 --> Undefined property: stdClass::$categories_id
in APPPATH\Views\categories\index.php on line 46.
 1 APPPATH\Views\categories\index.php(46): CodeIgniter\Debug\Exceptions->errorHandler(2, 'Undefined property: stdClass::$categories_id', 'APPPATH\\Views\\categories\\index.php', 46)
 2 SYSTEMPATH\View\View.php(213): include('APPPATH\\Views\\categories\\index.php')
 3 SYSTEMPATH\View\View.php(216): CodeIgniter\View\View->CodeIgniter\View\{closure}()
 4 SYSTEMPATH\Common.php(1177): CodeIgniter\View\View->render('categories/index', [], true)
 5 APPPATH\Controllers\Categories.php(21): view('categories/index', [...])
 6 SYSTEMPATH\CodeIgniter.php(934): App\Controllers\Categories->index()
 7 SYSTEMPATH\CodeIgniter.php(499): CodeIgniter\CodeIgniter->runController(Object(App\Controllers\Categories))
 8 SYSTEMPATH\CodeIgniter.php(368): CodeIgniter\CodeIgniter->handleRequest(null, Object(Config\Cache), false)
 9 FCPATH\index.php(69): CodeIgniter\CodeIgniter->run()
INFO - 2023-05-03 00:18:35 --> Session: Class initialized using 'CodeIgniter\Session\Handlers\FileHandler' driver.
CRITICAL - 2023-05-03 00:18:35 --> Undefined property: stdClass::$categories_id
in APPPATH\Views\categories\index.php on line 46.
 1 APPPATH\Views\categories\index.php(46): CodeIgniter\Debug\Exceptions->errorHandler(2, 'Undefined property: stdClass::$categories_id', 'APPPATH\\Views\\categories\\index.php', 46)
 2 SYSTEMPATH\View\View.php(213): include('APPPATH\\Views\\categories\\index.php')
 3 SYSTEMPATH\View\View.php(216): CodeIgniter\View\View->CodeIgniter\View\{closure}()
 4 SYSTEMPATH\Common.php(1177): CodeIgniter\View\View->render('categories/index', [], true)
 5 APPPATH\Controllers\Categories.php(21): view('categories/index', [...])
 6 SYSTEMPATH\CodeIgniter.php(934): App\Controllers\Categories->index()
 7 SYSTEMPATH\CodeIgniter.php(499): CodeIgniter\CodeIgniter->runController(Object(App\Controllers\Categories))
 8 SYSTEMPATH\CodeIgniter.php(368): CodeIgniter\CodeIgniter->handleRequest(null, Object(Config\Cache), false)
 9 FCPATH\index.php(69): CodeIgniter\CodeIgniter->run()
INFO - 2023-05-03 00:18:48 --> Session: Class initialized using 'CodeIgniter\Session\Handlers\FileHandler' driver.
CRITICAL - 2023-05-03 00:18:48 --> Undefined property: stdClass::$categories_id
in APPPATH\Views\categories\index.php on line 46.
 1 APPPATH\Views\categories\index.php(46): CodeIgniter\Debug\Exceptions->errorHandler(2, 'Undefined property: stdClass::$categories_id', 'APPPATH\\Views\\categories\\index.php', 46)
 2 SYSTEMPATH\View\View.php(213): include('APPPATH\\Views\\categories\\index.php')
 3 SYSTEMPATH\View\View.php(216): CodeIgniter\View\View->CodeIgniter\View\{closure}()
 4 SYSTEMPATH\Common.php(1177): CodeIgniter\View\View->render('categories/index', [], true)
 5 APPPATH\Controllers\Categories.php(21): view('categories/index', [...])
 6 SYSTEMPATH\CodeIgniter.php(934): App\Controllers\Categories->index()
 7 SYSTEMPATH\CodeIgniter.php(499): CodeIgniter\CodeIgniter->runController(Object(App\Controllers\Categories))
 8 SYSTEMPATH\CodeIgniter.php(368): CodeIgniter\CodeIgniter->handleRequest(null, Object(Config\Cache), false)
 9 FCPATH\index.php(69): CodeIgniter\CodeIgniter->run()
INFO - 2023-05-03 00:18:58 --> Session: Class initialized using 'CodeIgniter\Session\Handlers\FileHandler' driver.
CRITICAL - 2023-05-03 00:18:58 --> Undefined property: stdClass::$categories_id
in APPPATH\Views\categories\index.php on line 48.
 1 APPPATH\Views\categories\index.php(48): CodeIgniter\Debug\Exceptions->errorHandler(2, 'Undefined property: stdClass::$categories_id', 'APPPATH\\Views\\categories\\index.php', 48)
 2 SYSTEMPATH\View\View.php(213): include('APPPATH\\Views\\categories\\index.php')
 3 SYSTEMPATH\View\View.php(216): CodeIgniter\View\View->CodeIgniter\View\{closure}()
 4 SYSTEMPATH\Common.php(1177): CodeIgniter\View\View->render('categories/index', [], true)
 5 APPPATH\Controllers\Categories.php(21): view('categories/index', [...])
 6 SYSTEMPATH\CodeIgniter.php(934): App\Controllers\Categories->index()
 7 SYSTEMPATH\CodeIgniter.php(499): CodeIgniter\CodeIgniter->runController(Object(App\Controllers\Categories))
 8 SYSTEMPATH\CodeIgniter.php(368): CodeIgniter\CodeIgniter->handleRequest(null, Object(Config\Cache), false)
 9 FCPATH\index.php(69): CodeIgniter\CodeIgniter->run()
INFO - 2023-05-03 00:19:07 --> Session: Class initialized using 'CodeIgniter\Session\Handlers\FileHandler' driver.
INFO - 2023-05-03 00:19:19 --> Session: Class initialized using 'CodeIgniter\Session\Handlers\FileHandler' driver.
CRITICAL - 2023-05-03 00:19:19 --> Undefined property: stdClass::$categories_id
in APPPATH\Views\categories\index.php on line 46.
 1 APPPATH\Views\categories\index.php(46): CodeIgniter\Debug\Exceptions->errorHandler(2, 'Undefined property: stdClass::$categories_id', 'APPPATH\\Views\\categories\\index.php', 46)
 2 SYSTEMPATH\View\View.php(213): include('APPPATH\\Views\\categories\\index.php')
 3 SYSTEMPATH\View\View.php(216): CodeIgniter\View\View->CodeIgniter\View\{closure}()
 4 SYSTEMPATH\Common.php(1177): CodeIgniter\View\View->render('categories/index', [], true)
 5 APPPATH\Controllers\Categories.php(21): view('categories/index', [...])
 6 SYSTEMPATH\CodeIgniter.php(934): App\Controllers\Categories->index()
 7 SYSTEMPATH\CodeIgniter.php(499): CodeIgniter\CodeIgniter->runController(Object(App\Controllers\Categories))
 8 SYSTEMPATH\CodeIgniter.php(368): CodeIgniter\CodeIgniter->handleRequest(null, Object(Config\Cache), false)
 9 FCPATH\index.php(69): CodeIgniter\CodeIgniter->run()
INFO - 2023-05-03 00:19:33 --> Session: Class initialized using 'CodeIgniter\Session\Handlers\FileHandler' driver.
CRITICAL - 2023-05-03 00:19:33 --> Undefined property: stdClass::$categories_id
in APPPATH\Views\categories\index.php on line 46.
 1 APPPATH\Views\categories\index.php(46): CodeIgniter\Debug\Exceptions->errorHandler(2, 'Undefined property: stdClass::$categories_id', 'APPPATH\\Views\\categories\\index.php', 46)
 2 SYSTEMPATH\View\View.php(213): include('APPPATH\\Views\\categories\\index.php')
 3 SYSTEMPATH\View\View.php(216): CodeIgniter\View\View->CodeIgniter\View\{closure}()
 4 SYSTEMPATH\Common.php(1177): CodeIgniter\View\View->render('categories/index', [], true)
 5 APPPATH\Controllers\Categories.php(21): view('categories/index', [...])
 6 SYSTEMPATH\CodeIgniter.php(934): App\Controllers\Categories->index()
 7 SYSTEMPATH\CodeIgniter.php(499): CodeIgniter\CodeIgniter->runController(Object(App\Controllers\Categories))
 8 SYSTEMPATH\CodeIgniter.php(368): CodeIgniter\CodeIgniter->handleRequest(null, Object(Config\Cache), false)
 9 FCPATH\index.php(69): CodeIgniter\CodeIgniter->run()
INFO - 2023-05-03 00:19:52 --> Session: Class initialized using 'CodeIgniter\Session\Handlers\FileHandler' driver.
CRITICAL - 2023-05-03 00:19:52 --> Undefined variable $category
in APPPATH\Views\categories\index.php on line 46.
 1 APPPATH\Views\categories\index.php(46): CodeIgniter\Debug\Exceptions->errorHandler(2, 'Undefined variable $category', 'APPPATH\\Views\\categories\\index.php', 46)
 2 SYSTEMPATH\View\View.php(213): include('APPPATH\\Views\\categories\\index.php')
 3 SYSTEMPATH\View\View.php(216): CodeIgniter\View\View->CodeIgniter\View\{closure}()
 4 SYSTEMPATH\Common.php(1177): CodeIgniter\View\View->render('categories/index', [], true)
 5 APPPATH\Controllers\Categories.php(21): view('categories/index', [...])
 6 SYSTEMPATH\CodeIgniter.php(934): App\Controllers\Categories->index()
 7 SYSTEMPATH\CodeIgniter.php(499): CodeIgniter\CodeIgniter->runController(Object(App\Controllers\Categories))
 8 SYSTEMPATH\CodeIgniter.php(368): CodeIgniter\CodeIgniter->handleRequest(null, Object(Config\Cache), false)
 9 FCPATH\index.php(69): CodeIgniter\CodeIgniter->run()
INFO - 2023-05-03 00:20:05 --> Session: Class initialized using 'CodeIgniter\Session\Handlers\FileHandler' driver.
CRITICAL - 2023-05-03 00:20:05 --> Undefined property: stdClass::$categories_id
in APPPATH\Views\categories\index.php on line 46.
 1 APPPATH\Views\categories\index.php(46): CodeIgniter\Debug\Exceptions->errorHandler(2, 'Undefined property: stdClass::$categories_id', 'APPPATH\\Views\\categories\\index.php', 46)
 2 SYSTEMPATH\View\View.php(213): include('APPPATH\\Views\\categories\\index.php')
 3 SYSTEMPATH\View\View.php(216): CodeIgniter\View\View->CodeIgniter\View\{closure}()
 4 SYSTEMPATH\Common.php(1177): CodeIgniter\View\View->render('categories/index', [], true)
 5 APPPATH\Controllers\Categories.php(21): view('categories/index', [...])
 6 SYSTEMPATH\CodeIgniter.php(934): App\Controllers\Categories->index()
 7 SYSTEMPATH\CodeIgniter.php(499): CodeIgniter\CodeIgniter->runController(Object(App\Controllers\Categories))
 8 SYSTEMPATH\CodeIgniter.php(368): CodeIgniter\CodeIgniter->handleRequest(null, Object(Config\Cache), false)
 9 FCPATH\index.php(69): CodeIgniter\CodeIgniter->run()
INFO - 2023-05-03 00:20:19 --> Session: Class initialized using 'CodeIgniter\Session\Handlers\FileHandler' driver.
INFO - 2023-05-03 00:20:29 --> Session: Class initialized using 'CodeIgniter\Session\Handlers\FileHandler' driver.
INFO - 2023-05-03 00:20:40 --> Session: Class initialized using 'CodeIgniter\Session\Handlers\FileHandler' driver.
INFO - 2023-05-03 00:26:33 --> Session: Class initialized using 'CodeIgniter\Session\Handlers\FileHandler' driver.
CRITICAL - 2023-05-03 00:26:35 --> Invalid file: "category/addCategories.php"
in SYSTEMPATH\Exceptions\FrameworkException.php on line 33.
 1 SYSTEMPATH\View\View.php(201): CodeIgniter\Exceptions\FrameworkException::forInvalidFile('category/addCategories.php')
 2 SYSTEMPATH\Common.php(1177): CodeIgniter\View\View->render('category/addCategories', [], true)
 3 APPPATH\Controllers\Categories.php(58): view('category/addCategories', [...])
 4 SYSTEMPATH\CodeIgniter.php(934): App\Controllers\Categories->addCategory()
 5 SYSTEMPATH\CodeIgniter.php(499): CodeIgniter\CodeIgniter->runController(Object(App\Controllers\Categories))
 6 SYSTEMPATH\CodeIgniter.php(368): CodeIgniter\CodeIgniter->handleRequest(null, Object(Config\Cache), false)
 7 FCPATH\index.php(69): CodeIgniter\CodeIgniter->run()
INFO - 2023-05-03 00:26:39 --> Session: Class initialized using 'CodeIgniter\Session\Handlers\FileHandler' driver.
INFO - 2023-05-03 00:26:51 --> Session: Class initialized using 'CodeIgniter\Session\Handlers\FileHandler' driver.
CRITICAL - 2023-05-03 00:26:52 --> Invalid file: "category/addCategories.php"
in SYSTEMPATH\Exceptions\FrameworkException.php on line 33.
 1 SYSTEMPATH\View\View.php(201): CodeIgniter\Exceptions\FrameworkException::forInvalidFile('category/addCategories.php')
 2 SYSTEMPATH\Common.php(1177): CodeIgniter\View\View->render('category/addCategories', [], true)
 3 APPPATH\Controllers\Categories.php(58): view('category/addCategories', [...])
 4 SYSTEMPATH\CodeIgniter.php(934): App\Controllers\Categories->addCategory()
 5 SYSTEMPATH\CodeIgniter.php(499): CodeIgniter\CodeIgniter->runController(Object(App\Controllers\Categories))
 6 SYSTEMPATH\CodeIgniter.php(368): CodeIgniter\CodeIgniter->handleRequest(null, Object(Config\Cache), false)
 7 FCPATH\index.php(69): CodeIgniter\CodeIgniter->run()
CRITICAL - 2023-05-03 00:27:31 --> Invalid file: "category/addCategories.php"
in SYSTEMPATH\Exceptions\FrameworkException.php on line 33.
 1 SYSTEMPATH\View\View.php(201): CodeIgniter\Exceptions\FrameworkException::forInvalidFile('category/addCategories.php')
 2 SYSTEMPATH\Common.php(1177): CodeIgniter\View\View->render('category/addCategories', [], true)
 3 APPPATH\Controllers\Categories.php(58): view('category/addCategories', [...])
 4 SYSTEMPATH\CodeIgniter.php(934): App\Controllers\Categories->addCategory()
 5 SYSTEMPATH\CodeIgniter.php(499): CodeIgniter\CodeIgniter->runController(Object(App\Controllers\Categories))
 6 SYSTEMPATH\CodeIgniter.php(368): CodeIgniter\CodeIgniter->handleRequest(null, Object(Config\Cache), false)
 7 FCPATH\index.php(69): CodeIgniter\CodeIgniter->run()
INFO - 2023-05-03 00:28:21 --> Session: Class initialized using 'CodeIgniter\Session\Handlers\FileHandler' driver.
INFO - 2023-05-03 00:28:31 --> Session: Class initialized using 'CodeIgniter\Session\Handlers\FileHandler' driver.
CRITICAL - 2023-05-03 00:28:38 --> Invalid file: "categoriess/addCategory.php"
in SYSTEMPATH\Exceptions\FrameworkException.php on line 33.
 1 SYSTEMPATH\View\View.php(201): CodeIgniter\Exceptions\FrameworkException::forInvalidFile('categoriess/addCategory.php')
 2 SYSTEMPATH\Common.php(1177): CodeIgniter\View\View->render('categoriess/addCategory', [], true)
 3 APPPATH\Controllers\Categories.php(58): view('categoriess/addCategory', [...])
 4 SYSTEMPATH\CodeIgniter.php(934): App\Controllers\Categories->addCategory()
 5 SYSTEMPATH\CodeIgniter.php(499): CodeIgniter\CodeIgniter->runController(Object(App\Controllers\Categories))
 6 SYSTEMPATH\CodeIgniter.php(368): CodeIgniter\CodeIgniter->handleRequest(null, Object(Config\Cache), false)
 7 FCPATH\index.php(69): CodeIgniter\CodeIgniter->run()
INFO - 2023-05-03 00:28:46 --> Session: Class initialized using 'CodeIgniter\Session\Handlers\FileHandler' driver.
CRITICAL - 2023-05-03 00:29:06 --> Undefined property: App\Controllers\Categories::$ProductModel
in APPPATH\Controllers\Categories.php on line 42.
 1 APPPATH\Controllers\Categories.php(42): CodeIgniter\Debug\Exceptions->errorHandler(2, 'Undefined property: App\\Controllers\\Categories::$ProductModel', 'APPPATH\\Controllers\\Categories.php', 42)
 2 SYSTEMPATH\CodeIgniter.php(934): App\Controllers\Categories->addCategory()
 3 SYSTEMPATH\CodeIgniter.php(499): CodeIgniter\CodeIgniter->runController(Object(App\Controllers\Categories))
 4 SYSTEMPATH\CodeIgniter.php(368): CodeIgniter\CodeIgniter->handleRequest(null, Object(Config\Cache), false)
 5 FCPATH\index.php(69): CodeIgniter\CodeIgniter->run()
CRITICAL - 2023-05-03 00:29:45 --> Undefined property: App\Controllers\Categories::$Category
in APPPATH\Controllers\Categories.php on line 42.
 1 APPPATH\Controllers\Categories.php(42): CodeIgniter\Debug\Exceptions->errorHandler(2, 'Undefined property: App\\Controllers\\Categories::$Category', 'APPPATH\\Controllers\\Categories.php', 42)
 2 SYSTEMPATH\CodeIgniter.php(934): App\Controllers\Categories->addCategory()
 3 SYSTEMPATH\CodeIgniter.php(499): CodeIgniter\CodeIgniter->runController(Object(App\Controllers\Categories))
 4 SYSTEMPATH\CodeIgniter.php(368): CodeIgniter\CodeIgniter->handleRequest(null, Object(Config\Cache), false)
 5 FCPATH\index.php(69): CodeIgniter\CodeIgniter->run()
CRITICAL - 2023-05-03 00:30:30 --> Undefined property: App\Controllers\Categories::$Categories
in APPPATH\Controllers\Categories.php on line 42.
 1 APPPATH\Controllers\Categories.php(42): CodeIgniter\Debug\Exceptions->errorHandler(2, 'Undefined property: App\\Controllers\\Categories::$Categories', 'APPPATH\\Controllers\\Categories.php', 42)
 2 SYSTEMPATH\CodeIgniter.php(934): App\Controllers\Categories->addCategory()
 3 SYSTEMPATH\CodeIgniter.php(499): CodeIgniter\CodeIgniter->runController(Object(App\Controllers\Categories))
 4 SYSTEMPATH\CodeIgniter.php(368): CodeIgniter\CodeIgniter->handleRequest(null, Object(Config\Cache), false)
 5 FCPATH\index.php(69): CodeIgniter\CodeIgniter->run()
CRITICAL - 2023-05-03 00:30:53 --> Undefined property: App\Controllers\Categories::$Categories
in APPPATH\Controllers\Categories.php on line 42.
 1 APPPATH\Controllers\Categories.php(42): CodeIgniter\Debug\Exceptions->errorHandler(2, 'Undefined property: App\\Controllers\\Categories::$Categories', 'APPPATH\\Controllers\\Categories.php', 42)
 2 SYSTEMPATH\CodeIgniter.php(934): App\Controllers\Categories->addCategory()
 3 SYSTEMPATH\CodeIgniter.php(499): CodeIgniter\CodeIgniter->runController(Object(App\Controllers\Categories))
 4 SYSTEMPATH\CodeIgniter.php(368): CodeIgniter\CodeIgniter->handleRequest(null, Object(Config\Cache), false)
 5 FCPATH\index.php(69): CodeIgniter\CodeIgniter->run()
CRITICAL - 2023-05-03 00:31:02 --> Undefined property: App\Controllers\Categories::$Category
in APPPATH\Controllers\Categories.php on line 42.
 1 APPPATH\Controllers\Categories.php(42): CodeIgniter\Debug\Exceptions->errorHandler(2, 'Undefined property: App\\Controllers\\Categories::$Category', 'APPPATH\\Controllers\\Categories.php', 42)
 2 SYSTEMPATH\CodeIgniter.php(934): App\Controllers\Categories->addCategory()
 3 SYSTEMPATH\CodeIgniter.php(499): CodeIgniter\CodeIgniter->runController(Object(App\Controllers\Categories))
 4 SYSTEMPATH\CodeIgniter.php(368): CodeIgniter\CodeIgniter->handleRequest(null, Object(Config\Cache), false)
 5 FCPATH\index.php(69): CodeIgniter\CodeIgniter->run()
INFO - 2023-05-03 00:32:17 --> Session: Class initialized using 'CodeIgniter\Session\Handlers\FileHandler' driver.
INFO - 2023-05-03 00:32:17 --> Session: Class initialized using 'CodeIgniter\Session\Handlers\FileHandler' driver.
INFO - 2023-05-03 00:32:33 --> Session: Class initialized using 'CodeIgniter\Session\Handlers\FileHandler' driver.
INFO - 2023-05-03 00:32:43 --> Session: Class initialized using 'CodeIgniter\Session\Handlers\FileHandler' driver.
INFO - 2023-05-03 00:32:45 --> Session: Class initialized using 'CodeIgniter\Session\Handlers\FileHandler' driver.
INFO - 2023-05-03 00:32:50 --> Session: Class initialized using 'CodeIgniter\Session\Handlers\FileHandler' driver.
INFO - 2023-05-03 00:32:55 --> Session: Class initialized using 'CodeIgniter\Session\Handlers\FileHandler' driver.
INFO - 2023-05-03 00:32:57 --> Session: Class initialized using 'CodeIgniter\Session\Handlers\FileHandler' driver.
INFO - 2023-05-03 00:32:58 --> Session: Class initialized using 'CodeIgniter\Session\Handlers\FileHandler' driver.
INFO - 2023-05-03 00:32:59 --> Session: Class initialized using 'CodeIgniter\Session\Handlers\FileHandler' driver.
INFO - 2023-05-03 00:33:02 --> Session: Class initialized using 'CodeIgniter\Session\Handlers\FileHandler' driver.
INFO - 2023-05-03 00:36:50 --> Session: Class initialized using 'CodeIgniter\Session\Handlers\FileHandler' driver.
ERROR - 2023-05-03 00:36:53 --> mysqli_sql_exception: Table 'itec222.caregories' doesn't exist in C:\xampp\htdocs\CRUD-CodeIgniter-4\system\Database\MySQLi\Connection.php:295
Stack trace:
#0 C:\xampp\htdocs\CRUD-CodeIgniter-4\system\Database\MySQLi\Connection.php(295): mysqli->query('SELECT *\nFROM `...', 0)
#1 C:\xampp\htdocs\CRUD-CodeIgniter-4\system\Database\BaseConnection.php(691): CodeIgniter\Database\MySQLi\Connection->execute('SELECT *\nFROM `...')
#2 C:\xampp\htdocs\CRUD-CodeIgniter-4\system\Database\BaseConnection.php(605): CodeIgniter\Database\BaseConnection->simpleQuery('SELECT *\nFROM `...')
#3 C:\xampp\htdocs\CRUD-CodeIgniter-4\system\Database\BaseBuilder.php(1602): CodeIgniter\Database\BaseConnection->query('SELECT *\nFROM `...', Array, false)
#4 C:\xampp\htdocs\CRUD-CodeIgniter-4\app\Models\Category_model.php(19): CodeIgniter\Database\BaseBuilder->get()
#5 C:\xampp\htdocs\CRUD-CodeIgniter-4\app\Controllers\Categories.php(65): App\Models\Category_model->getCategoryInfoByID('3')
#6 C:\xampp\htdocs\CRUD-CodeIgniter-4\system\CodeIgniter.php(934): App\Controllers\Categories->editCategory('3')
#7 C:\xampp\htdocs\CRUD-CodeIgniter-4\system\CodeIgniter.php(499): CodeIgniter\CodeIgniter->runController(Object(App\Controllers\Categories))
#8 C:\xampp\htdocs\CRUD-CodeIgniter-4\system\CodeIgniter.php(368): CodeIgniter\CodeIgniter->handleRequest(NULL, Object(Config\Cache), false)
#9 C:\xampp\htdocs\CRUD-CodeIgniter-4\index.php(69): CodeIgniter\CodeIgniter->run()
#10 {main}
CRITICAL - 2023-05-03 00:36:53 --> Table 'itec222.caregories' doesn't exist
in SYSTEMPATH\Database\BaseConnection.php on line 645.
 1 SYSTEMPATH\Database\BaseBuilder.php(1602): CodeIgniter\Database\BaseConnection->query('SELECT *
FROM `caregories`
WHERE `category_id` = :category_id:', [...], false)
 2 APPPATH\Models\Category_model.php(19): CodeIgniter\Database\BaseBuilder->get()
 3 APPPATH\Controllers\Categories.php(65): App\Models\Category_model->getCategoryInfoByID('3')
 4 SYSTEMPATH\CodeIgniter.php(934): App\Controllers\Categories->editCategory('3')
 5 SYSTEMPATH\CodeIgniter.php(499): CodeIgniter\CodeIgniter->runController(Object(App\Controllers\Categories))
 6 SYSTEMPATH\CodeIgniter.php(368): CodeIgniter\CodeIgniter->handleRequest(null, Object(Config\Cache), false)
 7 FCPATH\index.php(69): CodeIgniter\CodeIgniter->run()
CRITICAL - 2023-05-03 00:37:24 --> Attempt to read property "category_id" on null
in APPPATH\Views\categories\editCategory.php on line 40.
 1 APPPATH\Views\categories\editCategory.php(40): CodeIgniter\Debug\Exceptions->errorHandler(2, 'Attempt to read property "category_id" on null', 'APPPATH\\Views\\categories\\editCategory.php', 40)
 2 SYSTEMPATH\View\View.php(213): include('APPPATH\\Views\\categories\\editCategory.php')
 3 SYSTEMPATH\View\View.php(216): CodeIgniter\View\View->CodeIgniter\View\{closure}()
 4 SYSTEMPATH\Common.php(1177): CodeIgniter\View\View->render('categories/editCategory', [], true)
 5 APPPATH\Controllers\Categories.php(98): view('categories/editCategory', [...])
 6 SYSTEMPATH\CodeIgniter.php(934): App\Controllers\Categories->editCategory('img', 'favicon.ico')
 7 SYSTEMPATH\CodeIgniter.php(499): CodeIgniter\CodeIgniter->runController(Object(App\Controllers\Categories))
 8 SYSTEMPATH\CodeIgniter.php(368): CodeIgniter\CodeIgniter->handleRequest(null, Object(Config\Cache), false)
 9 FCPATH\index.php(69): CodeIgniter\CodeIgniter->run()
INFO - 2023-05-03 00:37:26 --> Session: Class initialized using 'CodeIgniter\Session\Handlers\FileHandler' driver.
INFO - 2023-05-03 00:37:40 --> Session: Class initialized using 'CodeIgniter\Session\Handlers\FileHandler' driver.
CRITICAL - 2023-05-03 00:37:43 --> Attempt to read property "category_id" on null
in APPPATH\Views\categories\editCategory.php on line 40.
 1 APPPATH\Views\categories\editCategory.php(40): CodeIgniter\Debug\Exceptions->errorHandler(2, 'Attempt to read property "category_id" on null', 'APPPATH\\Views\\categories\\editCategory.php', 40)
 2 SYSTEMPATH\View\View.php(213): include('APPPATH\\Views\\categories\\editCategory.php')
 3 SYSTEMPATH\View\View.php(216): CodeIgniter\View\View->CodeIgniter\View\{closure}()
 4 SYSTEMPATH\Common.php(1177): CodeIgniter\View\View->render('categories/editCategory', [], true)
 5 APPPATH\Controllers\Categories.php(98): view('categories/editCategory', [...])
 6 SYSTEMPATH\CodeIgniter.php(934): App\Controllers\Categories->editCategory('img', 'favicon.ico')
 7 SYSTEMPATH\CodeIgniter.php(499): CodeIgniter\CodeIgniter->runController(Object(App\Controllers\Categories))
 8 SYSTEMPATH\CodeIgniter.php(368): CodeIgniter\CodeIgniter->handleRequest(null, Object(Config\Cache), false)
 9 FCPATH\index.php(69): CodeIgniter\CodeIgniter->run()
INFO - 2023-05-03 00:37:47 --> Session: Class initialized using 'CodeIgniter\Session\Handlers\FileHandler' driver.
INFO - 2023-05-03 00:37:47 --> Session: Class initialized using 'CodeIgniter\Session\Handlers\FileHandler' driver.
INFO - 2023-05-03 00:39:48 --> Session: Class initialized using 'CodeIgniter\Session\Handlers\FileHandler' driver.
INFO - 2023-05-03 00:40:16 --> Session: Class initialized using 'CodeIgniter\Session\Handlers\FileHandler' driver.
INFO - 2023-05-03 00:40:18 --> Session: Class initialized using 'CodeIgniter\Session\Handlers\FileHandler' driver.
INFO - 2023-05-03 00:40:31 --> Session: Class initialized using 'CodeIgniter\Session\Handlers\FileHandler' driver.
INFO - 2023-05-03 00:40:33 --> Session: Class initialized using 'CodeIgniter\Session\Handlers\FileHandler' driver.
INFO - 2023-05-03 00:40:34 --> Session: Class initialized using 'CodeIgniter\Session\Handlers\FileHandler' driver.
INFO - 2023-05-03 00:40:42 --> Session: Class initialized using 'CodeIgniter\Session\Handlers\FileHandler' driver.
INFO - 2023-05-03 00:49:42 --> Session: Class initialized using 'CodeIgniter\Session\Handlers\FileHandler' driver.
INFO - 2023-05-03 00:50:13 --> Session: Class initialized using 'CodeIgniter\Session\Handlers\FileHandler' driver.
INFO - 2023-05-03 00:50:15 --> Session: Class initialized using 'CodeIgniter\Session\Handlers\FileHandler' driver.
INFO - 2023-05-03 00:50:17 --> Session: Class initialized using 'CodeIgniter\Session\Handlers\FileHandler' driver.
INFO - 2023-05-03 00:50:18 --> Session: Class initialized using 'CodeIgniter\Session\Handlers\FileHandler' driver.
INFO - 2023-05-03 00:50:22 --> Session: Class initialized using 'CodeIgniter\Session\Handlers\FileHandler' driver.
INFO - 2023-05-03 00:50:24 --> Session: Class initialized using 'CodeIgniter\Session\Handlers\FileHandler' driver.
INFO - 2023-05-03 00:50:25 --> Session: Class initialized using 'CodeIgniter\Session\Handlers\FileHandler' driver.
INFO - 2023-05-03 00:50:47 --> Session: Class initialized using 'CodeIgniter\Session\Handlers\FileHandler' driver.
CRITICAL - 2023-05-03 01:12:00 --> Undefined property: App\Controllers\Api::$ProductModel
in APPPATH\Controllers\Api.php on line 304.
 1 APPPATH\Controllers\Api.php(304): CodeIgniter\Debug\Exceptions->errorHandler(2, 'Undefined property: App\\Controllers\\Api::$ProductModel', 'APPPATH\\Controllers\\Api.php', 304)
 2 SYSTEMPATH\CodeIgniter.php(934): App\Controllers\Api->products()
 3 SYSTEMPATH\CodeIgniter.php(499): CodeIgniter\CodeIgniter->runController(Object(App\Controllers\Api))
 4 SYSTEMPATH\CodeIgniter.php(368): CodeIgniter\CodeIgniter->handleRequest(null, Object(Config\Cache), false)
 5 FCPATH\index.php(69): CodeIgniter\CodeIgniter->run()
CRITICAL - 2023-05-03 01:12:18 --> Undefined property: App\Controllers\Api::$ProductModel
in APPPATH\Controllers\Api.php on line 304.
 1 APPPATH\Controllers\Api.php(304): CodeIgniter\Debug\Exceptions->errorHandler(2, 'Undefined property: App\\Controllers\\Api::$ProductModel', 'APPPATH\\Controllers\\Api.php', 304)
 2 SYSTEMPATH\CodeIgniter.php(934): App\Controllers\Api->products()
 3 SYSTEMPATH\CodeIgniter.php(499): CodeIgniter\CodeIgniter->runController(Object(App\Controllers\Api))
 4 SYSTEMPATH\CodeIgniter.php(368): CodeIgniter\CodeIgniter->handleRequest(null, Object(Config\Cache), false)
 5 FCPATH\index.php(69): CodeIgniter\CodeIgniter->run()
CRITICAL - 2023-05-03 01:12:56 --> Undefined property: App\Controllers\Api::$ProductModel
in APPPATH\Controllers\Api.php on line 304.
 1 APPPATH\Controllers\Api.php(304): CodeIgniter\Debug\Exceptions->errorHandler(2, 'Undefined property: App\\Controllers\\Api::$ProductModel', 'APPPATH\\Controllers\\Api.php', 304)
 2 SYSTEMPATH\CodeIgniter.php(934): App\Controllers\Api->products()
 3 SYSTEMPATH\CodeIgniter.php(499): CodeIgniter\CodeIgniter->runController(Object(App\Controllers\Api))
 4 SYSTEMPATH\CodeIgniter.php(368): CodeIgniter\CodeIgniter->handleRequest(null, Object(Config\Cache), false)
 5 FCPATH\index.php(69): CodeIgniter\CodeIgniter->run()
CRITICAL - 2023-05-03 01:14:46 --> Class "App\Controllers\Product_model" not found
in APPPATH\Controllers\Api.php on line 11.
 1 SYSTEMPATH\CodeIgniter.php(906): App\Controllers\Api->__construct()
 2 SYSTEMPATH\CodeIgniter.php(490): CodeIgniter\CodeIgniter->createController()
 3 SYSTEMPATH\CodeIgniter.php(368): CodeIgniter\CodeIgniter->handleRequest(null, Object(Config\Cache), false)
 4 FCPATH\index.php(69): CodeIgniter\CodeIgniter->run()
CRITICAL - 2023-05-03 01:15:17 --> Class "App\Controllers\Product_model" not found
in APPPATH\Controllers\Api.php on line 11.
 1 SYSTEMPATH\CodeIgniter.php(906): App\Controllers\Api->__construct()
 2 SYSTEMPATH\CodeIgniter.php(490): CodeIgniter\CodeIgniter->createController()
 3 SYSTEMPATH\CodeIgniter.php(368): CodeIgniter\CodeIgniter->handleRequest(null, Object(Config\Cache), false)
 4 FCPATH\index.php(69): CodeIgniter\CodeIgniter->run()
CRITICAL - 2023-05-03 01:15:26 --> Class "App\Controllers\Product_model" not found
in APPPATH\Controllers\Api.php on line 11.
 1 SYSTEMPATH\CodeIgniter.php(906): App\Controllers\Api->__construct()
 2 SYSTEMPATH\CodeIgniter.php(490): CodeIgniter\CodeIgniter->createController()
 3 SYSTEMPATH\CodeIgniter.php(368): CodeIgniter\CodeIgniter->handleRequest(null, Object(Config\Cache), false)
 4 FCPATH\index.php(69): CodeIgniter\CodeIgniter->run()
INFO - 2023-05-03 01:16:27 --> Session: Class initialized using 'CodeIgniter\Session\Handlers\FileHandler' driver.
CRITICAL - 2023-05-03 01:18:52 --> Attempt to read property "product_id" on null
in APPPATH\Views\products\editProduct.php on line 40.
 1 APPPATH\Views\products\editProduct.php(40): CodeIgniter\Debug\Exceptions->errorHandler(2, 'Attempt to read property "product_id" on null', 'APPPATH\\Views\\products\\editProduct.php', 40)
 2 SYSTEMPATH\View\View.php(213): include('APPPATH\\Views\\products\\editProduct.php')
 3 SYSTEMPATH\View\View.php(216): CodeIgniter\View\View->CodeIgniter\View\{closure}()
 4 SYSTEMPATH\Common.php(1177): CodeIgniter\View\View->render('products/editProduct', [], true)
 5 APPPATH\Controllers\Products.php(157): view('products/editProduct', [...])
 6 SYSTEMPATH\CodeIgniter.php(934): App\Controllers\Products->editProduct('img', 'favicon.ico')
 7 SYSTEMPATH\CodeIgniter.php(499): CodeIgniter\CodeIgniter->runController(Object(App\Controllers\Products))
 8 SYSTEMPATH\CodeIgniter.php(368): CodeIgniter\CodeIgniter->handleRequest(null, Object(Config\Cache), false)
 9 FCPATH\index.php(69): CodeIgniter\CodeIgniter->run()
INFO - 2023-05-03 01:18:52 --> Session: Class initialized using 'CodeIgniter\Session\Handlers\FileHandler' driver.
INFO - 2023-05-03 01:31:11 --> Session: Class initialized using 'CodeIgniter\Session\Handlers\FileHandler' driver.
