CRITICAL - 2023-04-29 07:06:47 --> You must set the database table to be used with your query.
in SYSTEMPATH\Database\BaseConnection.php on line 882.
 1 SYSTEMPATH\Model.php(641): CodeIgniter\Database\BaseConnection->table(null)
 2 SYSTEMPATH\Model.php(831): CodeIgniter\Model->builder()
 3 APPPATH\Controllers\Products.php(66): CodeIgniter\Model->__call('insertProducts', [...])
 4 SYSTEMPATH\CodeIgniter.php(934): App\Controllers\Products->addProduct()
 5 SYSTEMPATH\CodeIgniter.php(499): CodeIgniter\CodeIgniter->runController(Object(App\Controllers\Products))
 6 SYSTEMPATH\CodeIgniter.php(368): CodeIgniter\CodeIgniter->handleRequest(null, Object(Config\Cache), false)
 7 FCPATH\index.php(69): CodeIgniter\CodeIgniter->run()
CRITICAL - 2023-04-29 07:08:36 --> Undefined property: stdClass::$product_status
in APPPATH\Views\products\index.php on line 39.
 1 APPPATH\Views\products\index.php(39): CodeIgniter\Debug\Exceptions->errorHandler(2, 'Undefined property: stdClass::$product_status', 'APPPATH\\Views\\products\\index.php', 39)
 2 SYSTEMPATH\View\View.php(213): include('APPPATH\\Views\\products\\index.php')
 3 SYSTEMPATH\View\View.php(216): CodeIgniter\View\View->CodeIgniter\View\{closure}()
 4 SYSTEMPATH\Common.php(1177): CodeIgniter\View\View->render('products/index', [], true)
 5 APPPATH\Controllers\Products.php(21): view('products/index', [...])
 6 SYSTEMPATH\CodeIgniter.php(934): App\Controllers\Products->index()
 7 SYSTEMPATH\CodeIgniter.php(499): CodeIgniter\CodeIgniter->runController(Object(App\Controllers\Products))
 8 SYSTEMPATH\CodeIgniter.php(368): CodeIgniter\CodeIgniter->handleRequest(null, Object(Config\Cache), false)
 9 FCPATH\index.php(69): CodeIgniter\CodeIgniter->run()
CRITICAL - 2023-04-29 07:09:25 --> You must set the database table to be used with your query.
in SYSTEMPATH\Database\BaseConnection.php on line 882.
 1 SYSTEMPATH\Model.php(641): CodeIgniter\Database\BaseConnection->table(null)
 2 SYSTEMPATH\Model.php(831): CodeIgniter\Model->builder()
 3 APPPATH\Controllers\Products.php(66): CodeIgniter\Model->__call('insertProducts', [...])
 4 SYSTEMPATH\CodeIgniter.php(934): App\Controllers\Products->addProduct()
 5 SYSTEMPATH\CodeIgniter.php(499): CodeIgniter\CodeIgniter->runController(Object(App\Controllers\Products))
 6 SYSTEMPATH\CodeIgniter.php(368): CodeIgniter\CodeIgniter->handleRequest(null, Object(Config\Cache), false)
 7 FCPATH\index.php(69): CodeIgniter\CodeIgniter->run()
CRITICAL - 2023-04-29 07:09:50 --> You must set the database table to be used with your query.
in SYSTEMPATH\Database\BaseConnection.php on line 882.
 1 SYSTEMPATH\Model.php(641): CodeIgniter\Database\BaseConnection->table(null)
 2 SYSTEMPATH\Model.php(831): CodeIgniter\Model->builder()
 3 APPPATH\Controllers\Products.php(66): CodeIgniter\Model->__call('insertProducts', [...])
 4 SYSTEMPATH\CodeIgniter.php(934): App\Controllers\Products->addProduct()
 5 SYSTEMPATH\CodeIgniter.php(499): CodeIgniter\CodeIgniter->runController(Object(App\Controllers\Products))
 6 SYSTEMPATH\CodeIgniter.php(368): CodeIgniter\CodeIgniter->handleRequest(null, Object(Config\Cache), false)
 7 FCPATH\index.php(69): CodeIgniter\CodeIgniter->run()
ERROR - 2023-04-29 07:18:34 --> mysqli_sql_exception: Duplicate entry '0' for key 'PRIMARY' in C:\xampp\htdocs\ITEC_222_2A_Miguel_CI4\system\Database\MySQLi\Connection.php:295
Stack trace:
#0 C:\xampp\htdocs\ITEC_222_2A_Miguel_CI4\system\Database\MySQLi\Connection.php(295): mysqli->query('INSERT INTO `pr...', 0)
#1 C:\xampp\htdocs\ITEC_222_2A_Miguel_CI4\system\Database\BaseConnection.php(691): CodeIgniter\Database\MySQLi\Connection->execute('INSERT INTO `pr...')
#2 C:\xampp\htdocs\ITEC_222_2A_Miguel_CI4\system\Database\BaseConnection.php(605): CodeIgniter\Database\BaseConnection->simpleQuery('INSERT INTO `pr...')
#3 C:\xampp\htdocs\ITEC_222_2A_Miguel_CI4\system\Database\BaseBuilder.php(2295): CodeIgniter\Database\BaseConnection->query('INSERT INTO `pr...', Array, false)
#4 C:\xampp\htdocs\ITEC_222_2A_Miguel_CI4\app\Models\Product_model.php(26): CodeIgniter\Database\BaseBuilder->insert(Array)
#5 C:\xampp\htdocs\ITEC_222_2A_Miguel_CI4\app\Controllers\Products.php(66): App\Models\Product_model->insertProducts(Array)
#6 C:\xampp\htdocs\ITEC_222_2A_Miguel_CI4\system\CodeIgniter.php(934): App\Controllers\Products->addProduct()
#7 C:\xampp\htdocs\ITEC_222_2A_Miguel_CI4\system\CodeIgniter.php(499): CodeIgniter\CodeIgniter->runController(Object(App\Controllers\Products))
#8 C:\xampp\htdocs\ITEC_222_2A_Miguel_CI4\system\CodeIgniter.php(368): CodeIgniter\CodeIgniter->handleRequest(NULL, Object(Config\Cache), false)
#9 C:\xampp\htdocs\ITEC_222_2A_Miguel_CI4\index.php(69): CodeIgniter\CodeIgniter->run()
#10 {main}
CRITICAL - 2023-04-29 07:18:34 --> Duplicate entry '0' for key 'PRIMARY'
in SYSTEMPATH\Database\BaseConnection.php on line 645.
 1 SYSTEMPATH\Database\BaseBuilder.php(2295): CodeIgniter\Database\BaseConnection->query('INSERT INTO `products` (`product_category`, `product_name`, `product_price`, `product_quantity`, `product_slug`) VALUES (:product_category:, :product_name:, :product_price:, :product_quantity:, :product_slug:)', [...], false)
 2 APPPATH\Models\Product_model.php(26): CodeIgniter\Database\BaseBuilder->insert([...])
 3 APPPATH\Controllers\Products.php(66): App\Models\Product_model->insertProducts([...])
 4 SYSTEMPATH\CodeIgniter.php(934): App\Controllers\Products->addProduct()
 5 SYSTEMPATH\CodeIgniter.php(499): CodeIgniter\CodeIgniter->runController(Object(App\Controllers\Products))
 6 SYSTEMPATH\CodeIgniter.php(368): CodeIgniter\CodeIgniter->handleRequest(null, Object(Config\Cache), false)
 7 FCPATH\index.php(69): CodeIgniter\CodeIgniter->run()
CRITICAL - 2023-04-29 15:28:39 --> Attempt to read property "StudentNo" on null
in APPPATH\Views\student\editRecord.php on line 31.
 1 APPPATH\Views\student\editRecord.php(31): CodeIgniter\Debug\Exceptions->errorHandler(2, 'Attempt to read property "StudentNo" on null', 'APPPATH\\Views\\student\\editRecord.php', 31)
 2 SYSTEMPATH\View\View.php(213): include('APPPATH\\Views\\student\\editRecord.php')
 3 SYSTEMPATH\View\View.php(216): CodeIgniter\View\View->CodeIgniter\View\{closure}()
 4 SYSTEMPATH\Common.php(1177): CodeIgniter\View\View->render('student/editRecord', [], true)
 5 APPPATH\Controllers\Student.php(151): view('student/editRecord', [...])
 6 SYSTEMPATH\CodeIgniter.php(934): App\Controllers\Student->editRecord('assets', 'demo', 'chart-area-demo.js')
 7 SYSTEMPATH\CodeIgniter.php(499): CodeIgniter\CodeIgniter->runController(Object(App\Controllers\Student))
 8 SYSTEMPATH\CodeIgniter.php(368): CodeIgniter\CodeIgniter->handleRequest(null, Object(Config\Cache), false)
 9 FCPATH\index.php(69): CodeIgniter\CodeIgniter->run()
CRITICAL - 2023-04-29 15:28:39 --> Attempt to read property "StudentNo" on null
in APPPATH\Views\student\editRecord.php on line 31.
 1 APPPATH\Views\student\editRecord.php(31): CodeIgniter\Debug\Exceptions->errorHandler(2, 'Attempt to read property "StudentNo" on null', 'APPPATH\\Views\\student\\editRecord.php', 31)
 2 SYSTEMPATH\View\View.php(213): include('APPPATH\\Views\\student\\editRecord.php')
 3 SYSTEMPATH\View\View.php(216): CodeIgniter\View\View->CodeIgniter\View\{closure}()
 4 SYSTEMPATH\Common.php(1177): CodeIgniter\View\View->render('student/editRecord', [], true)
 5 APPPATH\Controllers\Student.php(151): view('student/editRecord', [...])
 6 SYSTEMPATH\CodeIgniter.php(934): App\Controllers\Student->editRecord('FCPATH\\public', 'assets', 'js', 'scripts.js')
 7 SYSTEMPATH\CodeIgniter.php(499): CodeIgniter\CodeIgniter->runController(Object(App\Controllers\Student))
 8 SYSTEMPATH\CodeIgniter.php(368): CodeIgniter\CodeIgniter->handleRequest(null, Object(Config\Cache), false)
 9 FCPATH\index.php(69): CodeIgniter\CodeIgniter->run()
CRITICAL - 2023-04-29 15:28:39 --> Attempt to read property "StudentNo" on null
in APPPATH\Views\student\editRecord.php on line 31.
 1 APPPATH\Views\student\editRecord.php(31): CodeIgniter\Debug\Exceptions->errorHandler(2, 'Attempt to read property "StudentNo" on null', 'APPPATH\\Views\\student\\editRecord.php', 31)
 2 SYSTEMPATH\View\View.php(213): include('APPPATH\\Views\\student\\editRecord.php')
 3 SYSTEMPATH\View\View.php(216): CodeIgniter\View\View->CodeIgniter\View\{closure}()
 4 SYSTEMPATH\Common.php(1177): CodeIgniter\View\View->render('student/editRecord', [], true)
 5 APPPATH\Controllers\Student.php(151): view('student/editRecord', [...])
 6 SYSTEMPATH\CodeIgniter.php(934): App\Controllers\Student->editRecord('assets', 'demo', 'chart-bar-demo.js')
 7 SYSTEMPATH\CodeIgniter.php(499): CodeIgniter\CodeIgniter->runController(Object(App\Controllers\Student))
 8 SYSTEMPATH\CodeIgniter.php(368): CodeIgniter\CodeIgniter->handleRequest(null, Object(Config\Cache), false)
 9 FCPATH\index.php(69): CodeIgniter\CodeIgniter->run()
CRITICAL - 2023-04-29 15:28:58 --> Attempt to read property "StudentNo" on null
in APPPATH\Views\student\editRecord.php on line 31.
 1 APPPATH\Views\student\editRecord.php(31): CodeIgniter\Debug\Exceptions->errorHandler(2, 'Attempt to read property "StudentNo" on null', 'APPPATH\\Views\\student\\editRecord.php', 31)
 2 SYSTEMPATH\View\View.php(213): include('APPPATH\\Views\\student\\editRecord.php')
 3 SYSTEMPATH\View\View.php(216): CodeIgniter\View\View->CodeIgniter\View\{closure}()
 4 SYSTEMPATH\Common.php(1177): CodeIgniter\View\View->render('student/editRecord', [], true)
 5 APPPATH\Controllers\Student.php(151): view('student/editRecord', [...])
 6 SYSTEMPATH\CodeIgniter.php(934): App\Controllers\Student->editRecord('FCPATH\\public', 'assets', 'js', 'scripts.js')
 7 SYSTEMPATH\CodeIgniter.php(499): CodeIgniter\CodeIgniter->runController(Object(App\Controllers\Student))
 8 SYSTEMPATH\CodeIgniter.php(368): CodeIgniter\CodeIgniter->handleRequest(null, Object(Config\Cache), false)
 9 FCPATH\index.php(69): CodeIgniter\CodeIgniter->run()
CRITICAL - 2023-04-29 15:28:58 --> Attempt to read property "StudentNo" on null
in APPPATH\Views\student\editRecord.php on line 31.
 1 APPPATH\Views\student\editRecord.php(31): CodeIgniter\Debug\Exceptions->errorHandler(2, 'Attempt to read property "StudentNo" on null', 'APPPATH\\Views\\student\\editRecord.php', 31)
 2 SYSTEMPATH\View\View.php(213): include('APPPATH\\Views\\student\\editRecord.php')
 3 SYSTEMPATH\View\View.php(216): CodeIgniter\View\View->CodeIgniter\View\{closure}()
 4 SYSTEMPATH\Common.php(1177): CodeIgniter\View\View->render('student/editRecord', [], true)
 5 APPPATH\Controllers\Student.php(151): view('student/editRecord', [...])
 6 SYSTEMPATH\CodeIgniter.php(934): App\Controllers\Student->editRecord('assets', 'demo', 'chart-area-demo.js')
 7 SYSTEMPATH\CodeIgniter.php(499): CodeIgniter\CodeIgniter->runController(Object(App\Controllers\Student))
 8 SYSTEMPATH\CodeIgniter.php(368): CodeIgniter\CodeIgniter->handleRequest(null, Object(Config\Cache), false)
 9 FCPATH\index.php(69): CodeIgniter\CodeIgniter->run()
CRITICAL - 2023-04-29 15:28:58 --> Attempt to read property "StudentNo" on null
in APPPATH\Views\student\editRecord.php on line 31.
 1 APPPATH\Views\student\editRecord.php(31): CodeIgniter\Debug\Exceptions->errorHandler(2, 'Attempt to read property "StudentNo" on null', 'APPPATH\\Views\\student\\editRecord.php', 31)
 2 SYSTEMPATH\View\View.php(213): include('APPPATH\\Views\\student\\editRecord.php')
 3 SYSTEMPATH\View\View.php(216): CodeIgniter\View\View->CodeIgniter\View\{closure}()
 4 SYSTEMPATH\Common.php(1177): CodeIgniter\View\View->render('student/editRecord', [], true)
 5 APPPATH\Controllers\Student.php(151): view('student/editRecord', [...])
 6 SYSTEMPATH\CodeIgniter.php(934): App\Controllers\Student->editRecord('assets', 'demo', 'chart-bar-demo.js')
 7 SYSTEMPATH\CodeIgniter.php(499): CodeIgniter\CodeIgniter->runController(Object(App\Controllers\Student))
 8 SYSTEMPATH\CodeIgniter.php(368): CodeIgniter\CodeIgniter->handleRequest(null, Object(Config\Cache), false)
 9 FCPATH\index.php(69): CodeIgniter\CodeIgniter->run()
