INFO - 2023-05-01 01:07:58 --> Session: Class initialized using 'CodeIgniter\Session\Handlers\FileHandler' driver.
INFO - 2023-05-01 01:20:14 --> Session: Class initialized using 'CodeIgniter\Session\Handlers\FileHandler' driver.
INFO - 2023-05-01 01:21:01 --> Session: Class initialized using 'CodeIgniter\Session\Handlers\FileHandler' driver.
CRITICAL - 2023-05-01 01:39:48 --> Undefined variable $student_info
in APPPATH\Controllers\Api.php on line 23.
 1 APPPATH\Controllers\Api.php(23): CodeIgniter\Debug\Exceptions->errorHandler(2, 'Undefined variable $student_info', 'APPPATH\\Controllers\\Api.php', 23)
 2 SYSTEMPATH\CodeIgniter.php(934): App\Controllers\Api->student()
 3 SYSTEMPATH\CodeIgniter.php(499): CodeIgniter\CodeIgniter->runController(Object(App\Controllers\Api))
 4 SYSTEMPATH\CodeIgniter.php(368): CodeIgniter\CodeIgniter->handleRequest(null, Object(Config\Cache), false)
 5 FCPATH\index.php(69): CodeIgniter\CodeIgniter->run()
CRITICAL - 2023-05-01 01:40:08 --> Undefined variable $student_info
in APPPATH\Controllers\Api.php on line 23.
 1 APPPATH\Controllers\Api.php(23): CodeIgniter\Debug\Exceptions->errorHandler(2, 'Undefined variable $student_info', 'APPPATH\\Controllers\\Api.php', 23)
 2 SYSTEMPATH\CodeIgniter.php(934): App\Controllers\Api->student()
 3 SYSTEMPATH\CodeIgniter.php(499): CodeIgniter\CodeIgniter->runController(Object(App\Controllers\Api))
 4 SYSTEMPATH\CodeIgniter.php(368): CodeIgniter\CodeIgniter->handleRequest(null, Object(Config\Cache), false)
 5 FCPATH\index.php(69): CodeIgniter\CodeIgniter->run()
CRITICAL - 2023-05-01 01:40:12 --> Undefined variable $student_info
in APPPATH\Controllers\Api.php on line 23.
 1 APPPATH\Controllers\Api.php(23): CodeIgniter\Debug\Exceptions->errorHandler(2, 'Undefined variable $student_info', 'APPPATH\\Controllers\\Api.php', 23)
 2 SYSTEMPATH\CodeIgniter.php(934): App\Controllers\Api->student()
 3 SYSTEMPATH\CodeIgniter.php(499): CodeIgniter\CodeIgniter->runController(Object(App\Controllers\Api))
 4 SYSTEMPATH\CodeIgniter.php(368): CodeIgniter\CodeIgniter->handleRequest(null, Object(Config\Cache), false)
 5 FCPATH\index.php(69): CodeIgniter\CodeIgniter->run()
CRITICAL - 2023-05-01 01:40:47 --> Undefined variable $student_info
in APPPATH\Controllers\Api.php on line 23.
 1 APPPATH\Controllers\Api.php(23): CodeIgniter\Debug\Exceptions->errorHandler(2, 'Undefined variable $student_info', 'APPPATH\\Controllers\\Api.php', 23)
 2 SYSTEMPATH\CodeIgniter.php(934): App\Controllers\Api->student()
 3 SYSTEMPATH\CodeIgniter.php(499): CodeIgniter\CodeIgniter->runController(Object(App\Controllers\Api))
 4 SYSTEMPATH\CodeIgniter.php(368): CodeIgniter\CodeIgniter->handleRequest(null, Object(Config\Cache), false)
 5 FCPATH\index.php(69): CodeIgniter\CodeIgniter->run()
CRITICAL - 2023-05-01 02:19:56 --> Undefined variable $StudentNo
in APPPATH\Controllers\Api.php on line 140.
 1 APPPATH\Controllers\Api.php(140): CodeIgniter\Debug\Exceptions->errorHandler(2, 'Undefined variable $StudentNo', 'APPPATH\\Controllers\\Api.php', 140)
 2 SYSTEMPATH\CodeIgniter.php(934): App\Controllers\Api->student()
 3 SYSTEMPATH\CodeIgniter.php(499): CodeIgniter\CodeIgniter->runController(Object(App\Controllers\Api))
 4 SYSTEMPATH\CodeIgniter.php(368): CodeIgniter\CodeIgniter->handleRequest(null, Object(Config\Cache), false)
 5 FCPATH\index.php(69): CodeIgniter\CodeIgniter->run()
CRITICAL - 2023-05-01 02:21:11 --> Undefined variable $StudentNo
in APPPATH\Controllers\Api.php on line 140.
 1 APPPATH\Controllers\Api.php(140): CodeIgniter\Debug\Exceptions->errorHandler(2, 'Undefined variable $StudentNo', 'APPPATH\\Controllers\\Api.php', 140)
 2 SYSTEMPATH\CodeIgniter.php(934): App\Controllers\Api->student()
 3 SYSTEMPATH\CodeIgniter.php(499): CodeIgniter\CodeIgniter->runController(Object(App\Controllers\Api))
 4 SYSTEMPATH\CodeIgniter.php(368): CodeIgniter\CodeIgniter->handleRequest(null, Object(Config\Cache), false)
 5 FCPATH\index.php(69): CodeIgniter\CodeIgniter->run()
CRITICAL - 2023-05-01 02:21:22 --> Undefined variable $StudentNo
in APPPATH\Controllers\Api.php on line 140.
 1 APPPATH\Controllers\Api.php(140): CodeIgniter\Debug\Exceptions->errorHandler(2, 'Undefined variable $StudentNo', 'APPPATH\\Controllers\\Api.php', 140)
 2 SYSTEMPATH\CodeIgniter.php(934): App\Controllers\Api->student()
 3 SYSTEMPATH\CodeIgniter.php(499): CodeIgniter\CodeIgniter->runController(Object(App\Controllers\Api))
 4 SYSTEMPATH\CodeIgniter.php(368): CodeIgniter\CodeIgniter->handleRequest(null, Object(Config\Cache), false)
 5 FCPATH\index.php(69): CodeIgniter\CodeIgniter->run()
CRITICAL - 2023-05-01 02:22:13 --> Undefined variable $FN
in APPPATH\Controllers\Api.php on line 140.
 1 APPPATH\Controllers\Api.php(140): CodeIgniter\Debug\Exceptions->errorHandler(2, 'Undefined variable $FN', 'APPPATH\\Controllers\\Api.php', 140)
 2 SYSTEMPATH\CodeIgniter.php(934): App\Controllers\Api->student()
 3 SYSTEMPATH\CodeIgniter.php(499): CodeIgniter\CodeIgniter->runController(Object(App\Controllers\Api))
 4 SYSTEMPATH\CodeIgniter.php(368): CodeIgniter\CodeIgniter->handleRequest(null, Object(Config\Cache), false)
 5 FCPATH\index.php(69): CodeIgniter\CodeIgniter->run()
CRITICAL - 2023-05-01 02:23:16 --> Undefined variable $FN
in APPPATH\Controllers\Api.php on line 140.
 1 APPPATH\Controllers\Api.php(140): CodeIgniter\Debug\Exceptions->errorHandler(2, 'Undefined variable $FN', 'APPPATH\\Controllers\\Api.php', 140)
 2 SYSTEMPATH\CodeIgniter.php(934): App\Controllers\Api->student()
 3 SYSTEMPATH\CodeIgniter.php(499): CodeIgniter\CodeIgniter->runController(Object(App\Controllers\Api))
 4 SYSTEMPATH\CodeIgniter.php(368): CodeIgniter\CodeIgniter->handleRequest(null, Object(Config\Cache), false)
 5 FCPATH\index.php(69): CodeIgniter\CodeIgniter->run()
CRITICAL - 2023-05-01 02:23:59 --> Undefined variable $FN
in APPPATH\Controllers\Api.php on line 140.
 1 APPPATH\Controllers\Api.php(140): CodeIgniter\Debug\Exceptions->errorHandler(2, 'Undefined variable $FN', 'APPPATH\\Controllers\\Api.php', 140)
 2 SYSTEMPATH\CodeIgniter.php(934): App\Controllers\Api->student()
 3 SYSTEMPATH\CodeIgniter.php(499): CodeIgniter\CodeIgniter->runController(Object(App\Controllers\Api))
 4 SYSTEMPATH\CodeIgniter.php(368): CodeIgniter\CodeIgniter->handleRequest(null, Object(Config\Cache), false)
 5 FCPATH\index.php(69): CodeIgniter\CodeIgniter->run()
CRITICAL - 2023-05-01 02:29:10 --> You must set the database table to be used with your query.
in SYSTEMPATH\Database\BaseConnection.php on line 882.
 1 SYSTEMPATH\Model.php(641): CodeIgniter\Database\BaseConnection->table(null)
 2 SYSTEMPATH\Model.php(831): CodeIgniter\Model->builder()
 3 APPPATH\Controllers\Api.php(215): CodeIgniter\Model->__call('updatedStudentRecord', [...])
 4 SYSTEMPATH\CodeIgniter.php(934): App\Controllers\Api->student()
 5 SYSTEMPATH\CodeIgniter.php(499): CodeIgniter\CodeIgniter->runController(Object(App\Controllers\Api))
 6 SYSTEMPATH\CodeIgniter.php(368): CodeIgniter\CodeIgniter->handleRequest(null, Object(Config\Cache), false)
 7 FCPATH\index.php(69): CodeIgniter\CodeIgniter->run()
CRITICAL - 2023-05-01 02:30:25 --> You must set the database table to be used with your query.
in SYSTEMPATH\Database\BaseConnection.php on line 882.
 1 SYSTEMPATH\Model.php(641): CodeIgniter\Database\BaseConnection->table(null)
 2 SYSTEMPATH\Model.php(831): CodeIgniter\Model->builder()
 3 APPPATH\Controllers\Api.php(215): CodeIgniter\Model->__call('updatedStudentRecord', [...])
 4 SYSTEMPATH\CodeIgniter.php(934): App\Controllers\Api->student()
 5 SYSTEMPATH\CodeIgniter.php(499): CodeIgniter\CodeIgniter->runController(Object(App\Controllers\Api))
 6 SYSTEMPATH\CodeIgniter.php(368): CodeIgniter\CodeIgniter->handleRequest(null, Object(Config\Cache), false)
 7 FCPATH\index.php(69): CodeIgniter\CodeIgniter->run()
CRITICAL - 2023-05-01 02:32:03 --> You must set the database table to be used with your query.
in SYSTEMPATH\Database\BaseConnection.php on line 882.
 1 SYSTEMPATH\Model.php(641): CodeIgniter\Database\BaseConnection->table(null)
 2 SYSTEMPATH\Model.php(831): CodeIgniter\Model->builder()
 3 APPPATH\Controllers\Api.php(215): CodeIgniter\Model->__call('updatedStudentRecord', [...])
 4 SYSTEMPATH\CodeIgniter.php(934): App\Controllers\Api->student()
 5 SYSTEMPATH\CodeIgniter.php(499): CodeIgniter\CodeIgniter->runController(Object(App\Controllers\Api))
 6 SYSTEMPATH\CodeIgniter.php(368): CodeIgniter\CodeIgniter->handleRequest(null, Object(Config\Cache), false)
 7 FCPATH\index.php(69): CodeIgniter\CodeIgniter->run()
CRITICAL - 2023-05-01 02:33:59 --> You must set the database table to be used with your query.
in SYSTEMPATH\Database\BaseConnection.php on line 882.
 1 SYSTEMPATH\Model.php(641): CodeIgniter\Database\BaseConnection->table(null)
 2 SYSTEMPATH\Model.php(831): CodeIgniter\Model->builder()
 3 APPPATH\Controllers\Api.php(215): CodeIgniter\Model->__call('updatedStudentRecord', [...])
 4 SYSTEMPATH\CodeIgniter.php(934): App\Controllers\Api->student()
 5 SYSTEMPATH\CodeIgniter.php(499): CodeIgniter\CodeIgniter->runController(Object(App\Controllers\Api))
 6 SYSTEMPATH\CodeIgniter.php(368): CodeIgniter\CodeIgniter->handleRequest(null, Object(Config\Cache), false)
 7 FCPATH\index.php(69): CodeIgniter\CodeIgniter->run()
CRITICAL - 2023-05-01 02:34:10 --> You must set the database table to be used with your query.
in SYSTEMPATH\Database\BaseConnection.php on line 882.
 1 SYSTEMPATH\Model.php(641): CodeIgniter\Database\BaseConnection->table(null)
 2 SYSTEMPATH\Model.php(831): CodeIgniter\Model->builder()
 3 APPPATH\Controllers\Api.php(215): CodeIgniter\Model->__call('updatedStudentRecord', [...])
 4 SYSTEMPATH\CodeIgniter.php(934): App\Controllers\Api->student()
 5 SYSTEMPATH\CodeIgniter.php(499): CodeIgniter\CodeIgniter->runController(Object(App\Controllers\Api))
 6 SYSTEMPATH\CodeIgniter.php(368): CodeIgniter\CodeIgniter->handleRequest(null, Object(Config\Cache), false)
 7 FCPATH\index.php(69): CodeIgniter\CodeIgniter->run()
CRITICAL - 2023-05-01 02:34:16 --> You must set the database table to be used with your query.
in SYSTEMPATH\Database\BaseConnection.php on line 882.
 1 SYSTEMPATH\Model.php(641): CodeIgniter\Database\BaseConnection->table(null)
 2 SYSTEMPATH\Model.php(831): CodeIgniter\Model->builder()
 3 APPPATH\Controllers\Api.php(215): CodeIgniter\Model->__call('updatedStudentRecord', [...])
 4 SYSTEMPATH\CodeIgniter.php(934): App\Controllers\Api->student()
 5 SYSTEMPATH\CodeIgniter.php(499): CodeIgniter\CodeIgniter->runController(Object(App\Controllers\Api))
 6 SYSTEMPATH\CodeIgniter.php(368): CodeIgniter\CodeIgniter->handleRequest(null, Object(Config\Cache), false)
 7 FCPATH\index.php(69): CodeIgniter\CodeIgniter->run()
CRITICAL - 2023-05-01 02:34:47 --> You must set the database table to be used with your query.
in SYSTEMPATH\Database\BaseConnection.php on line 882.
 1 SYSTEMPATH\Model.php(641): CodeIgniter\Database\BaseConnection->table(null)
 2 SYSTEMPATH\Model.php(831): CodeIgniter\Model->builder()
 3 APPPATH\Controllers\Api.php(215): CodeIgniter\Model->__call('updatedStudentRecord', [...])
 4 SYSTEMPATH\CodeIgniter.php(934): App\Controllers\Api->student()
 5 SYSTEMPATH\CodeIgniter.php(499): CodeIgniter\CodeIgniter->runController(Object(App\Controllers\Api))
 6 SYSTEMPATH\CodeIgniter.php(368): CodeIgniter\CodeIgniter->handleRequest(null, Object(Config\Cache), false)
 7 FCPATH\index.php(69): CodeIgniter\CodeIgniter->run()
CRITICAL - 2023-05-01 02:34:53 --> You must set the database table to be used with your query.
in SYSTEMPATH\Database\BaseConnection.php on line 882.
 1 SYSTEMPATH\Model.php(641): CodeIgniter\Database\BaseConnection->table(null)
 2 SYSTEMPATH\Model.php(831): CodeIgniter\Model->builder()
 3 APPPATH\Controllers\Api.php(215): CodeIgniter\Model->__call('updatedStudentRecord', [...])
 4 SYSTEMPATH\CodeIgniter.php(934): App\Controllers\Api->student()
 5 SYSTEMPATH\CodeIgniter.php(499): CodeIgniter\CodeIgniter->runController(Object(App\Controllers\Api))
 6 SYSTEMPATH\CodeIgniter.php(368): CodeIgniter\CodeIgniter->handleRequest(null, Object(Config\Cache), false)
 7 FCPATH\index.php(69): CodeIgniter\CodeIgniter->run()
CRITICAL - 2023-05-01 02:34:59 --> You must set the database table to be used with your query.
in SYSTEMPATH\Database\BaseConnection.php on line 882.
 1 SYSTEMPATH\Model.php(641): CodeIgniter\Database\BaseConnection->table(null)
 2 SYSTEMPATH\Model.php(831): CodeIgniter\Model->builder()
 3 APPPATH\Controllers\Api.php(215): CodeIgniter\Model->__call('updatedStudentRecord', [...])
 4 SYSTEMPATH\CodeIgniter.php(934): App\Controllers\Api->student()
 5 SYSTEMPATH\CodeIgniter.php(499): CodeIgniter\CodeIgniter->runController(Object(App\Controllers\Api))
 6 SYSTEMPATH\CodeIgniter.php(368): CodeIgniter\CodeIgniter->handleRequest(null, Object(Config\Cache), false)
 7 FCPATH\index.php(69): CodeIgniter\CodeIgniter->run()
CRITICAL - 2023-05-01 02:36:53 --> You must set the database table to be used with your query.
in SYSTEMPATH\Database\BaseConnection.php on line 882.
 1 SYSTEMPATH\Model.php(641): CodeIgniter\Database\BaseConnection->table(null)
 2 SYSTEMPATH\Model.php(831): CodeIgniter\Model->builder()
 3 APPPATH\Controllers\Api.php(215): CodeIgniter\Model->__call('updatedStudentRecord', [...])
 4 SYSTEMPATH\CodeIgniter.php(934): App\Controllers\Api->student()
 5 SYSTEMPATH\CodeIgniter.php(499): CodeIgniter\CodeIgniter->runController(Object(App\Controllers\Api))
 6 SYSTEMPATH\CodeIgniter.php(368): CodeIgniter\CodeIgniter->handleRequest(null, Object(Config\Cache), false)
 7 FCPATH\index.php(69): CodeIgniter\CodeIgniter->run()
CRITICAL - 2023-05-01 02:36:58 --> You must set the database table to be used with your query.
in SYSTEMPATH\Database\BaseConnection.php on line 882.
 1 SYSTEMPATH\Model.php(641): CodeIgniter\Database\BaseConnection->table(null)
 2 SYSTEMPATH\Model.php(831): CodeIgniter\Model->builder()
 3 APPPATH\Controllers\Api.php(215): CodeIgniter\Model->__call('updatedStudentRecord', [...])
 4 SYSTEMPATH\CodeIgniter.php(934): App\Controllers\Api->student()
 5 SYSTEMPATH\CodeIgniter.php(499): CodeIgniter\CodeIgniter->runController(Object(App\Controllers\Api))
 6 SYSTEMPATH\CodeIgniter.php(368): CodeIgniter\CodeIgniter->handleRequest(null, Object(Config\Cache), false)
 7 FCPATH\index.php(69): CodeIgniter\CodeIgniter->run()
CRITICAL - 2023-05-01 02:38:36 --> You must set the database table to be used with your query.
in SYSTEMPATH\Database\BaseConnection.php on line 882.
 1 SYSTEMPATH\Model.php(641): CodeIgniter\Database\BaseConnection->table(null)
 2 SYSTEMPATH\Model.php(831): CodeIgniter\Model->builder()
 3 APPPATH\Controllers\Api.php(215): CodeIgniter\Model->__call('updatedStudentRecord', [...])
 4 SYSTEMPATH\CodeIgniter.php(934): App\Controllers\Api->student()
 5 SYSTEMPATH\CodeIgniter.php(499): CodeIgniter\CodeIgniter->runController(Object(App\Controllers\Api))
 6 SYSTEMPATH\CodeIgniter.php(368): CodeIgniter\CodeIgniter->handleRequest(null, Object(Config\Cache), false)
 7 FCPATH\index.php(69): CodeIgniter\CodeIgniter->run()
CRITICAL - 2023-05-01 02:38:53 --> You must set the database table to be used with your query.
in SYSTEMPATH\Database\BaseConnection.php on line 882.
 1 SYSTEMPATH\Model.php(641): CodeIgniter\Database\BaseConnection->table(null)
 2 SYSTEMPATH\Model.php(831): CodeIgniter\Model->builder()
 3 APPPATH\Controllers\Api.php(215): CodeIgniter\Model->__call('updatedStudentRecord', [...])
 4 SYSTEMPATH\CodeIgniter.php(934): App\Controllers\Api->student()
 5 SYSTEMPATH\CodeIgniter.php(499): CodeIgniter\CodeIgniter->runController(Object(App\Controllers\Api))
 6 SYSTEMPATH\CodeIgniter.php(368): CodeIgniter\CodeIgniter->handleRequest(null, Object(Config\Cache), false)
 7 FCPATH\index.php(69): CodeIgniter\CodeIgniter->run()
CRITICAL - 2023-05-01 02:41:59 --> You must set the database table to be used with your query.
in SYSTEMPATH\Database\BaseConnection.php on line 882.
 1 SYSTEMPATH\Model.php(641): CodeIgniter\Database\BaseConnection->table(null)
 2 SYSTEMPATH\Model.php(831): CodeIgniter\Model->builder()
 3 APPPATH\Controllers\Api.php(215): CodeIgniter\Model->__call('updatedStudentRecord', [...])
 4 SYSTEMPATH\CodeIgniter.php(934): App\Controllers\Api->student()
 5 SYSTEMPATH\CodeIgniter.php(499): CodeIgniter\CodeIgniter->runController(Object(App\Controllers\Api))
 6 SYSTEMPATH\CodeIgniter.php(368): CodeIgniter\CodeIgniter->handleRequest(null, Object(Config\Cache), false)
 7 FCPATH\index.php(69): CodeIgniter\CodeIgniter->run()
CRITICAL - 2023-05-01 02:42:12 --> You must set the database table to be used with your query.
in SYSTEMPATH\Database\BaseConnection.php on line 882.
 1 SYSTEMPATH\Model.php(641): CodeIgniter\Database\BaseConnection->table(null)
 2 SYSTEMPATH\Model.php(831): CodeIgniter\Model->builder()
 3 APPPATH\Controllers\Api.php(215): CodeIgniter\Model->__call('updatedStudentRecord', [...])
 4 SYSTEMPATH\CodeIgniter.php(934): App\Controllers\Api->student()
 5 SYSTEMPATH\CodeIgniter.php(499): CodeIgniter\CodeIgniter->runController(Object(App\Controllers\Api))
 6 SYSTEMPATH\CodeIgniter.php(368): CodeIgniter\CodeIgniter->handleRequest(null, Object(Config\Cache), false)
 7 FCPATH\index.php(69): CodeIgniter\CodeIgniter->run()
CRITICAL - 2023-05-01 02:42:32 --> You must set the database table to be used with your query.
in SYSTEMPATH\Database\BaseConnection.php on line 882.
 1 SYSTEMPATH\Model.php(641): CodeIgniter\Database\BaseConnection->table(null)
 2 SYSTEMPATH\Model.php(831): CodeIgniter\Model->builder()
 3 APPPATH\Controllers\Api.php(215): CodeIgniter\Model->__call('updatedStudentRecord', [...])
 4 SYSTEMPATH\CodeIgniter.php(934): App\Controllers\Api->student()
 5 SYSTEMPATH\CodeIgniter.php(499): CodeIgniter\CodeIgniter->runController(Object(App\Controllers\Api))
 6 SYSTEMPATH\CodeIgniter.php(368): CodeIgniter\CodeIgniter->handleRequest(null, Object(Config\Cache), false)
 7 FCPATH\index.php(69): CodeIgniter\CodeIgniter->run()
CRITICAL - 2023-05-01 02:42:38 --> You must set the database table to be used with your query.
in SYSTEMPATH\Database\BaseConnection.php on line 882.
 1 SYSTEMPATH\Model.php(641): CodeIgniter\Database\BaseConnection->table(null)
 2 SYSTEMPATH\Model.php(831): CodeIgniter\Model->builder()
 3 APPPATH\Controllers\Api.php(215): CodeIgniter\Model->__call('updatedStudentRecord', [...])
 4 SYSTEMPATH\CodeIgniter.php(934): App\Controllers\Api->student()
 5 SYSTEMPATH\CodeIgniter.php(499): CodeIgniter\CodeIgniter->runController(Object(App\Controllers\Api))
 6 SYSTEMPATH\CodeIgniter.php(368): CodeIgniter\CodeIgniter->handleRequest(null, Object(Config\Cache), false)
 7 FCPATH\index.php(69): CodeIgniter\CodeIgniter->run()
CRITICAL - 2023-05-01 02:42:41 --> You must set the database table to be used with your query.
in SYSTEMPATH\Database\BaseConnection.php on line 882.
 1 SYSTEMPATH\Model.php(641): CodeIgniter\Database\BaseConnection->table(null)
 2 SYSTEMPATH\Model.php(831): CodeIgniter\Model->builder()
 3 APPPATH\Controllers\Api.php(215): CodeIgniter\Model->__call('updatedStudentRecord', [...])
 4 SYSTEMPATH\CodeIgniter.php(934): App\Controllers\Api->student()
 5 SYSTEMPATH\CodeIgniter.php(499): CodeIgniter\CodeIgniter->runController(Object(App\Controllers\Api))
 6 SYSTEMPATH\CodeIgniter.php(368): CodeIgniter\CodeIgniter->handleRequest(null, Object(Config\Cache), false)
 7 FCPATH\index.php(69): CodeIgniter\CodeIgniter->run()
CRITICAL - 2023-05-01 02:42:46 --> You must set the database table to be used with your query.
in SYSTEMPATH\Database\BaseConnection.php on line 882.
 1 SYSTEMPATH\Model.php(641): CodeIgniter\Database\BaseConnection->table(null)
 2 SYSTEMPATH\Model.php(831): CodeIgniter\Model->builder()
 3 APPPATH\Controllers\Api.php(215): CodeIgniter\Model->__call('updatedStudentRecord', [...])
 4 SYSTEMPATH\CodeIgniter.php(934): App\Controllers\Api->student()
 5 SYSTEMPATH\CodeIgniter.php(499): CodeIgniter\CodeIgniter->runController(Object(App\Controllers\Api))
 6 SYSTEMPATH\CodeIgniter.php(368): CodeIgniter\CodeIgniter->handleRequest(null, Object(Config\Cache), false)
 7 FCPATH\index.php(69): CodeIgniter\CodeIgniter->run()
CRITICAL - 2023-05-01 02:43:00 --> You must set the database table to be used with your query.
in SYSTEMPATH\Database\BaseConnection.php on line 882.
 1 SYSTEMPATH\Model.php(641): CodeIgniter\Database\BaseConnection->table(null)
 2 SYSTEMPATH\Model.php(831): CodeIgniter\Model->builder()
 3 APPPATH\Controllers\Api.php(215): CodeIgniter\Model->__call('updatedStudentRecord', [...])
 4 SYSTEMPATH\CodeIgniter.php(934): App\Controllers\Api->student()
 5 SYSTEMPATH\CodeIgniter.php(499): CodeIgniter\CodeIgniter->runController(Object(App\Controllers\Api))
 6 SYSTEMPATH\CodeIgniter.php(368): CodeIgniter\CodeIgniter->handleRequest(null, Object(Config\Cache), false)
 7 FCPATH\index.php(69): CodeIgniter\CodeIgniter->run()
CRITICAL - 2023-05-01 02:43:05 --> You must set the database table to be used with your query.
in SYSTEMPATH\Database\BaseConnection.php on line 882.
 1 SYSTEMPATH\Model.php(641): CodeIgniter\Database\BaseConnection->table(null)
 2 SYSTEMPATH\Model.php(831): CodeIgniter\Model->builder()
 3 APPPATH\Controllers\Api.php(215): CodeIgniter\Model->__call('updatedStudentRecord', [...])
 4 SYSTEMPATH\CodeIgniter.php(934): App\Controllers\Api->student()
 5 SYSTEMPATH\CodeIgniter.php(499): CodeIgniter\CodeIgniter->runController(Object(App\Controllers\Api))
 6 SYSTEMPATH\CodeIgniter.php(368): CodeIgniter\CodeIgniter->handleRequest(null, Object(Config\Cache), false)
 7 FCPATH\index.php(69): CodeIgniter\CodeIgniter->run()
CRITICAL - 2023-05-01 05:19:32 --> Undefined variable $student
in APPPATH\Views\products\index.php on line 54.
 1 APPPATH\Views\products\index.php(54): CodeIgniter\Debug\Exceptions->errorHandler(2, 'Undefined variable $student', 'APPPATH\\Views\\products\\index.php', 54)
 2 SYSTEMPATH\View\View.php(213): include('APPPATH\\Views\\products\\index.php')
 3 SYSTEMPATH\View\View.php(216): CodeIgniter\View\View->CodeIgniter\View\{closure}()
 4 SYSTEMPATH\Common.php(1177): CodeIgniter\View\View->render('products/index', [], true)
 5 APPPATH\Controllers\Products.php(21): view('products/index', [...])
 6 SYSTEMPATH\CodeIgniter.php(934): App\Controllers\Products->index()
 7 SYSTEMPATH\CodeIgniter.php(499): CodeIgniter\CodeIgniter->runController(Object(App\Controllers\Products))
 8 SYSTEMPATH\CodeIgniter.php(368): CodeIgniter\CodeIgniter->handleRequest(null, Object(Config\Cache), false)
 9 FCPATH\index.php(69): CodeIgniter\CodeIgniter->run()
CRITICAL - 2023-05-01 05:19:37 --> Undefined variable $student
in APPPATH\Views\products\index.php on line 54.
 1 APPPATH\Views\products\index.php(54): CodeIgniter\Debug\Exceptions->errorHandler(2, 'Undefined variable $student', 'APPPATH\\Views\\products\\index.php', 54)
 2 SYSTEMPATH\View\View.php(213): include('APPPATH\\Views\\products\\index.php')
 3 SYSTEMPATH\View\View.php(216): CodeIgniter\View\View->CodeIgniter\View\{closure}()
 4 SYSTEMPATH\Common.php(1177): CodeIgniter\View\View->render('products/index', [], true)
 5 APPPATH\Controllers\Products.php(21): view('products/index', [...])
 6 SYSTEMPATH\CodeIgniter.php(934): App\Controllers\Products->index()
 7 SYSTEMPATH\CodeIgniter.php(499): CodeIgniter\CodeIgniter->runController(Object(App\Controllers\Products))
 8 SYSTEMPATH\CodeIgniter.php(368): CodeIgniter\CodeIgniter->handleRequest(null, Object(Config\Cache), false)
 9 FCPATH\index.php(69): CodeIgniter\CodeIgniter->run()
CRITICAL - 2023-05-01 05:19:46 --> Undefined variable $student
in APPPATH\Views\products\index.php on line 54.
 1 APPPATH\Views\products\index.php(54): CodeIgniter\Debug\Exceptions->errorHandler(2, 'Undefined variable $student', 'APPPATH\\Views\\products\\index.php', 54)
 2 SYSTEMPATH\View\View.php(213): include('APPPATH\\Views\\products\\index.php')
 3 SYSTEMPATH\View\View.php(216): CodeIgniter\View\View->CodeIgniter\View\{closure}()
 4 SYSTEMPATH\Common.php(1177): CodeIgniter\View\View->render('products/index', [], true)
 5 APPPATH\Controllers\Products.php(21): view('products/index', [...])
 6 SYSTEMPATH\CodeIgniter.php(934): App\Controllers\Products->index()
 7 SYSTEMPATH\CodeIgniter.php(499): CodeIgniter\CodeIgniter->runController(Object(App\Controllers\Products))
 8 SYSTEMPATH\CodeIgniter.php(368): CodeIgniter\CodeIgniter->handleRequest(null, Object(Config\Cache), false)
 9 FCPATH\index.php(69): CodeIgniter\CodeIgniter->run()
CRITICAL - 2023-05-01 06:04:52 --> Undefined property: App\Controllers\Products::$ProductModel
in APPPATH\Controllers\Products.php on line 88.
 1 APPPATH\Controllers\Products.php(88): CodeIgniter\Debug\Exceptions->errorHandler(2, 'Undefined property: App\\Controllers\\Products::$ProductModel', 'APPPATH\\Controllers\\Products.php', 88)
 2 SYSTEMPATH\CodeIgniter.php(934): App\Controllers\Products->editProduct('1')
 3 SYSTEMPATH\CodeIgniter.php(499): CodeIgniter\CodeIgniter->runController(Object(App\Controllers\Products))
 4 SYSTEMPATH\CodeIgniter.php(368): CodeIgniter\CodeIgniter->handleRequest(null, Object(Config\Cache), false)
 5 FCPATH\index.php(69): CodeIgniter\CodeIgniter->run()
INFO - 2023-05-01 06:05:16 --> Session: Class initialized using 'CodeIgniter\Session\Handlers\FileHandler' driver.
CRITICAL - 2023-05-01 06:05:18 --> Undefined property: App\Controllers\Products::$ProductModel
in APPPATH\Controllers\Products.php on line 88.
 1 APPPATH\Controllers\Products.php(88): CodeIgniter\Debug\Exceptions->errorHandler(2, 'Undefined property: App\\Controllers\\Products::$ProductModel', 'APPPATH\\Controllers\\Products.php', 88)
 2 SYSTEMPATH\CodeIgniter.php(934): App\Controllers\Products->editProduct('1')
 3 SYSTEMPATH\CodeIgniter.php(499): CodeIgniter\CodeIgniter->runController(Object(App\Controllers\Products))
 4 SYSTEMPATH\CodeIgniter.php(368): CodeIgniter\CodeIgniter->handleRequest(null, Object(Config\Cache), false)
 5 FCPATH\index.php(69): CodeIgniter\CodeIgniter->run()
INFO - 2023-05-01 06:08:16 --> Session: Class initialized using 'CodeIgniter\Session\Handlers\FileHandler' driver.
INFO - 2023-05-01 06:09:07 --> Session: Class initialized using 'CodeIgniter\Session\Handlers\FileHandler' driver.
CRITICAL - 2023-05-01 06:09:15 --> Attempt to read property "product_id" on null
in APPPATH\Views\products\editProduct.php on line 40.
 1 APPPATH\Views\products\editProduct.php(40): CodeIgniter\Debug\Exceptions->errorHandler(2, 'Attempt to read property "product_id" on null', 'APPPATH\\Views\\products\\editProduct.php', 40)
 2 SYSTEMPATH\View\View.php(213): include('APPPATH\\Views\\products\\editProduct.php')
 3 SYSTEMPATH\View\View.php(216): CodeIgniter\View\View->CodeIgniter\View\{closure}()
 4 SYSTEMPATH\Common.php(1177): CodeIgniter\View\View->render('products/editProduct', [], true)
 5 APPPATH\Controllers\Products.php(93): view('products/editProduct', [...])
 6 SYSTEMPATH\CodeIgniter.php(934): App\Controllers\Products->editProduct('img', 'favicon.ico')
 7 SYSTEMPATH\CodeIgniter.php(499): CodeIgniter\CodeIgniter->runController(Object(App\Controllers\Products))
 8 SYSTEMPATH\CodeIgniter.php(368): CodeIgniter\CodeIgniter->handleRequest(null, Object(Config\Cache), false)
 9 FCPATH\index.php(69): CodeIgniter\CodeIgniter->run()
INFO - 2023-05-01 06:09:21 --> Session: Class initialized using 'CodeIgniter\Session\Handlers\FileHandler' driver.
CRITICAL - 2023-05-01 06:09:24 --> Attempt to read property "product_id" on null
in APPPATH\Views\products\editProduct.php on line 40.
 1 APPPATH\Views\products\editProduct.php(40): CodeIgniter\Debug\Exceptions->errorHandler(2, 'Attempt to read property "product_id" on null', 'APPPATH\\Views\\products\\editProduct.php', 40)
 2 SYSTEMPATH\View\View.php(213): include('APPPATH\\Views\\products\\editProduct.php')
 3 SYSTEMPATH\View\View.php(216): CodeIgniter\View\View->CodeIgniter\View\{closure}()
 4 SYSTEMPATH\Common.php(1177): CodeIgniter\View\View->render('products/editProduct', [], true)
 5 APPPATH\Controllers\Products.php(93): view('products/editProduct', [...])
 6 SYSTEMPATH\CodeIgniter.php(934): App\Controllers\Products->editProduct('img', 'favicon.ico')
 7 SYSTEMPATH\CodeIgniter.php(499): CodeIgniter\CodeIgniter->runController(Object(App\Controllers\Products))
 8 SYSTEMPATH\CodeIgniter.php(368): CodeIgniter\CodeIgniter->handleRequest(null, Object(Config\Cache), false)
 9 FCPATH\index.php(69): CodeIgniter\CodeIgniter->run()
INFO - 2023-05-01 06:09:25 --> Session: Class initialized using 'CodeIgniter\Session\Handlers\FileHandler' driver.
CRITICAL - 2023-05-01 06:09:27 --> Attempt to read property "product_id" on null
in APPPATH\Views\products\editProduct.php on line 40.
 1 APPPATH\Views\products\editProduct.php(40): CodeIgniter\Debug\Exceptions->errorHandler(2, 'Attempt to read property "product_id" on null', 'APPPATH\\Views\\products\\editProduct.php', 40)
 2 SYSTEMPATH\View\View.php(213): include('APPPATH\\Views\\products\\editProduct.php')
 3 SYSTEMPATH\View\View.php(216): CodeIgniter\View\View->CodeIgniter\View\{closure}()
 4 SYSTEMPATH\Common.php(1177): CodeIgniter\View\View->render('products/editProduct', [], true)
 5 APPPATH\Controllers\Products.php(93): view('products/editProduct', [...])
 6 SYSTEMPATH\CodeIgniter.php(934): App\Controllers\Products->editProduct('img', 'favicon.ico')
 7 SYSTEMPATH\CodeIgniter.php(499): CodeIgniter\CodeIgniter->runController(Object(App\Controllers\Products))
 8 SYSTEMPATH\CodeIgniter.php(368): CodeIgniter\CodeIgniter->handleRequest(null, Object(Config\Cache), false)
 9 FCPATH\index.php(69): CodeIgniter\CodeIgniter->run()
INFO - 2023-05-01 06:09:28 --> Session: Class initialized using 'CodeIgniter\Session\Handlers\FileHandler' driver.
CRITICAL - 2023-05-01 06:09:30 --> Attempt to read property "product_id" on null
in APPPATH\Views\products\editProduct.php on line 40.
 1 APPPATH\Views\products\editProduct.php(40): CodeIgniter\Debug\Exceptions->errorHandler(2, 'Attempt to read property "product_id" on null', 'APPPATH\\Views\\products\\editProduct.php', 40)
 2 SYSTEMPATH\View\View.php(213): include('APPPATH\\Views\\products\\editProduct.php')
 3 SYSTEMPATH\View\View.php(216): CodeIgniter\View\View->CodeIgniter\View\{closure}()
 4 SYSTEMPATH\Common.php(1177): CodeIgniter\View\View->render('products/editProduct', [], true)
 5 APPPATH\Controllers\Products.php(93): view('products/editProduct', [...])
 6 SYSTEMPATH\CodeIgniter.php(934): App\Controllers\Products->editProduct('img', 'favicon.ico')
 7 SYSTEMPATH\CodeIgniter.php(499): CodeIgniter\CodeIgniter->runController(Object(App\Controllers\Products))
 8 SYSTEMPATH\CodeIgniter.php(368): CodeIgniter\CodeIgniter->handleRequest(null, Object(Config\Cache), false)
 9 FCPATH\index.php(69): CodeIgniter\CodeIgniter->run()
CRITICAL - 2023-05-01 06:10:21 --> Attempt to read property "product_id" on null
in APPPATH\Views\products\editProduct.php on line 40.
 1 APPPATH\Views\products\editProduct.php(40): CodeIgniter\Debug\Exceptions->errorHandler(2, 'Attempt to read property "product_id" on null', 'APPPATH\\Views\\products\\editProduct.php', 40)
 2 SYSTEMPATH\View\View.php(213): include('APPPATH\\Views\\products\\editProduct.php')
 3 SYSTEMPATH\View\View.php(216): CodeIgniter\View\View->CodeIgniter\View\{closure}()
 4 SYSTEMPATH\Common.php(1177): CodeIgniter\View\View->render('products/editProduct', [], true)
 5 APPPATH\Controllers\Products.php(93): view('products/editProduct', [...])
 6 SYSTEMPATH\CodeIgniter.php(934): App\Controllers\Products->editProduct('img', 'favicon.ico')
 7 SYSTEMPATH\CodeIgniter.php(499): CodeIgniter\CodeIgniter->runController(Object(App\Controllers\Products))
 8 SYSTEMPATH\CodeIgniter.php(368): CodeIgniter\CodeIgniter->handleRequest(null, Object(Config\Cache), false)
 9 FCPATH\index.php(69): CodeIgniter\CodeIgniter->run()
INFO - 2023-05-01 06:10:35 --> Session: Class initialized using 'CodeIgniter\Session\Handlers\FileHandler' driver.
CRITICAL - 2023-05-01 06:10:38 --> Attempt to read property "StudentNo" on null
in APPPATH\Views\student\editRecord.php on line 40.
 1 APPPATH\Views\student\editRecord.php(40): CodeIgniter\Debug\Exceptions->errorHandler(2, 'Attempt to read property "StudentNo" on null', 'APPPATH\\Views\\student\\editRecord.php', 40)
 2 SYSTEMPATH\View\View.php(213): include('APPPATH\\Views\\student\\editRecord.php')
 3 SYSTEMPATH\View\View.php(216): CodeIgniter\View\View->CodeIgniter\View\{closure}()
 4 SYSTEMPATH\Common.php(1177): CodeIgniter\View\View->render('student/editRecord', [], true)
 5 APPPATH\Controllers\Student.php(155): view('student/editRecord', [...])
 6 SYSTEMPATH\CodeIgniter.php(934): App\Controllers\Student->editRecord('img', 'favicon.ico')
 7 SYSTEMPATH\CodeIgniter.php(499): CodeIgniter\CodeIgniter->runController(Object(App\Controllers\Student))
 8 SYSTEMPATH\CodeIgniter.php(368): CodeIgniter\CodeIgniter->handleRequest(null, Object(Config\Cache), false)
 9 FCPATH\index.php(69): CodeIgniter\CodeIgniter->run()
INFO - 2023-05-01 06:10:40 --> Session: Class initialized using 'CodeIgniter\Session\Handlers\FileHandler' driver.
INFO - 2023-05-01 06:10:44 --> Session: Class initialized using 'CodeIgniter\Session\Handlers\FileHandler' driver.
CRITICAL - 2023-05-01 06:10:46 --> Attempt to read property "StudentNo" on null
in APPPATH\Views\student\editRecord.php on line 40.
 1 APPPATH\Views\student\editRecord.php(40): CodeIgniter\Debug\Exceptions->errorHandler(2, 'Attempt to read property "StudentNo" on null', 'APPPATH\\Views\\student\\editRecord.php', 40)
 2 SYSTEMPATH\View\View.php(213): include('APPPATH\\Views\\student\\editRecord.php')
 3 SYSTEMPATH\View\View.php(216): CodeIgniter\View\View->CodeIgniter\View\{closure}()
 4 SYSTEMPATH\Common.php(1177): CodeIgniter\View\View->render('student/editRecord', [], true)
 5 APPPATH\Controllers\Student.php(155): view('student/editRecord', [...])
 6 SYSTEMPATH\CodeIgniter.php(934): App\Controllers\Student->editRecord('img', 'favicon.ico')
 7 SYSTEMPATH\CodeIgniter.php(499): CodeIgniter\CodeIgniter->runController(Object(App\Controllers\Student))
 8 SYSTEMPATH\CodeIgniter.php(368): CodeIgniter\CodeIgniter->handleRequest(null, Object(Config\Cache), false)
 9 FCPATH\index.php(69): CodeIgniter\CodeIgniter->run()
INFO - 2023-05-01 06:10:48 --> Session: Class initialized using 'CodeIgniter\Session\Handlers\FileHandler' driver.
INFO - 2023-05-01 06:10:52 --> Session: Class initialized using 'CodeIgniter\Session\Handlers\FileHandler' driver.
CRITICAL - 2023-05-01 06:10:55 --> Attempt to read property "product_id" on null
in APPPATH\Views\products\editProduct.php on line 40.
 1 APPPATH\Views\products\editProduct.php(40): CodeIgniter\Debug\Exceptions->errorHandler(2, 'Attempt to read property "product_id" on null', 'APPPATH\\Views\\products\\editProduct.php', 40)
 2 SYSTEMPATH\View\View.php(213): include('APPPATH\\Views\\products\\editProduct.php')
 3 SYSTEMPATH\View\View.php(216): CodeIgniter\View\View->CodeIgniter\View\{closure}()
 4 SYSTEMPATH\Common.php(1177): CodeIgniter\View\View->render('products/editProduct', [], true)
 5 APPPATH\Controllers\Products.php(93): view('products/editProduct', [...])
 6 SYSTEMPATH\CodeIgniter.php(934): App\Controllers\Products->editProduct('img', 'favicon.ico')
 7 SYSTEMPATH\CodeIgniter.php(499): CodeIgniter\CodeIgniter->runController(Object(App\Controllers\Products))
 8 SYSTEMPATH\CodeIgniter.php(368): CodeIgniter\CodeIgniter->handleRequest(null, Object(Config\Cache), false)
 9 FCPATH\index.php(69): CodeIgniter\CodeIgniter->run()
CRITICAL - 2023-05-01 06:11:46 --> Undefined property: stdClass::$product_description
in APPPATH\Views\products\editProduct.php on line 64.
 1 APPPATH\Views\products\editProduct.php(64): CodeIgniter\Debug\Exceptions->errorHandler(2, 'Undefined property: stdClass::$product_description', 'APPPATH\\Views\\products\\editProduct.php', 64)
 2 SYSTEMPATH\View\View.php(213): include('APPPATH\\Views\\products\\editProduct.php')
 3 SYSTEMPATH\View\View.php(216): CodeIgniter\View\View->CodeIgniter\View\{closure}()
 4 SYSTEMPATH\Common.php(1177): CodeIgniter\View\View->render('products/editProduct', [], true)
 5 APPPATH\Controllers\Products.php(93): view('products/editProduct', [...])
 6 SYSTEMPATH\CodeIgniter.php(934): App\Controllers\Products->editProduct('1')
 7 SYSTEMPATH\CodeIgniter.php(499): CodeIgniter\CodeIgniter->runController(Object(App\Controllers\Products))
 8 SYSTEMPATH\CodeIgniter.php(368): CodeIgniter\CodeIgniter->handleRequest(null, Object(Config\Cache), false)
 9 FCPATH\index.php(69): CodeIgniter\CodeIgniter->run()
CRITICAL - 2023-05-01 06:11:46 --> Attempt to read property "product_id" on null
in APPPATH\Views\products\editProduct.php on line 40.
 1 APPPATH\Views\products\editProduct.php(40): CodeIgniter\Debug\Exceptions->errorHandler(2, 'Attempt to read property "product_id" on null', 'APPPATH\\Views\\products\\editProduct.php', 40)
 2 SYSTEMPATH\View\View.php(213): include('APPPATH\\Views\\products\\editProduct.php')
 3 SYSTEMPATH\View\View.php(216): CodeIgniter\View\View->CodeIgniter\View\{closure}()
 4 SYSTEMPATH\Common.php(1177): CodeIgniter\View\View->render('products/editProduct', [], true)
 5 APPPATH\Controllers\Products.php(93): view('products/editProduct', [...])
 6 SYSTEMPATH\CodeIgniter.php(934): App\Controllers\Products->editProduct('img', 'favicon.ico')
 7 SYSTEMPATH\CodeIgniter.php(499): CodeIgniter\CodeIgniter->runController(Object(App\Controllers\Products))
 8 SYSTEMPATH\CodeIgniter.php(368): CodeIgniter\CodeIgniter->handleRequest(null, Object(Config\Cache), false)
 9 FCPATH\index.php(69): CodeIgniter\CodeIgniter->run()
CRITICAL - 2023-05-01 06:11:48 --> Undefined property: stdClass::$product_description
in APPPATH\Views\products\editProduct.php on line 64.
 1 APPPATH\Views\products\editProduct.php(64): CodeIgniter\Debug\Exceptions->errorHandler(2, 'Undefined property: stdClass::$product_description', 'APPPATH\\Views\\products\\editProduct.php', 64)
 2 SYSTEMPATH\View\View.php(213): include('APPPATH\\Views\\products\\editProduct.php')
 3 SYSTEMPATH\View\View.php(216): CodeIgniter\View\View->CodeIgniter\View\{closure}()
 4 SYSTEMPATH\Common.php(1177): CodeIgniter\View\View->render('products/editProduct', [], true)
 5 APPPATH\Controllers\Products.php(93): view('products/editProduct', [...])
 6 SYSTEMPATH\CodeIgniter.php(934): App\Controllers\Products->editProduct('1')
 7 SYSTEMPATH\CodeIgniter.php(499): CodeIgniter\CodeIgniter->runController(Object(App\Controllers\Products))
 8 SYSTEMPATH\CodeIgniter.php(368): CodeIgniter\CodeIgniter->handleRequest(null, Object(Config\Cache), false)
 9 FCPATH\index.php(69): CodeIgniter\CodeIgniter->run()
CRITICAL - 2023-05-01 06:11:49 --> Attempt to read property "product_id" on null
in APPPATH\Views\products\editProduct.php on line 40.
 1 APPPATH\Views\products\editProduct.php(40): CodeIgniter\Debug\Exceptions->errorHandler(2, 'Attempt to read property "product_id" on null', 'APPPATH\\Views\\products\\editProduct.php', 40)
 2 SYSTEMPATH\View\View.php(213): include('APPPATH\\Views\\products\\editProduct.php')
 3 SYSTEMPATH\View\View.php(216): CodeIgniter\View\View->CodeIgniter\View\{closure}()
 4 SYSTEMPATH\Common.php(1177): CodeIgniter\View\View->render('products/editProduct', [], true)
 5 APPPATH\Controllers\Products.php(93): view('products/editProduct', [...])
 6 SYSTEMPATH\CodeIgniter.php(934): App\Controllers\Products->editProduct('img', 'favicon.ico')
 7 SYSTEMPATH\CodeIgniter.php(499): CodeIgniter\CodeIgniter->runController(Object(App\Controllers\Products))
 8 SYSTEMPATH\CodeIgniter.php(368): CodeIgniter\CodeIgniter->handleRequest(null, Object(Config\Cache), false)
 9 FCPATH\index.php(69): CodeIgniter\CodeIgniter->run()
INFO - 2023-05-01 06:11:52 --> Session: Class initialized using 'CodeIgniter\Session\Handlers\FileHandler' driver.
CRITICAL - 2023-05-01 06:11:54 --> Undefined property: stdClass::$product_description
in APPPATH\Views\products\editProduct.php on line 64.
 1 APPPATH\Views\products\editProduct.php(64): CodeIgniter\Debug\Exceptions->errorHandler(2, 'Undefined property: stdClass::$product_description', 'APPPATH\\Views\\products\\editProduct.php', 64)
 2 SYSTEMPATH\View\View.php(213): include('APPPATH\\Views\\products\\editProduct.php')
 3 SYSTEMPATH\View\View.php(216): CodeIgniter\View\View->CodeIgniter\View\{closure}()
 4 SYSTEMPATH\Common.php(1177): CodeIgniter\View\View->render('products/editProduct', [], true)
 5 APPPATH\Controllers\Products.php(93): view('products/editProduct', [...])
 6 SYSTEMPATH\CodeIgniter.php(934): App\Controllers\Products->editProduct('1')
 7 SYSTEMPATH\CodeIgniter.php(499): CodeIgniter\CodeIgniter->runController(Object(App\Controllers\Products))
 8 SYSTEMPATH\CodeIgniter.php(368): CodeIgniter\CodeIgniter->handleRequest(null, Object(Config\Cache), false)
 9 FCPATH\index.php(69): CodeIgniter\CodeIgniter->run()
CRITICAL - 2023-05-01 06:11:54 --> Attempt to read property "product_id" on null
in APPPATH\Views\products\editProduct.php on line 40.
 1 APPPATH\Views\products\editProduct.php(40): CodeIgniter\Debug\Exceptions->errorHandler(2, 'Attempt to read property "product_id" on null', 'APPPATH\\Views\\products\\editProduct.php', 40)
 2 SYSTEMPATH\View\View.php(213): include('APPPATH\\Views\\products\\editProduct.php')
 3 SYSTEMPATH\View\View.php(216): CodeIgniter\View\View->CodeIgniter\View\{closure}()
 4 SYSTEMPATH\Common.php(1177): CodeIgniter\View\View->render('products/editProduct', [], true)
 5 APPPATH\Controllers\Products.php(93): view('products/editProduct', [...])
 6 SYSTEMPATH\CodeIgniter.php(934): App\Controllers\Products->editProduct('img', 'favicon.ico')
 7 SYSTEMPATH\CodeIgniter.php(499): CodeIgniter\CodeIgniter->runController(Object(App\Controllers\Products))
 8 SYSTEMPATH\CodeIgniter.php(368): CodeIgniter\CodeIgniter->handleRequest(null, Object(Config\Cache), false)
 9 FCPATH\index.php(69): CodeIgniter\CodeIgniter->run()
CRITICAL - 2023-05-01 06:12:18 --> Attempt to read property "product_id" on null
in APPPATH\Views\products\editProduct.php on line 40.
 1 APPPATH\Views\products\editProduct.php(40): CodeIgniter\Debug\Exceptions->errorHandler(2, 'Attempt to read property "product_id" on null', 'APPPATH\\Views\\products\\editProduct.php', 40)
 2 SYSTEMPATH\View\View.php(213): include('APPPATH\\Views\\products\\editProduct.php')
 3 SYSTEMPATH\View\View.php(216): CodeIgniter\View\View->CodeIgniter\View\{closure}()
 4 SYSTEMPATH\Common.php(1177): CodeIgniter\View\View->render('products/editProduct', [], true)
 5 APPPATH\Controllers\Products.php(93): view('products/editProduct', [...])
 6 SYSTEMPATH\CodeIgniter.php(934): App\Controllers\Products->editProduct('img', 'favicon.ico')
 7 SYSTEMPATH\CodeIgniter.php(499): CodeIgniter\CodeIgniter->runController(Object(App\Controllers\Products))
 8 SYSTEMPATH\CodeIgniter.php(368): CodeIgniter\CodeIgniter->handleRequest(null, Object(Config\Cache), false)
 9 FCPATH\index.php(69): CodeIgniter\CodeIgniter->run()
CRITICAL - 2023-05-01 06:12:29 --> Attempt to read property "product_id" on null
in APPPATH\Views\products\editProduct.php on line 40.
 1 APPPATH\Views\products\editProduct.php(40): CodeIgniter\Debug\Exceptions->errorHandler(2, 'Attempt to read property "product_id" on null', 'APPPATH\\Views\\products\\editProduct.php', 40)
 2 SYSTEMPATH\View\View.php(213): include('APPPATH\\Views\\products\\editProduct.php')
 3 SYSTEMPATH\View\View.php(216): CodeIgniter\View\View->CodeIgniter\View\{closure}()
 4 SYSTEMPATH\Common.php(1177): CodeIgniter\View\View->render('products/editProduct', [], true)
 5 APPPATH\Controllers\Products.php(93): view('products/editProduct', [...])
 6 SYSTEMPATH\CodeIgniter.php(934): App\Controllers\Products->editProduct('img', 'favicon.ico')
 7 SYSTEMPATH\CodeIgniter.php(499): CodeIgniter\CodeIgniter->runController(Object(App\Controllers\Products))
 8 SYSTEMPATH\CodeIgniter.php(368): CodeIgniter\CodeIgniter->handleRequest(null, Object(Config\Cache), false)
 9 FCPATH\index.php(69): CodeIgniter\CodeIgniter->run()
CRITICAL - 2023-05-01 06:12:43 --> Undefined property: stdClass::$product_description
in APPPATH\Views\products\editProduct.php on line 64.
 1 APPPATH\Views\products\editProduct.php(64): CodeIgniter\Debug\Exceptions->errorHandler(2, 'Undefined property: stdClass::$product_description', 'APPPATH\\Views\\products\\editProduct.php', 64)
 2 SYSTEMPATH\View\View.php(213): include('APPPATH\\Views\\products\\editProduct.php')
 3 SYSTEMPATH\View\View.php(216): CodeIgniter\View\View->CodeIgniter\View\{closure}()
 4 SYSTEMPATH\Common.php(1177): CodeIgniter\View\View->render('products/editProduct', [], true)
 5 APPPATH\Controllers\Products.php(93): view('products/editProduct', [...])
 6 SYSTEMPATH\CodeIgniter.php(934): App\Controllers\Products->editProduct('1')
 7 SYSTEMPATH\CodeIgniter.php(499): CodeIgniter\CodeIgniter->runController(Object(App\Controllers\Products))
 8 SYSTEMPATH\CodeIgniter.php(368): CodeIgniter\CodeIgniter->handleRequest(null, Object(Config\Cache), false)
 9 FCPATH\index.php(69): CodeIgniter\CodeIgniter->run()
CRITICAL - 2023-05-01 06:12:43 --> Attempt to read property "product_id" on null
in APPPATH\Views\products\editProduct.php on line 40.
 1 APPPATH\Views\products\editProduct.php(40): CodeIgniter\Debug\Exceptions->errorHandler(2, 'Attempt to read property "product_id" on null', 'APPPATH\\Views\\products\\editProduct.php', 40)
 2 SYSTEMPATH\View\View.php(213): include('APPPATH\\Views\\products\\editProduct.php')
 3 SYSTEMPATH\View\View.php(216): CodeIgniter\View\View->CodeIgniter\View\{closure}()
 4 SYSTEMPATH\Common.php(1177): CodeIgniter\View\View->render('products/editProduct', [], true)
 5 APPPATH\Controllers\Products.php(93): view('products/editProduct', [...])
 6 SYSTEMPATH\CodeIgniter.php(934): App\Controllers\Products->editProduct('img', 'favicon.ico')
 7 SYSTEMPATH\CodeIgniter.php(499): CodeIgniter\CodeIgniter->runController(Object(App\Controllers\Products))
 8 SYSTEMPATH\CodeIgniter.php(368): CodeIgniter\CodeIgniter->handleRequest(null, Object(Config\Cache), false)
 9 FCPATH\index.php(69): CodeIgniter\CodeIgniter->run()
CRITICAL - 2023-05-01 06:13:02 --> Attempt to read property "product_id" on null
in APPPATH\Views\products\editProduct.php on line 40.
 1 APPPATH\Views\products\editProduct.php(40): CodeIgniter\Debug\Exceptions->errorHandler(2, 'Attempt to read property "product_id" on null', 'APPPATH\\Views\\products\\editProduct.php', 40)
 2 SYSTEMPATH\View\View.php(213): include('APPPATH\\Views\\products\\editProduct.php')
 3 SYSTEMPATH\View\View.php(216): CodeIgniter\View\View->CodeIgniter\View\{closure}()
 4 SYSTEMPATH\Common.php(1177): CodeIgniter\View\View->render('products/editProduct', [], true)
 5 APPPATH\Controllers\Products.php(93): view('products/editProduct', [...])
 6 SYSTEMPATH\CodeIgniter.php(934): App\Controllers\Products->editProduct('img', 'favicon.ico')
 7 SYSTEMPATH\CodeIgniter.php(499): CodeIgniter\CodeIgniter->runController(Object(App\Controllers\Products))
 8 SYSTEMPATH\CodeIgniter.php(368): CodeIgniter\CodeIgniter->handleRequest(null, Object(Config\Cache), false)
 9 FCPATH\index.php(69): CodeIgniter\CodeIgniter->run()
CRITICAL - 2023-05-01 06:13:49 --> Attempt to read property "product_id" on null
in APPPATH\Views\products\editProduct.php on line 40.
 1 APPPATH\Views\products\editProduct.php(40): CodeIgniter\Debug\Exceptions->errorHandler(2, 'Attempt to read property "product_id" on null', 'APPPATH\\Views\\products\\editProduct.php', 40)
 2 SYSTEMPATH\View\View.php(213): include('APPPATH\\Views\\products\\editProduct.php')
 3 SYSTEMPATH\View\View.php(216): CodeIgniter\View\View->CodeIgniter\View\{closure}()
 4 SYSTEMPATH\Common.php(1177): CodeIgniter\View\View->render('products/editProduct', [], true)
 5 APPPATH\Controllers\Products.php(93): view('products/editProduct', [...])
 6 SYSTEMPATH\CodeIgniter.php(934): App\Controllers\Products->editProduct('img', 'favicon.ico')
 7 SYSTEMPATH\CodeIgniter.php(499): CodeIgniter\CodeIgniter->runController(Object(App\Controllers\Products))
 8 SYSTEMPATH\CodeIgniter.php(368): CodeIgniter\CodeIgniter->handleRequest(null, Object(Config\Cache), false)
 9 FCPATH\index.php(69): CodeIgniter\CodeIgniter->run()
CRITICAL - 2023-05-01 06:14:01 --> Attempt to read property "product_id" on null
in APPPATH\Views\products\editProduct.php on line 40.
 1 APPPATH\Views\products\editProduct.php(40): CodeIgniter\Debug\Exceptions->errorHandler(2, 'Attempt to read property "product_id" on null', 'APPPATH\\Views\\products\\editProduct.php', 40)
 2 SYSTEMPATH\View\View.php(213): include('APPPATH\\Views\\products\\editProduct.php')
 3 SYSTEMPATH\View\View.php(216): CodeIgniter\View\View->CodeIgniter\View\{closure}()
 4 SYSTEMPATH\Common.php(1177): CodeIgniter\View\View->render('products/editProduct', [], true)
 5 APPPATH\Controllers\Products.php(93): view('products/editProduct', [...])
 6 SYSTEMPATH\CodeIgniter.php(934): App\Controllers\Products->editProduct('img', 'favicon.ico')
 7 SYSTEMPATH\CodeIgniter.php(499): CodeIgniter\CodeIgniter->runController(Object(App\Controllers\Products))
 8 SYSTEMPATH\CodeIgniter.php(368): CodeIgniter\CodeIgniter->handleRequest(null, Object(Config\Cache), false)
 9 FCPATH\index.php(69): CodeIgniter\CodeIgniter->run()
CRITICAL - 2023-05-01 06:15:38 --> Attempt to read property "product_id" on null
in APPPATH\Views\products\editProduct.php on line 40.
 1 APPPATH\Views\products\editProduct.php(40): CodeIgniter\Debug\Exceptions->errorHandler(2, 'Attempt to read property "product_id" on null', 'APPPATH\\Views\\products\\editProduct.php', 40)
 2 SYSTEMPATH\View\View.php(213): include('APPPATH\\Views\\products\\editProduct.php')
 3 SYSTEMPATH\View\View.php(216): CodeIgniter\View\View->CodeIgniter\View\{closure}()
 4 SYSTEMPATH\Common.php(1177): CodeIgniter\View\View->render('products/editProduct', [], true)
 5 APPPATH\Controllers\Products.php(93): view('products/editProduct', [...])
 6 SYSTEMPATH\CodeIgniter.php(934): App\Controllers\Products->editProduct('img', 'favicon.ico')
 7 SYSTEMPATH\CodeIgniter.php(499): CodeIgniter\CodeIgniter->runController(Object(App\Controllers\Products))
 8 SYSTEMPATH\CodeIgniter.php(368): CodeIgniter\CodeIgniter->handleRequest(null, Object(Config\Cache), false)
 9 FCPATH\index.php(69): CodeIgniter\CodeIgniter->run()
INFO - 2023-05-01 06:15:59 --> Session: Class initialized using 'CodeIgniter\Session\Handlers\FileHandler' driver.
CRITICAL - 2023-05-01 06:16:01 --> Attempt to read property "product_id" on null
in APPPATH\Views\products\editProduct.php on line 40.
 1 APPPATH\Views\products\editProduct.php(40): CodeIgniter\Debug\Exceptions->errorHandler(2, 'Attempt to read property "product_id" on null', 'APPPATH\\Views\\products\\editProduct.php', 40)
 2 SYSTEMPATH\View\View.php(213): include('APPPATH\\Views\\products\\editProduct.php')
 3 SYSTEMPATH\View\View.php(216): CodeIgniter\View\View->CodeIgniter\View\{closure}()
 4 SYSTEMPATH\Common.php(1177): CodeIgniter\View\View->render('products/editProduct', [], true)
 5 APPPATH\Controllers\Products.php(93): view('products/editProduct', [...])
 6 SYSTEMPATH\CodeIgniter.php(934): App\Controllers\Products->editProduct('img', 'favicon.ico')
 7 SYSTEMPATH\CodeIgniter.php(499): CodeIgniter\CodeIgniter->runController(Object(App\Controllers\Products))
 8 SYSTEMPATH\CodeIgniter.php(368): CodeIgniter\CodeIgniter->handleRequest(null, Object(Config\Cache), false)
 9 FCPATH\index.php(69): CodeIgniter\CodeIgniter->run()
INFO - 2023-05-01 06:16:13 --> Session: Class initialized using 'CodeIgniter\Session\Handlers\FileHandler' driver.
INFO - 2023-05-01 06:16:29 --> Session: Class initialized using 'CodeIgniter\Session\Handlers\FileHandler' driver.
INFO - 2023-05-01 06:17:38 --> Session: Class initialized using 'CodeIgniter\Session\Handlers\FileHandler' driver.
INFO - 2023-05-01 06:18:19 --> Session: Class initialized using 'CodeIgniter\Session\Handlers\FileHandler' driver.
CRITICAL - 2023-05-01 06:18:22 --> Attempt to read property "product_id" on null
in APPPATH\Views\products\editProduct.php on line 40.
 1 APPPATH\Views\products\editProduct.php(40): CodeIgniter\Debug\Exceptions->errorHandler(2, 'Attempt to read property "product_id" on null', 'APPPATH\\Views\\products\\editProduct.php', 40)
 2 SYSTEMPATH\View\View.php(213): include('APPPATH\\Views\\products\\editProduct.php')
 3 SYSTEMPATH\View\View.php(216): CodeIgniter\View\View->CodeIgniter\View\{closure}()
 4 SYSTEMPATH\Common.php(1177): CodeIgniter\View\View->render('products/editProduct', [], true)
 5 APPPATH\Controllers\Products.php(93): view('products/editProduct', [...])
 6 SYSTEMPATH\CodeIgniter.php(934): App\Controllers\Products->editProduct('img', 'favicon.ico')
 7 SYSTEMPATH\CodeIgniter.php(499): CodeIgniter\CodeIgniter->runController(Object(App\Controllers\Products))
 8 SYSTEMPATH\CodeIgniter.php(368): CodeIgniter\CodeIgniter->handleRequest(null, Object(Config\Cache), false)
 9 FCPATH\index.php(69): CodeIgniter\CodeIgniter->run()
INFO - 2023-05-01 06:18:23 --> Session: Class initialized using 'CodeIgniter\Session\Handlers\FileHandler' driver.
INFO - 2023-05-01 06:18:40 --> Session: Class initialized using 'CodeIgniter\Session\Handlers\FileHandler' driver.
CRITICAL - 2023-05-01 06:18:43 --> Attempt to read property "product_id" on null
in APPPATH\Views\products\editProduct.php on line 40.
 1 APPPATH\Views\products\editProduct.php(40): CodeIgniter\Debug\Exceptions->errorHandler(2, 'Attempt to read property "product_id" on null', 'APPPATH\\Views\\products\\editProduct.php', 40)
 2 SYSTEMPATH\View\View.php(213): include('APPPATH\\Views\\products\\editProduct.php')
 3 SYSTEMPATH\View\View.php(216): CodeIgniter\View\View->CodeIgniter\View\{closure}()
 4 SYSTEMPATH\Common.php(1177): CodeIgniter\View\View->render('products/editProduct', [], true)
 5 APPPATH\Controllers\Products.php(93): view('products/editProduct', [...])
 6 SYSTEMPATH\CodeIgniter.php(934): App\Controllers\Products->editProduct('img', 'favicon.ico')
 7 SYSTEMPATH\CodeIgniter.php(499): CodeIgniter\CodeIgniter->runController(Object(App\Controllers\Products))
 8 SYSTEMPATH\CodeIgniter.php(368): CodeIgniter\CodeIgniter->handleRequest(null, Object(Config\Cache), false)
 9 FCPATH\index.php(69): CodeIgniter\CodeIgniter->run()
CRITICAL - 2023-05-01 06:18:47 --> Attempt to read property "product_id" on null
in APPPATH\Views\products\editProduct.php on line 40.
 1 APPPATH\Views\products\editProduct.php(40): CodeIgniter\Debug\Exceptions->errorHandler(2, 'Attempt to read property "product_id" on null', 'APPPATH\\Views\\products\\editProduct.php', 40)
 2 SYSTEMPATH\View\View.php(213): include('APPPATH\\Views\\products\\editProduct.php')
 3 SYSTEMPATH\View\View.php(216): CodeIgniter\View\View->CodeIgniter\View\{closure}()
 4 SYSTEMPATH\Common.php(1177): CodeIgniter\View\View->render('products/editProduct', [], true)
 5 APPPATH\Controllers\Products.php(93): view('products/editProduct', [...])
 6 SYSTEMPATH\CodeIgniter.php(934): App\Controllers\Products->editProduct('img', 'favicon.ico')
 7 SYSTEMPATH\CodeIgniter.php(499): CodeIgniter\CodeIgniter->runController(Object(App\Controllers\Products))
 8 SYSTEMPATH\CodeIgniter.php(368): CodeIgniter\CodeIgniter->handleRequest(null, Object(Config\Cache), false)
 9 FCPATH\index.php(69): CodeIgniter\CodeIgniter->run()
CRITICAL - 2023-05-01 06:19:05 --> Attempt to read property "product_id" on null
in APPPATH\Views\products\editProduct.php on line 40.
 1 APPPATH\Views\products\editProduct.php(40): CodeIgniter\Debug\Exceptions->errorHandler(2, 'Attempt to read property "product_id" on null', 'APPPATH\\Views\\products\\editProduct.php', 40)
 2 SYSTEMPATH\View\View.php(213): include('APPPATH\\Views\\products\\editProduct.php')
 3 SYSTEMPATH\View\View.php(216): CodeIgniter\View\View->CodeIgniter\View\{closure}()
 4 SYSTEMPATH\Common.php(1177): CodeIgniter\View\View->render('products/editProduct', [], true)
 5 APPPATH\Controllers\Products.php(93): view('products/editProduct', [...])
 6 SYSTEMPATH\CodeIgniter.php(934): App\Controllers\Products->editProduct('img', 'favicon.ico')
 7 SYSTEMPATH\CodeIgniter.php(499): CodeIgniter\CodeIgniter->runController(Object(App\Controllers\Products))
 8 SYSTEMPATH\CodeIgniter.php(368): CodeIgniter\CodeIgniter->handleRequest(null, Object(Config\Cache), false)
 9 FCPATH\index.php(69): CodeIgniter\CodeIgniter->run()
INFO - 2023-05-01 06:19:06 --> Session: Class initialized using 'CodeIgniter\Session\Handlers\FileHandler' driver.
CRITICAL - 2023-05-01 06:19:07 --> Attempt to read property "product_id" on null
in APPPATH\Views\products\editProduct.php on line 40.
 1 APPPATH\Views\products\editProduct.php(40): CodeIgniter\Debug\Exceptions->errorHandler(2, 'Attempt to read property "product_id" on null', 'APPPATH\\Views\\products\\editProduct.php', 40)
 2 SYSTEMPATH\View\View.php(213): include('APPPATH\\Views\\products\\editProduct.php')
 3 SYSTEMPATH\View\View.php(216): CodeIgniter\View\View->CodeIgniter\View\{closure}()
 4 SYSTEMPATH\Common.php(1177): CodeIgniter\View\View->render('products/editProduct', [], true)
 5 APPPATH\Controllers\Products.php(93): view('products/editProduct', [...])
 6 SYSTEMPATH\CodeIgniter.php(934): App\Controllers\Products->editProduct('img', 'favicon.ico')
 7 SYSTEMPATH\CodeIgniter.php(499): CodeIgniter\CodeIgniter->runController(Object(App\Controllers\Products))
 8 SYSTEMPATH\CodeIgniter.php(368): CodeIgniter\CodeIgniter->handleRequest(null, Object(Config\Cache), false)
 9 FCPATH\index.php(69): CodeIgniter\CodeIgniter->run()
INFO - 2023-05-01 06:19:09 --> Session: Class initialized using 'CodeIgniter\Session\Handlers\FileHandler' driver.
CRITICAL - 2023-05-01 06:19:12 --> Attempt to read property "product_id" on null
in APPPATH\Views\products\editProduct.php on line 40.
 1 APPPATH\Views\products\editProduct.php(40): CodeIgniter\Debug\Exceptions->errorHandler(2, 'Attempt to read property "product_id" on null', 'APPPATH\\Views\\products\\editProduct.php', 40)
 2 SYSTEMPATH\View\View.php(213): include('APPPATH\\Views\\products\\editProduct.php')
 3 SYSTEMPATH\View\View.php(216): CodeIgniter\View\View->CodeIgniter\View\{closure}()
 4 SYSTEMPATH\Common.php(1177): CodeIgniter\View\View->render('products/editProduct', [], true)
 5 APPPATH\Controllers\Products.php(93): view('products/editProduct', [...])
 6 SYSTEMPATH\CodeIgniter.php(934): App\Controllers\Products->editProduct('img', 'favicon.ico')
 7 SYSTEMPATH\CodeIgniter.php(499): CodeIgniter\CodeIgniter->runController(Object(App\Controllers\Products))
 8 SYSTEMPATH\CodeIgniter.php(368): CodeIgniter\CodeIgniter->handleRequest(null, Object(Config\Cache), false)
 9 FCPATH\index.php(69): CodeIgniter\CodeIgniter->run()
INFO - 2023-05-01 06:19:14 --> Session: Class initialized using 'CodeIgniter\Session\Handlers\FileHandler' driver.
CRITICAL - 2023-05-01 06:19:19 --> Attempt to read property "product_id" on null
in APPPATH\Views\products\editProduct.php on line 40.
 1 APPPATH\Views\products\editProduct.php(40): CodeIgniter\Debug\Exceptions->errorHandler(2, 'Attempt to read property "product_id" on null', 'APPPATH\\Views\\products\\editProduct.php', 40)
 2 SYSTEMPATH\View\View.php(213): include('APPPATH\\Views\\products\\editProduct.php')
 3 SYSTEMPATH\View\View.php(216): CodeIgniter\View\View->CodeIgniter\View\{closure}()
 4 SYSTEMPATH\Common.php(1177): CodeIgniter\View\View->render('products/editProduct', [], true)
 5 APPPATH\Controllers\Products.php(93): view('products/editProduct', [...])
 6 SYSTEMPATH\CodeIgniter.php(934): App\Controllers\Products->editProduct('img', 'favicon.ico')
 7 SYSTEMPATH\CodeIgniter.php(499): CodeIgniter\CodeIgniter->runController(Object(App\Controllers\Products))
 8 SYSTEMPATH\CodeIgniter.php(368): CodeIgniter\CodeIgniter->handleRequest(null, Object(Config\Cache), false)
 9 FCPATH\index.php(69): CodeIgniter\CodeIgniter->run()
INFO - 2023-05-01 06:19:21 --> Session: Class initialized using 'CodeIgniter\Session\Handlers\FileHandler' driver.
CRITICAL - 2023-05-01 06:19:23 --> Attempt to read property "product_id" on null
in APPPATH\Views\products\editProduct.php on line 40.
 1 APPPATH\Views\products\editProduct.php(40): CodeIgniter\Debug\Exceptions->errorHandler(2, 'Attempt to read property "product_id" on null', 'APPPATH\\Views\\products\\editProduct.php', 40)
 2 SYSTEMPATH\View\View.php(213): include('APPPATH\\Views\\products\\editProduct.php')
 3 SYSTEMPATH\View\View.php(216): CodeIgniter\View\View->CodeIgniter\View\{closure}()
 4 SYSTEMPATH\Common.php(1177): CodeIgniter\View\View->render('products/editProduct', [], true)
 5 APPPATH\Controllers\Products.php(93): view('products/editProduct', [...])
 6 SYSTEMPATH\CodeIgniter.php(934): App\Controllers\Products->editProduct('img', 'favicon.ico')
 7 SYSTEMPATH\CodeIgniter.php(499): CodeIgniter\CodeIgniter->runController(Object(App\Controllers\Products))
 8 SYSTEMPATH\CodeIgniter.php(368): CodeIgniter\CodeIgniter->handleRequest(null, Object(Config\Cache), false)
 9 FCPATH\index.php(69): CodeIgniter\CodeIgniter->run()
INFO - 2023-05-01 06:19:25 --> Session: Class initialized using 'CodeIgniter\Session\Handlers\FileHandler' driver.
INFO - 2023-05-01 06:19:49 --> Session: Class initialized using 'CodeIgniter\Session\Handlers\FileHandler' driver.
INFO - 2023-05-01 06:20:06 --> Session: Class initialized using 'CodeIgniter\Session\Handlers\FileHandler' driver.
INFO - 2023-05-01 06:20:19 --> Session: Class initialized using 'CodeIgniter\Session\Handlers\FileHandler' driver.
CRITICAL - 2023-05-01 06:20:47 --> Attempt to read property "product_id" on null
in APPPATH\Views\products\editProduct.php on line 40.
 1 APPPATH\Views\products\editProduct.php(40): CodeIgniter\Debug\Exceptions->errorHandler(2, 'Attempt to read property "product_id" on null', 'APPPATH\\Views\\products\\editProduct.php', 40)
 2 SYSTEMPATH\View\View.php(213): include('APPPATH\\Views\\products\\editProduct.php')
 3 SYSTEMPATH\View\View.php(216): CodeIgniter\View\View->CodeIgniter\View\{closure}()
 4 SYSTEMPATH\Common.php(1177): CodeIgniter\View\View->render('products/editProduct', [], true)
 5 APPPATH\Controllers\Products.php(93): view('products/editProduct', [...])
 6 SYSTEMPATH\CodeIgniter.php(934): App\Controllers\Products->editProduct('img', 'favicon.ico')
 7 SYSTEMPATH\CodeIgniter.php(499): CodeIgniter\CodeIgniter->runController(Object(App\Controllers\Products))
 8 SYSTEMPATH\CodeIgniter.php(368): CodeIgniter\CodeIgniter->handleRequest(null, Object(Config\Cache), false)
 9 FCPATH\index.php(69): CodeIgniter\CodeIgniter->run()
INFO - 2023-05-01 06:20:49 --> Session: Class initialized using 'CodeIgniter\Session\Handlers\FileHandler' driver.
INFO - 2023-05-01 06:21:11 --> Session: Class initialized using 'CodeIgniter\Session\Handlers\FileHandler' driver.
INFO - 2023-05-01 06:23:21 --> Session: Class initialized using 'CodeIgniter\Session\Handlers\FileHandler' driver.
CRITICAL - 2023-05-01 06:23:26 --> Attempt to read property "product_id" on null
in APPPATH\Views\products\editProduct.php on line 40.
 1 APPPATH\Views\products\editProduct.php(40): CodeIgniter\Debug\Exceptions->errorHandler(2, 'Attempt to read property "product_id" on null', 'APPPATH\\Views\\products\\editProduct.php', 40)
 2 SYSTEMPATH\View\View.php(213): include('APPPATH\\Views\\products\\editProduct.php')
 3 SYSTEMPATH\View\View.php(216): CodeIgniter\View\View->CodeIgniter\View\{closure}()
 4 SYSTEMPATH\Common.php(1177): CodeIgniter\View\View->render('products/editProduct', [], true)
 5 APPPATH\Controllers\Products.php(93): view('products/editProduct', [...])
 6 SYSTEMPATH\CodeIgniter.php(934): App\Controllers\Products->editProduct('img', 'favicon.ico')
 7 SYSTEMPATH\CodeIgniter.php(499): CodeIgniter\CodeIgniter->runController(Object(App\Controllers\Products))
 8 SYSTEMPATH\CodeIgniter.php(368): CodeIgniter\CodeIgniter->handleRequest(null, Object(Config\Cache), false)
 9 FCPATH\index.php(69): CodeIgniter\CodeIgniter->run()
INFO - 2023-05-01 06:23:27 --> Session: Class initialized using 'CodeIgniter\Session\Handlers\FileHandler' driver.
CRITICAL - 2023-05-01 06:23:29 --> Attempt to read property "product_id" on null
in APPPATH\Views\products\editProduct.php on line 40.
 1 APPPATH\Views\products\editProduct.php(40): CodeIgniter\Debug\Exceptions->errorHandler(2, 'Attempt to read property "product_id" on null', 'APPPATH\\Views\\products\\editProduct.php', 40)
 2 SYSTEMPATH\View\View.php(213): include('APPPATH\\Views\\products\\editProduct.php')
 3 SYSTEMPATH\View\View.php(216): CodeIgniter\View\View->CodeIgniter\View\{closure}()
 4 SYSTEMPATH\Common.php(1177): CodeIgniter\View\View->render('products/editProduct', [], true)
 5 APPPATH\Controllers\Products.php(93): view('products/editProduct', [...])
 6 SYSTEMPATH\CodeIgniter.php(934): App\Controllers\Products->editProduct('img', 'favicon.ico')
 7 SYSTEMPATH\CodeIgniter.php(499): CodeIgniter\CodeIgniter->runController(Object(App\Controllers\Products))
 8 SYSTEMPATH\CodeIgniter.php(368): CodeIgniter\CodeIgniter->handleRequest(null, Object(Config\Cache), false)
 9 FCPATH\index.php(69): CodeIgniter\CodeIgniter->run()
INFO - 2023-05-01 06:23:37 --> Session: Class initialized using 'CodeIgniter\Session\Handlers\FileHandler' driver.
CRITICAL - 2023-05-01 06:23:39 --> Attempt to read property "product_id" on null
in APPPATH\Views\products\editProduct.php on line 40.
 1 APPPATH\Views\products\editProduct.php(40): CodeIgniter\Debug\Exceptions->errorHandler(2, 'Attempt to read property "product_id" on null', 'APPPATH\\Views\\products\\editProduct.php', 40)
 2 SYSTEMPATH\View\View.php(213): include('APPPATH\\Views\\products\\editProduct.php')
 3 SYSTEMPATH\View\View.php(216): CodeIgniter\View\View->CodeIgniter\View\{closure}()
 4 SYSTEMPATH\Common.php(1177): CodeIgniter\View\View->render('products/editProduct', [], true)
 5 APPPATH\Controllers\Products.php(93): view('products/editProduct', [...])
 6 SYSTEMPATH\CodeIgniter.php(934): App\Controllers\Products->editProduct('img', 'favicon.ico')
 7 SYSTEMPATH\CodeIgniter.php(499): CodeIgniter\CodeIgniter->runController(Object(App\Controllers\Products))
 8 SYSTEMPATH\CodeIgniter.php(368): CodeIgniter\CodeIgniter->handleRequest(null, Object(Config\Cache), false)
 9 FCPATH\index.php(69): CodeIgniter\CodeIgniter->run()
CRITICAL - 2023-05-01 06:24:08 --> Attempt to read property "product_id" on null
in APPPATH\Views\products\editProduct.php on line 40.
 1 APPPATH\Views\products\editProduct.php(40): CodeIgniter\Debug\Exceptions->errorHandler(2, 'Attempt to read property "product_id" on null', 'APPPATH\\Views\\products\\editProduct.php', 40)
 2 SYSTEMPATH\View\View.php(213): include('APPPATH\\Views\\products\\editProduct.php')
 3 SYSTEMPATH\View\View.php(216): CodeIgniter\View\View->CodeIgniter\View\{closure}()
 4 SYSTEMPATH\Common.php(1177): CodeIgniter\View\View->render('products/editProduct', [], true)
 5 APPPATH\Controllers\Products.php(93): view('products/editProduct', [...])
 6 SYSTEMPATH\CodeIgniter.php(934): App\Controllers\Products->editProduct('img', 'favicon.ico')
 7 SYSTEMPATH\CodeIgniter.php(499): CodeIgniter\CodeIgniter->runController(Object(App\Controllers\Products))
 8 SYSTEMPATH\CodeIgniter.php(368): CodeIgniter\CodeIgniter->handleRequest(null, Object(Config\Cache), false)
 9 FCPATH\index.php(69): CodeIgniter\CodeIgniter->run()
CRITICAL - 2023-05-01 06:26:01 --> Attempt to read property "product_id" on null
in APPPATH\Views\products\editProduct.php on line 40.
 1 APPPATH\Views\products\editProduct.php(40): CodeIgniter\Debug\Exceptions->errorHandler(2, 'Attempt to read property "product_id" on null', 'APPPATH\\Views\\products\\editProduct.php', 40)
 2 SYSTEMPATH\View\View.php(213): include('APPPATH\\Views\\products\\editProduct.php')
 3 SYSTEMPATH\View\View.php(216): CodeIgniter\View\View->CodeIgniter\View\{closure}()
 4 SYSTEMPATH\Common.php(1177): CodeIgniter\View\View->render('products/editProduct', [], true)
 5 APPPATH\Controllers\Products.php(93): view('products/editProduct', [...])
 6 SYSTEMPATH\CodeIgniter.php(934): App\Controllers\Products->editProduct('img', 'favicon.ico')
 7 SYSTEMPATH\CodeIgniter.php(499): CodeIgniter\CodeIgniter->runController(Object(App\Controllers\Products))
 8 SYSTEMPATH\CodeIgniter.php(368): CodeIgniter\CodeIgniter->handleRequest(null, Object(Config\Cache), false)
 9 FCPATH\index.php(69): CodeIgniter\CodeIgniter->run()
CRITICAL - 2023-05-01 06:26:31 --> Attempt to read property "product_id" on null
in APPPATH\Views\products\editProduct.php on line 40.
 1 APPPATH\Views\products\editProduct.php(40): CodeIgniter\Debug\Exceptions->errorHandler(2, 'Attempt to read property "product_id" on null', 'APPPATH\\Views\\products\\editProduct.php', 40)
 2 SYSTEMPATH\View\View.php(213): include('APPPATH\\Views\\products\\editProduct.php')
 3 SYSTEMPATH\View\View.php(216): CodeIgniter\View\View->CodeIgniter\View\{closure}()
 4 SYSTEMPATH\Common.php(1177): CodeIgniter\View\View->render('products/editProduct', [], true)
 5 APPPATH\Controllers\Products.php(93): view('products/editProduct', [...])
 6 SYSTEMPATH\CodeIgniter.php(934): App\Controllers\Products->editProduct('img', 'favicon.ico')
 7 SYSTEMPATH\CodeIgniter.php(499): CodeIgniter\CodeIgniter->runController(Object(App\Controllers\Products))
 8 SYSTEMPATH\CodeIgniter.php(368): CodeIgniter\CodeIgniter->handleRequest(null, Object(Config\Cache), false)
 9 FCPATH\index.php(69): CodeIgniter\CodeIgniter->run()
CRITICAL - 2023-05-01 06:26:41 --> Attempt to read property "product_id" on null
in APPPATH\Views\products\editProduct.php on line 40.
 1 APPPATH\Views\products\editProduct.php(40): CodeIgniter\Debug\Exceptions->errorHandler(2, 'Attempt to read property "product_id" on null', 'APPPATH\\Views\\products\\editProduct.php', 40)
 2 SYSTEMPATH\View\View.php(213): include('APPPATH\\Views\\products\\editProduct.php')
 3 SYSTEMPATH\View\View.php(216): CodeIgniter\View\View->CodeIgniter\View\{closure}()
 4 SYSTEMPATH\Common.php(1177): CodeIgniter\View\View->render('products/editProduct', [], true)
 5 APPPATH\Controllers\Products.php(93): view('products/editProduct', [...])
 6 SYSTEMPATH\CodeIgniter.php(934): App\Controllers\Products->editProduct('img', 'favicon.ico')
 7 SYSTEMPATH\CodeIgniter.php(499): CodeIgniter\CodeIgniter->runController(Object(App\Controllers\Products))
 8 SYSTEMPATH\CodeIgniter.php(368): CodeIgniter\CodeIgniter->handleRequest(null, Object(Config\Cache), false)
 9 FCPATH\index.php(69): CodeIgniter\CodeIgniter->run()
CRITICAL - 2023-05-01 06:30:17 --> Attempt to read property "product_id" on null
in APPPATH\Views\products\editProduct.php on line 40.
 1 APPPATH\Views\products\editProduct.php(40): CodeIgniter\Debug\Exceptions->errorHandler(2, 'Attempt to read property "product_id" on null', 'APPPATH\\Views\\products\\editProduct.php', 40)
 2 SYSTEMPATH\View\View.php(213): include('APPPATH\\Views\\products\\editProduct.php')
 3 SYSTEMPATH\View\View.php(216): CodeIgniter\View\View->CodeIgniter\View\{closure}()
 4 SYSTEMPATH\Common.php(1177): CodeIgniter\View\View->render('products/editProduct', [], true)
 5 APPPATH\Controllers\Products.php(145): view('products/editProduct', [...])
 6 SYSTEMPATH\CodeIgniter.php(934): App\Controllers\Products->editProduct('img', 'favicon.ico')
 7 SYSTEMPATH\CodeIgniter.php(499): CodeIgniter\CodeIgniter->runController(Object(App\Controllers\Products))
 8 SYSTEMPATH\CodeIgniter.php(368): CodeIgniter\CodeIgniter->handleRequest(null, Object(Config\Cache), false)
 9 FCPATH\index.php(69): CodeIgniter\CodeIgniter->run()
CRITICAL - 2023-05-01 06:30:22 --> You must set the database table to be used with your query.
in SYSTEMPATH\Database\BaseConnection.php on line 882.
 1 SYSTEMPATH\Model.php(641): CodeIgniter\Database\BaseConnection->table(null)
 2 SYSTEMPATH\Model.php(831): CodeIgniter\Model->builder()
 3 APPPATH\Controllers\Products.php(129): CodeIgniter\Model->__call('updateProduct', [...])
 4 SYSTEMPATH\CodeIgniter.php(934): App\Controllers\Products->editProduct('3')
 5 SYSTEMPATH\CodeIgniter.php(499): CodeIgniter\CodeIgniter->runController(Object(App\Controllers\Products))
 6 SYSTEMPATH\CodeIgniter.php(368): CodeIgniter\CodeIgniter->handleRequest(null, Object(Config\Cache), false)
 7 FCPATH\index.php(69): CodeIgniter\CodeIgniter->run()
INFO - 2023-05-01 06:31:20 --> Session: Class initialized using 'CodeIgniter\Session\Handlers\FileHandler' driver.
CRITICAL - 2023-05-01 06:31:23 --> Attempt to read property "product_id" on null
in APPPATH\Views\products\editProduct.php on line 40.
 1 APPPATH\Views\products\editProduct.php(40): CodeIgniter\Debug\Exceptions->errorHandler(2, 'Attempt to read property "product_id" on null', 'APPPATH\\Views\\products\\editProduct.php', 40)
 2 SYSTEMPATH\View\View.php(213): include('APPPATH\\Views\\products\\editProduct.php')
 3 SYSTEMPATH\View\View.php(216): CodeIgniter\View\View->CodeIgniter\View\{closure}()
 4 SYSTEMPATH\Common.php(1177): CodeIgniter\View\View->render('products/editProduct', [], true)
 5 APPPATH\Controllers\Products.php(145): view('products/editProduct', [...])
 6 SYSTEMPATH\CodeIgniter.php(934): App\Controllers\Products->editProduct('img', 'favicon.ico')
 7 SYSTEMPATH\CodeIgniter.php(499): CodeIgniter\CodeIgniter->runController(Object(App\Controllers\Products))
 8 SYSTEMPATH\CodeIgniter.php(368): CodeIgniter\CodeIgniter->handleRequest(null, Object(Config\Cache), false)
 9 FCPATH\index.php(69): CodeIgniter\CodeIgniter->run()
CRITICAL - 2023-05-01 06:31:28 --> Too few arguments to function App\Models\Product_model::updateProduct(), 1 passed in C:\xampp\htdocs\CRUD-CodeIgniter-4\app\Controllers\Products.php on line 129 and exactly 2 expected
in APPPATH\Models\Product_model.php on line 30.
 1 APPPATH\Controllers\Products.php(129): App\Models\Product_model->updateProduct([...])
 2 SYSTEMPATH\CodeIgniter.php(934): App\Controllers\Products->editProduct('2')
 3 SYSTEMPATH\CodeIgniter.php(499): CodeIgniter\CodeIgniter->runController(Object(App\Controllers\Products))
 4 SYSTEMPATH\CodeIgniter.php(368): CodeIgniter\CodeIgniter->handleRequest(null, Object(Config\Cache), false)
 5 FCPATH\index.php(69): CodeIgniter\CodeIgniter->run()
INFO - 2023-05-01 06:37:39 --> Session: Class initialized using 'CodeIgniter\Session\Handlers\FileHandler' driver.
CRITICAL - 2023-05-01 06:37:41 --> Undefined property: stdClass::$productID
in APPPATH\Views\products\editProduct.php on line 40.
 1 APPPATH\Views\products\editProduct.php(40): CodeIgniter\Debug\Exceptions->errorHandler(2, 'Undefined property: stdClass::$productID', 'APPPATH\\Views\\products\\editProduct.php', 40)
 2 SYSTEMPATH\View\View.php(213): include('APPPATH\\Views\\products\\editProduct.php')
 3 SYSTEMPATH\View\View.php(216): CodeIgniter\View\View->CodeIgniter\View\{closure}()
 4 SYSTEMPATH\Common.php(1177): CodeIgniter\View\View->render('products/editProduct', [], true)
 5 APPPATH\Controllers\Products.php(145): view('products/editProduct', [...])
 6 SYSTEMPATH\CodeIgniter.php(934): App\Controllers\Products->editProduct('2')
 7 SYSTEMPATH\CodeIgniter.php(499): CodeIgniter\CodeIgniter->runController(Object(App\Controllers\Products))
 8 SYSTEMPATH\CodeIgniter.php(368): CodeIgniter\CodeIgniter->handleRequest(null, Object(Config\Cache), false)
 9 FCPATH\index.php(69): CodeIgniter\CodeIgniter->run()
CRITICAL - 2023-05-01 06:37:42 --> Attempt to read property "productID" on null
in APPPATH\Views\products\editProduct.php on line 40.
 1 APPPATH\Views\products\editProduct.php(40): CodeIgniter\Debug\Exceptions->errorHandler(2, 'Attempt to read property "productID" on null', 'APPPATH\\Views\\products\\editProduct.php', 40)
 2 SYSTEMPATH\View\View.php(213): include('APPPATH\\Views\\products\\editProduct.php')
 3 SYSTEMPATH\View\View.php(216): CodeIgniter\View\View->CodeIgniter\View\{closure}()
 4 SYSTEMPATH\Common.php(1177): CodeIgniter\View\View->render('products/editProduct', [], true)
 5 APPPATH\Controllers\Products.php(145): view('products/editProduct', [...])
 6 SYSTEMPATH\CodeIgniter.php(934): App\Controllers\Products->editProduct('img', 'favicon.ico')
 7 SYSTEMPATH\CodeIgniter.php(499): CodeIgniter\CodeIgniter->runController(Object(App\Controllers\Products))
 8 SYSTEMPATH\CodeIgniter.php(368): CodeIgniter\CodeIgniter->handleRequest(null, Object(Config\Cache), false)
 9 FCPATH\index.php(69): CodeIgniter\CodeIgniter->run()
CRITICAL - 2023-05-01 06:37:45 --> Undefined property: stdClass::$productID
in APPPATH\Views\products\editProduct.php on line 40.
 1 APPPATH\Views\products\editProduct.php(40): CodeIgniter\Debug\Exceptions->errorHandler(2, 'Undefined property: stdClass::$productID', 'APPPATH\\Views\\products\\editProduct.php', 40)
 2 SYSTEMPATH\View\View.php(213): include('APPPATH\\Views\\products\\editProduct.php')
 3 SYSTEMPATH\View\View.php(216): CodeIgniter\View\View->CodeIgniter\View\{closure}()
 4 SYSTEMPATH\Common.php(1177): CodeIgniter\View\View->render('products/editProduct', [], true)
 5 APPPATH\Controllers\Products.php(145): view('products/editProduct', [...])
 6 SYSTEMPATH\CodeIgniter.php(934): App\Controllers\Products->editProduct('2')
 7 SYSTEMPATH\CodeIgniter.php(499): CodeIgniter\CodeIgniter->runController(Object(App\Controllers\Products))
 8 SYSTEMPATH\CodeIgniter.php(368): CodeIgniter\CodeIgniter->handleRequest(null, Object(Config\Cache), false)
 9 FCPATH\index.php(69): CodeIgniter\CodeIgniter->run()
CRITICAL - 2023-05-01 06:37:46 --> Attempt to read property "productID" on null
in APPPATH\Views\products\editProduct.php on line 40.
 1 APPPATH\Views\products\editProduct.php(40): CodeIgniter\Debug\Exceptions->errorHandler(2, 'Attempt to read property "productID" on null', 'APPPATH\\Views\\products\\editProduct.php', 40)
 2 SYSTEMPATH\View\View.php(213): include('APPPATH\\Views\\products\\editProduct.php')
 3 SYSTEMPATH\View\View.php(216): CodeIgniter\View\View->CodeIgniter\View\{closure}()
 4 SYSTEMPATH\Common.php(1177): CodeIgniter\View\View->render('products/editProduct', [], true)
 5 APPPATH\Controllers\Products.php(145): view('products/editProduct', [...])
 6 SYSTEMPATH\CodeIgniter.php(934): App\Controllers\Products->editProduct('img', 'favicon.ico')
 7 SYSTEMPATH\CodeIgniter.php(499): CodeIgniter\CodeIgniter->runController(Object(App\Controllers\Products))
 8 SYSTEMPATH\CodeIgniter.php(368): CodeIgniter\CodeIgniter->handleRequest(null, Object(Config\Cache), false)
 9 FCPATH\index.php(69): CodeIgniter\CodeIgniter->run()
CRITICAL - 2023-05-01 06:38:00 --> Attempt to read property "product_id" on null
in APPPATH\Views\products\editProduct.php on line 40.
 1 APPPATH\Views\products\editProduct.php(40): CodeIgniter\Debug\Exceptions->errorHandler(2, 'Attempt to read property "product_id" on null', 'APPPATH\\Views\\products\\editProduct.php', 40)
 2 SYSTEMPATH\View\View.php(213): include('APPPATH\\Views\\products\\editProduct.php')
 3 SYSTEMPATH\View\View.php(216): CodeIgniter\View\View->CodeIgniter\View\{closure}()
 4 SYSTEMPATH\Common.php(1177): CodeIgniter\View\View->render('products/editProduct', [], true)
 5 APPPATH\Controllers\Products.php(145): view('products/editProduct', [...])
 6 SYSTEMPATH\CodeIgniter.php(934): App\Controllers\Products->editProduct('img', 'favicon.ico')
 7 SYSTEMPATH\CodeIgniter.php(499): CodeIgniter\CodeIgniter->runController(Object(App\Controllers\Products))
 8 SYSTEMPATH\CodeIgniter.php(368): CodeIgniter\CodeIgniter->handleRequest(null, Object(Config\Cache), false)
 9 FCPATH\index.php(69): CodeIgniter\CodeIgniter->run()
CRITICAL - 2023-05-01 06:38:04 --> Too few arguments to function App\Models\Product_model::updateProduct(), 1 passed in C:\xampp\htdocs\CRUD-CodeIgniter-4\app\Controllers\Products.php on line 129 and exactly 2 expected
in APPPATH\Models\Product_model.php on line 30.
 1 APPPATH\Controllers\Products.php(129): App\Models\Product_model->updateProduct([...])
 2 SYSTEMPATH\CodeIgniter.php(934): App\Controllers\Products->editProduct('2')
 3 SYSTEMPATH\CodeIgniter.php(499): CodeIgniter\CodeIgniter->runController(Object(App\Controllers\Products))
 4 SYSTEMPATH\CodeIgniter.php(368): CodeIgniter\CodeIgniter->handleRequest(null, Object(Config\Cache), false)
 5 FCPATH\index.php(69): CodeIgniter\CodeIgniter->run()
CRITICAL - 2023-05-01 06:45:58 --> Attempt to read property "product_id" on null
in APPPATH\Views\products\editProduct.php on line 40.
 1 APPPATH\Views\products\editProduct.php(40): CodeIgniter\Debug\Exceptions->errorHandler(2, 'Attempt to read property "product_id" on null', 'APPPATH\\Views\\products\\editProduct.php', 40)
 2 SYSTEMPATH\View\View.php(213): include('APPPATH\\Views\\products\\editProduct.php')
 3 SYSTEMPATH\View\View.php(216): CodeIgniter\View\View->CodeIgniter\View\{closure}()
 4 SYSTEMPATH\Common.php(1177): CodeIgniter\View\View->render('products/editProduct', [], true)
 5 APPPATH\Controllers\Products.php(150): view('products/editProduct', [...])
 6 SYSTEMPATH\CodeIgniter.php(934): App\Controllers\Products->editProduct('img', 'favicon.ico')
 7 SYSTEMPATH\CodeIgniter.php(499): CodeIgniter\CodeIgniter->runController(Object(App\Controllers\Products))
 8 SYSTEMPATH\CodeIgniter.php(368): CodeIgniter\CodeIgniter->handleRequest(null, Object(Config\Cache), false)
 9 FCPATH\index.php(69): CodeIgniter\CodeIgniter->run()
CRITICAL - 2023-05-01 06:46:04 --> Attempt to read property "product_id" on null
in APPPATH\Views\products\editProduct.php on line 40.
 1 APPPATH\Views\products\editProduct.php(40): CodeIgniter\Debug\Exceptions->errorHandler(2, 'Attempt to read property "product_id" on null', 'APPPATH\\Views\\products\\editProduct.php', 40)
 2 SYSTEMPATH\View\View.php(213): include('APPPATH\\Views\\products\\editProduct.php')
 3 SYSTEMPATH\View\View.php(216): CodeIgniter\View\View->CodeIgniter\View\{closure}()
 4 SYSTEMPATH\Common.php(1177): CodeIgniter\View\View->render('products/editProduct', [], true)
 5 APPPATH\Controllers\Products.php(150): view('products/editProduct', [...])
 6 SYSTEMPATH\CodeIgniter.php(934): App\Controllers\Products->editProduct('img', 'favicon.ico')
 7 SYSTEMPATH\CodeIgniter.php(499): CodeIgniter\CodeIgniter->runController(Object(App\Controllers\Products))
 8 SYSTEMPATH\CodeIgniter.php(368): CodeIgniter\CodeIgniter->handleRequest(null, Object(Config\Cache), false)
 9 FCPATH\index.php(69): CodeIgniter\CodeIgniter->run()
INFO - 2023-05-01 06:46:23 --> Session: Class initialized using 'CodeIgniter\Session\Handlers\FileHandler' driver.
INFO - 2023-05-01 06:46:23 --> Session: Class initialized using 'CodeIgniter\Session\Handlers\FileHandler' driver.
CRITICAL - 2023-05-01 06:46:28 --> Attempt to read property "product_id" on null
in APPPATH\Views\products\editProduct.php on line 40.
 1 APPPATH\Views\products\editProduct.php(40): CodeIgniter\Debug\Exceptions->errorHandler(2, 'Attempt to read property "product_id" on null', 'APPPATH\\Views\\products\\editProduct.php', 40)
 2 SYSTEMPATH\View\View.php(213): include('APPPATH\\Views\\products\\editProduct.php')
 3 SYSTEMPATH\View\View.php(216): CodeIgniter\View\View->CodeIgniter\View\{closure}()
 4 SYSTEMPATH\Common.php(1177): CodeIgniter\View\View->render('products/editProduct', [], true)
 5 APPPATH\Controllers\Products.php(145): view('products/editProduct', [...])
 6 SYSTEMPATH\CodeIgniter.php(934): App\Controllers\Products->editProduct('img', 'favicon.ico')
 7 SYSTEMPATH\CodeIgniter.php(499): CodeIgniter\CodeIgniter->runController(Object(App\Controllers\Products))
 8 SYSTEMPATH\CodeIgniter.php(368): CodeIgniter\CodeIgniter->handleRequest(null, Object(Config\Cache), false)
 9 FCPATH\index.php(69): CodeIgniter\CodeIgniter->run()
INFO - 2023-05-01 06:46:34 --> Session: Class initialized using 'CodeIgniter\Session\Handlers\FileHandler' driver.
INFO - 2023-05-01 06:46:34 --> Session: Class initialized using 'CodeIgniter\Session\Handlers\FileHandler' driver.
INFO - 2023-05-01 06:47:54 --> Session: Class initialized using 'CodeIgniter\Session\Handlers\FileHandler' driver.
CRITICAL - 2023-05-01 06:47:59 --> Attempt to read property "product_id" on null
in APPPATH\Views\products\editProduct.php on line 40.
 1 APPPATH\Views\products\editProduct.php(40): CodeIgniter\Debug\Exceptions->errorHandler(2, 'Attempt to read property "product_id" on null', 'APPPATH\\Views\\products\\editProduct.php', 40)
 2 SYSTEMPATH\View\View.php(213): include('APPPATH\\Views\\products\\editProduct.php')
 3 SYSTEMPATH\View\View.php(216): CodeIgniter\View\View->CodeIgniter\View\{closure}()
 4 SYSTEMPATH\Common.php(1177): CodeIgniter\View\View->render('products/editProduct', [], true)
 5 APPPATH\Controllers\Products.php(145): view('products/editProduct', [...])
 6 SYSTEMPATH\CodeIgniter.php(934): App\Controllers\Products->editProduct('img', 'favicon.ico')
 7 SYSTEMPATH\CodeIgniter.php(499): CodeIgniter\CodeIgniter->runController(Object(App\Controllers\Products))
 8 SYSTEMPATH\CodeIgniter.php(368): CodeIgniter\CodeIgniter->handleRequest(null, Object(Config\Cache), false)
 9 FCPATH\index.php(69): CodeIgniter\CodeIgniter->run()
INFO - 2023-05-01 06:48:23 --> Session: Class initialized using 'CodeIgniter\Session\Handlers\FileHandler' driver.
INFO - 2023-05-01 06:48:24 --> Session: Class initialized using 'CodeIgniter\Session\Handlers\FileHandler' driver.
CRITICAL - 2023-05-01 06:51:17 --> Attempt to read property "product_id" on null
in APPPATH\Views\products\editProduct.php on line 40.
 1 APPPATH\Views\products\editProduct.php(40): CodeIgniter\Debug\Exceptions->errorHandler(2, 'Attempt to read property "product_id" on null', 'APPPATH\\Views\\products\\editProduct.php', 40)
 2 SYSTEMPATH\View\View.php(213): include('APPPATH\\Views\\products\\editProduct.php')
 3 SYSTEMPATH\View\View.php(216): CodeIgniter\View\View->CodeIgniter\View\{closure}()
 4 SYSTEMPATH\Common.php(1177): CodeIgniter\View\View->render('products/editProduct', [], true)
 5 APPPATH\Controllers\Products.php(145): view('products/editProduct', [...])
 6 SYSTEMPATH\CodeIgniter.php(934): App\Controllers\Products->editProduct('img', 'favicon.ico')
 7 SYSTEMPATH\CodeIgniter.php(499): CodeIgniter\CodeIgniter->runController(Object(App\Controllers\Products))
 8 SYSTEMPATH\CodeIgniter.php(368): CodeIgniter\CodeIgniter->handleRequest(null, Object(Config\Cache), false)
 9 FCPATH\index.php(69): CodeIgniter\CodeIgniter->run()
INFO - 2023-05-01 06:51:20 --> Session: Class initialized using 'CodeIgniter\Session\Handlers\FileHandler' driver.
INFO - 2023-05-01 06:51:21 --> Session: Class initialized using 'CodeIgniter\Session\Handlers\FileHandler' driver.
INFO - 2023-05-01 06:52:15 --> Session: Class initialized using 'CodeIgniter\Session\Handlers\FileHandler' driver.
CRITICAL - 2023-05-01 06:52:17 --> Attempt to read property "product_id" on null
in APPPATH\Views\products\editProduct.php on line 40.
 1 APPPATH\Views\products\editProduct.php(40): CodeIgniter\Debug\Exceptions->errorHandler(2, 'Attempt to read property "product_id" on null', 'APPPATH\\Views\\products\\editProduct.php', 40)
 2 SYSTEMPATH\View\View.php(213): include('APPPATH\\Views\\products\\editProduct.php')
 3 SYSTEMPATH\View\View.php(216): CodeIgniter\View\View->CodeIgniter\View\{closure}()
 4 SYSTEMPATH\Common.php(1177): CodeIgniter\View\View->render('products/editProduct', [], true)
 5 APPPATH\Controllers\Products.php(145): view('products/editProduct', [...])
 6 SYSTEMPATH\CodeIgniter.php(934): App\Controllers\Products->editProduct('img', 'favicon.ico')
 7 SYSTEMPATH\CodeIgniter.php(499): CodeIgniter\CodeIgniter->runController(Object(App\Controllers\Products))
 8 SYSTEMPATH\CodeIgniter.php(368): CodeIgniter\CodeIgniter->handleRequest(null, Object(Config\Cache), false)
 9 FCPATH\index.php(69): CodeIgniter\CodeIgniter->run()
INFO - 2023-05-01 06:52:22 --> Session: Class initialized using 'CodeIgniter\Session\Handlers\FileHandler' driver.
INFO - 2023-05-01 06:52:23 --> Session: Class initialized using 'CodeIgniter\Session\Handlers\FileHandler' driver.
CRITICAL - 2023-05-01 06:52:26 --> Attempt to read property "product_id" on null
in APPPATH\Views\products\editProduct.php on line 40.
 1 APPPATH\Views\products\editProduct.php(40): CodeIgniter\Debug\Exceptions->errorHandler(2, 'Attempt to read property "product_id" on null', 'APPPATH\\Views\\products\\editProduct.php', 40)
 2 SYSTEMPATH\View\View.php(213): include('APPPATH\\Views\\products\\editProduct.php')
 3 SYSTEMPATH\View\View.php(216): CodeIgniter\View\View->CodeIgniter\View\{closure}()
 4 SYSTEMPATH\Common.php(1177): CodeIgniter\View\View->render('products/editProduct', [], true)
 5 APPPATH\Controllers\Products.php(145): view('products/editProduct', [...])
 6 SYSTEMPATH\CodeIgniter.php(934): App\Controllers\Products->editProduct('img', 'favicon.ico')
 7 SYSTEMPATH\CodeIgniter.php(499): CodeIgniter\CodeIgniter->runController(Object(App\Controllers\Products))
 8 SYSTEMPATH\CodeIgniter.php(368): CodeIgniter\CodeIgniter->handleRequest(null, Object(Config\Cache), false)
 9 FCPATH\index.php(69): CodeIgniter\CodeIgniter->run()
INFO - 2023-05-01 06:52:30 --> Session: Class initialized using 'CodeIgniter\Session\Handlers\FileHandler' driver.
INFO - 2023-05-01 06:52:31 --> Session: Class initialized using 'CodeIgniter\Session\Handlers\FileHandler' driver.
CRITICAL - 2023-05-01 06:52:39 --> Attempt to read property "product_id" on null
in APPPATH\Views\products\editProduct.php on line 40.
 1 APPPATH\Views\products\editProduct.php(40): CodeIgniter\Debug\Exceptions->errorHandler(2, 'Attempt to read property "product_id" on null', 'APPPATH\\Views\\products\\editProduct.php', 40)
 2 SYSTEMPATH\View\View.php(213): include('APPPATH\\Views\\products\\editProduct.php')
 3 SYSTEMPATH\View\View.php(216): CodeIgniter\View\View->CodeIgniter\View\{closure}()
 4 SYSTEMPATH\Common.php(1177): CodeIgniter\View\View->render('products/editProduct', [], true)
 5 APPPATH\Controllers\Products.php(145): view('products/editProduct', [...])
 6 SYSTEMPATH\CodeIgniter.php(934): App\Controllers\Products->editProduct('img', 'favicon.ico')
 7 SYSTEMPATH\CodeIgniter.php(499): CodeIgniter\CodeIgniter->runController(Object(App\Controllers\Products))
 8 SYSTEMPATH\CodeIgniter.php(368): CodeIgniter\CodeIgniter->handleRequest(null, Object(Config\Cache), false)
 9 FCPATH\index.php(69): CodeIgniter\CodeIgniter->run()
INFO - 2023-05-01 06:52:42 --> Session: Class initialized using 'CodeIgniter\Session\Handlers\FileHandler' driver.
INFO - 2023-05-01 06:52:42 --> Session: Class initialized using 'CodeIgniter\Session\Handlers\FileHandler' driver.
INFO - 2023-05-01 06:57:51 --> Session: Class initialized using 'CodeIgniter\Session\Handlers\FileHandler' driver.
CRITICAL - 2023-05-01 06:57:53 --> Too few arguments to function App\Controllers\Products::editProduct(), 1 passed in C:\xampp\htdocs\CRUD-CodeIgniter-4\system\CodeIgniter.php on line 934 and exactly 2 expected
in APPPATH\Controllers\Products.php on line 87.
 1 SYSTEMPATH\CodeIgniter.php(934): App\Controllers\Products->editProduct('2')
 2 SYSTEMPATH\CodeIgniter.php(499): CodeIgniter\CodeIgniter->runController(Object(App\Controllers\Products))
 3 SYSTEMPATH\CodeIgniter.php(368): CodeIgniter\CodeIgniter->handleRequest(null, Object(Config\Cache), false)
 4 FCPATH\index.php(69): CodeIgniter\CodeIgniter->run()
INFO - 2023-05-01 07:03:43 --> Session: Class initialized using 'CodeIgniter\Session\Handlers\FileHandler' driver.
CRITICAL - 2023-05-01 07:03:48 --> Attempt to read property "product_id" on null
in APPPATH\Views\products\editProduct.php on line 40.
 1 APPPATH\Views\products\editProduct.php(40): CodeIgniter\Debug\Exceptions->errorHandler(2, 'Attempt to read property "product_id" on null', 'APPPATH\\Views\\products\\editProduct.php', 40)
 2 SYSTEMPATH\View\View.php(213): include('APPPATH\\Views\\products\\editProduct.php')
 3 SYSTEMPATH\View\View.php(216): CodeIgniter\View\View->CodeIgniter\View\{closure}()
 4 SYSTEMPATH\Common.php(1177): CodeIgniter\View\View->render('products/editProduct', [], true)
 5 APPPATH\Controllers\Products.php(146): view('products/editProduct', [...])
 6 SYSTEMPATH\CodeIgniter.php(934): App\Controllers\Products->editProduct('img', 'favicon.ico')
 7 SYSTEMPATH\CodeIgniter.php(499): CodeIgniter\CodeIgniter->runController(Object(App\Controllers\Products))
 8 SYSTEMPATH\CodeIgniter.php(368): CodeIgniter\CodeIgniter->handleRequest(null, Object(Config\Cache), false)
 9 FCPATH\index.php(69): CodeIgniter\CodeIgniter->run()
INFO - 2023-05-01 07:03:52 --> Session: Class initialized using 'CodeIgniter\Session\Handlers\FileHandler' driver.
INFO - 2023-05-01 07:03:53 --> Session: Class initialized using 'CodeIgniter\Session\Handlers\FileHandler' driver.
INFO - 2023-05-01 07:10:37 --> Session: Class initialized using 'CodeIgniter\Session\Handlers\FileHandler' driver.
CRITICAL - 2023-05-01 07:10:39 --> Undefined property: App\Controllers\Products::$StudentModel
in APPPATH\Controllers\Products.php on line 152.
 1 APPPATH\Controllers\Products.php(152): CodeIgniter\Debug\Exceptions->errorHandler(2, 'Undefined property: App\\Controllers\\Products::$StudentModel', 'APPPATH\\Controllers\\Products.php', 152)
 2 SYSTEMPATH\CodeIgniter.php(934): App\Controllers\Products->deleteProduct('3')
 3 SYSTEMPATH\CodeIgniter.php(499): CodeIgniter\CodeIgniter->runController(Object(App\Controllers\Products))
 4 SYSTEMPATH\CodeIgniter.php(368): CodeIgniter\CodeIgniter->handleRequest(null, Object(Config\Cache), false)
 5 FCPATH\index.php(69): CodeIgniter\CodeIgniter->run()
INFO - 2023-05-01 07:11:03 --> Session: Class initialized using 'CodeIgniter\Session\Handlers\FileHandler' driver.
INFO - 2023-05-01 07:11:03 --> Session: Class initialized using 'CodeIgniter\Session\Handlers\FileHandler' driver.
INFO - 2023-05-01 07:11:06 --> Session: Class initialized using 'CodeIgniter\Session\Handlers\FileHandler' driver.
INFO - 2023-05-01 07:11:06 --> Session: Class initialized using 'CodeIgniter\Session\Handlers\FileHandler' driver.
INFO - 2023-05-01 07:11:19 --> Session: Class initialized using 'CodeIgniter\Session\Handlers\FileHandler' driver.
CRITICAL - 2023-05-01 07:11:22 --> Attempt to read property "StudentNo" on null
in APPPATH\Views\student\editRecord.php on line 40.
 1 APPPATH\Views\student\editRecord.php(40): CodeIgniter\Debug\Exceptions->errorHandler(2, 'Attempt to read property "StudentNo" on null', 'APPPATH\\Views\\student\\editRecord.php', 40)
 2 SYSTEMPATH\View\View.php(213): include('APPPATH\\Views\\student\\editRecord.php')
 3 SYSTEMPATH\View\View.php(216): CodeIgniter\View\View->CodeIgniter\View\{closure}()
 4 SYSTEMPATH\Common.php(1177): CodeIgniter\View\View->render('student/editRecord', [], true)
 5 APPPATH\Controllers\Student.php(155): view('student/editRecord', [...])
 6 SYSTEMPATH\CodeIgniter.php(934): App\Controllers\Student->editRecord('img', 'favicon.ico')
 7 SYSTEMPATH\CodeIgniter.php(499): CodeIgniter\CodeIgniter->runController(Object(App\Controllers\Student))
 8 SYSTEMPATH\CodeIgniter.php(368): CodeIgniter\CodeIgniter->handleRequest(null, Object(Config\Cache), false)
 9 FCPATH\index.php(69): CodeIgniter\CodeIgniter->run()
CRITICAL - 2023-05-01 07:12:02 --> Attempt to read property "StudentNo" on null
in APPPATH\Views\student\editRecord.php on line 40.
 1 APPPATH\Views\student\editRecord.php(40): CodeIgniter\Debug\Exceptions->errorHandler(2, 'Attempt to read property "StudentNo" on null', 'APPPATH\\Views\\student\\editRecord.php', 40)
 2 SYSTEMPATH\View\View.php(213): include('APPPATH\\Views\\student\\editRecord.php')
 3 SYSTEMPATH\View\View.php(216): CodeIgniter\View\View->CodeIgniter\View\{closure}()
 4 SYSTEMPATH\Common.php(1177): CodeIgniter\View\View->render('student/editRecord', [], true)
 5 APPPATH\Controllers\Student.php(155): view('student/editRecord', [...])
 6 SYSTEMPATH\CodeIgniter.php(934): App\Controllers\Student->editRecord('img', 'favicon.ico')
 7 SYSTEMPATH\CodeIgniter.php(499): CodeIgniter\CodeIgniter->runController(Object(App\Controllers\Student))
 8 SYSTEMPATH\CodeIgniter.php(368): CodeIgniter\CodeIgniter->handleRequest(null, Object(Config\Cache), false)
 9 FCPATH\index.php(69): CodeIgniter\CodeIgniter->run()
INFO - 2023-05-01 07:12:04 --> Session: Class initialized using 'CodeIgniter\Session\Handlers\FileHandler' driver.
INFO - 2023-05-01 07:12:05 --> Session: Class initialized using 'CodeIgniter\Session\Handlers\FileHandler' driver.
CRITICAL - 2023-05-01 07:12:07 --> Attempt to read property "StudentNo" on null
in APPPATH\Views\student\editRecord.php on line 40.
 1 APPPATH\Views\student\editRecord.php(40): CodeIgniter\Debug\Exceptions->errorHandler(2, 'Attempt to read property "StudentNo" on null', 'APPPATH\\Views\\student\\editRecord.php', 40)
 2 SYSTEMPATH\View\View.php(213): include('APPPATH\\Views\\student\\editRecord.php')
 3 SYSTEMPATH\View\View.php(216): CodeIgniter\View\View->CodeIgniter\View\{closure}()
 4 SYSTEMPATH\Common.php(1177): CodeIgniter\View\View->render('student/editRecord', [], true)
 5 APPPATH\Controllers\Student.php(155): view('student/editRecord', [...])
 6 SYSTEMPATH\CodeIgniter.php(934): App\Controllers\Student->editRecord('img', 'favicon.ico')
 7 SYSTEMPATH\CodeIgniter.php(499): CodeIgniter\CodeIgniter->runController(Object(App\Controllers\Student))
 8 SYSTEMPATH\CodeIgniter.php(368): CodeIgniter\CodeIgniter->handleRequest(null, Object(Config\Cache), false)
 9 FCPATH\index.php(69): CodeIgniter\CodeIgniter->run()
INFO - 2023-05-01 07:12:09 --> Session: Class initialized using 'CodeIgniter\Session\Handlers\FileHandler' driver.
INFO - 2023-05-01 07:12:14 --> Session: Class initialized using 'CodeIgniter\Session\Handlers\FileHandler' driver.
