INFO - 2023-05-02 23:48:24 --> Session: Class initialized using 'CodeIgniter\Session\Handlers\FileHandler' driver.
INFO - 2023-05-02 23:48:29 --> Session: Class initialized using 'CodeIgniter\Session\Handlers\FileHandler' driver.
INFO - 2023-05-02 23:48:35 --> Session: Class initialized using 'CodeIgniter\Session\Handlers\FileHandler' driver.
INFO - 2023-05-02 23:48:39 --> Session: Class initialized using 'CodeIgniter\Session\Handlers\FileHandler' driver.
INFO - 2023-05-02 23:48:59 --> Session: Class initialized using 'CodeIgniter\Session\Handlers\FileHandler' driver.
INFO - 2023-05-02 23:49:00 --> Session: Class initialized using 'CodeIgniter\Session\Handlers\FileHandler' driver.
CRITICAL - 2023-05-02 23:49:19 --> Attempt to read property "product_id" on null
in APPPATH\Views\products\editProduct.php on line 40.
 1 APPPATH\Views\products\editProduct.php(40): CodeIgniter\Debug\Exceptions->errorHandler(2, 'Attempt to read property "product_id" on null', 'APPPATH\\Views\\products\\editProduct.php', 40)
 2 SYSTEMPATH\View\View.php(213): include('APPPATH\\Views\\products\\editProduct.php')
 3 SYSTEMPATH\View\View.php(216): CodeIgniter\View\View->CodeIgniter\View\{closure}()
 4 SYSTEMPATH\Common.php(1177): CodeIgniter\View\View->render('products/editProduct', [], true)
 5 APPPATH\Controllers\Products.php(146): view('products/editProduct', [...])
 6 SYSTEMPATH\CodeIgniter.php(934): App\Controllers\Products->editProduct('img', 'favicon.ico')
 7 SYSTEMPATH\CodeIgniter.php(499): CodeIgniter\CodeIgniter->runController(Object(App\Controllers\Products))
 8 SYSTEMPATH\CodeIgniter.php(368): CodeIgniter\CodeIgniter->handleRequest(null, Object(Config\Cache), false)
 9 FCPATH\index.php(69): CodeIgniter\CodeIgniter->run()
CRITICAL - 2023-05-02 23:56:38 --> Attempt to read property "product_id" on null
in APPPATH\Views\products\editProduct.php on line 40.
 1 APPPATH\Views\products\editProduct.php(40): CodeIgniter\Debug\Exceptions->errorHandler(2, 'Attempt to read property "product_id" on null', 'APPPATH\\Views\\products\\editProduct.php', 40)
 2 SYSTEMPATH\View\View.php(213): include('APPPATH\\Views\\products\\editProduct.php')
 3 SYSTEMPATH\View\View.php(216): CodeIgniter\View\View->CodeIgniter\View\{closure}()
 4 SYSTEMPATH\Common.php(1177): CodeIgniter\View\View->render('products/editProduct', [], true)
 5 APPPATH\Controllers\Products.php(157): view('products/editProduct', [...])
 6 SYSTEMPATH\CodeIgniter.php(934): App\Controllers\Products->editProduct('img', 'favicon.ico')
 7 SYSTEMPATH\CodeIgniter.php(499): CodeIgniter\CodeIgniter->runController(Object(App\Controllers\Products))
 8 SYSTEMPATH\CodeIgniter.php(368): CodeIgniter\CodeIgniter->handleRequest(null, Object(Config\Cache), false)
 9 FCPATH\index.php(69): CodeIgniter\CodeIgniter->run()
CRITICAL - 2023-05-02 23:57:11 --> Attempt to read property "product_id" on null
in APPPATH\Views\products\editProduct.php on line 40.
 1 APPPATH\Views\products\editProduct.php(40): CodeIgniter\Debug\Exceptions->errorHandler(2, 'Attempt to read property "product_id" on null', 'APPPATH\\Views\\products\\editProduct.php', 40)
 2 SYSTEMPATH\View\View.php(213): include('APPPATH\\Views\\products\\editProduct.php')
 3 SYSTEMPATH\View\View.php(216): CodeIgniter\View\View->CodeIgniter\View\{closure}()
 4 SYSTEMPATH\Common.php(1177): CodeIgniter\View\View->render('products/editProduct', [], true)
 5 APPPATH\Controllers\Products.php(157): view('products/editProduct', [...])
 6 SYSTEMPATH\CodeIgniter.php(934): App\Controllers\Products->editProduct('img', 'favicon.ico')
 7 SYSTEMPATH\CodeIgniter.php(499): CodeIgniter\CodeIgniter->runController(Object(App\Controllers\Products))
 8 SYSTEMPATH\CodeIgniter.php(368): CodeIgniter\CodeIgniter->handleRequest(null, Object(Config\Cache), false)
 9 FCPATH\index.php(69): CodeIgniter\CodeIgniter->run()
INFO - 2023-05-02 23:57:12 --> Session: Class initialized using 'CodeIgniter\Session\Handlers\FileHandler' driver.
CRITICAL - 2023-05-02 23:57:18 --> Attempt to read property "product_id" on null
in APPPATH\Views\products\editProduct.php on line 40.
 1 APPPATH\Views\products\editProduct.php(40): CodeIgniter\Debug\Exceptions->errorHandler(2, 'Attempt to read property "product_id" on null', 'APPPATH\\Views\\products\\editProduct.php', 40)
 2 SYSTEMPATH\View\View.php(213): include('APPPATH\\Views\\products\\editProduct.php')
 3 SYSTEMPATH\View\View.php(216): CodeIgniter\View\View->CodeIgniter\View\{closure}()
 4 SYSTEMPATH\Common.php(1177): CodeIgniter\View\View->render('products/editProduct', [], true)
 5 APPPATH\Controllers\Products.php(157): view('products/editProduct', [...])
 6 SYSTEMPATH\CodeIgniter.php(934): App\Controllers\Products->editProduct('img', 'favicon.ico')
 7 SYSTEMPATH\CodeIgniter.php(499): CodeIgniter\CodeIgniter->runController(Object(App\Controllers\Products))
 8 SYSTEMPATH\CodeIgniter.php(368): CodeIgniter\CodeIgniter->handleRequest(null, Object(Config\Cache), false)
 9 FCPATH\index.php(69): CodeIgniter\CodeIgniter->run()
INFO - 2023-05-02 23:57:24 --> Session: Class initialized using 'CodeIgniter\Session\Handlers\FileHandler' driver.
INFO - 2023-05-02 23:57:25 --> Session: Class initialized using 'CodeIgniter\Session\Handlers\FileHandler' driver.
INFO - 2023-05-02 23:57:29 --> Session: Class initialized using 'CodeIgniter\Session\Handlers\FileHandler' driver.
INFO - 2023-05-02 23:57:29 --> Session: Class initialized using 'CodeIgniter\Session\Handlers\FileHandler' driver.
INFO - 2023-05-02 23:57:56 --> Session: Class initialized using 'CodeIgniter\Session\Handlers\FileHandler' driver.
INFO - 2023-05-02 23:57:56 --> Session: Class initialized using 'CodeIgniter\Session\Handlers\FileHandler' driver.
INFO - 2023-05-02 23:59:28 --> Session: Class initialized using 'CodeIgniter\Session\Handlers\FileHandler' driver.
